Using Spark's default log4j profile: org/apache/spark/log4j-defaults.properties
17/10/26 00:56:15 INFO SparkContext: Running Spark version 1.5.2
17/10/26 00:56:15 WARN NativeCodeLoader: Unable to load native-hadoop library for your platform... using builtin-java classes where applicable
17/10/26 00:56:15 INFO SecurityManager: Changing view acls to: vparekh
17/10/26 00:56:15 INFO SecurityManager: Changing modify acls to: vparekh
17/10/26 00:56:15 INFO SecurityManager: SecurityManager: authentication disabled; ui acls disabled; users with view permissions: Set(vparekh); users with modify permissions: Set(vparekh)
17/10/26 00:56:16 INFO Slf4jLogger: Slf4jLogger started
17/10/26 00:56:16 INFO Remoting: Starting remoting
17/10/26 00:56:16 INFO Remoting: Remoting started; listening on addresses :[akka.tcp://sparkDriver@198.202.112.71:46644]
17/10/26 00:56:16 INFO Utils: Successfully started service 'sparkDriver' on port 46644.
17/10/26 00:56:16 INFO SparkEnv: Registering MapOutputTracker
17/10/26 00:56:16 INFO SparkEnv: Registering BlockManagerMaster
17/10/26 00:56:16 INFO DiskBlockManager: Created local directory at /tmp/blockmgr-ad6840da-140e-4e55-8d4e-c47b4f4d4a68
17/10/26 00:56:16 INFO MemoryStore: MemoryStore started with capacity 530.0 MB
17/10/26 00:56:17 INFO HttpFileServer: HTTP File server directory is /tmp/spark-73645e69-e18b-4466-9641-221ac928e7e8/httpd-2ead8b6e-3e4f-4480-ada8-e12bb3a7b1ef
17/10/26 00:56:17 INFO HttpServer: Starting HTTP Server
17/10/26 00:56:17 INFO Utils: Successfully started service 'HTTP file server' on port 43022.
17/10/26 00:56:17 INFO SparkEnv: Registering OutputCommitCoordinator
17/10/26 00:56:17 INFO Utils: Successfully started service 'SparkUI' on port 4040.
17/10/26 00:56:17 INFO SparkUI: Started SparkUI at http://198.202.112.71:4040
17/10/26 00:56:17 INFO SparkContext: Added JAR file:/home/vparekh/project3/multiply.jar at http://198.202.112.71:43022/jars/multiply.jar with timestamp 1509004577565
17/10/26 00:56:17 WARN MetricsSystem: Using default name DAGScheduler for source because spark.app.id is not set.
17/10/26 00:56:17 INFO Executor: Starting executor ID driver on host localhost
17/10/26 00:56:18 INFO Utils: Successfully started service 'org.apache.spark.network.netty.NettyBlockTransferService' on port 44024.
17/10/26 00:56:18 INFO NettyBlockTransferService: Server created on 44024
17/10/26 00:56:18 INFO BlockManagerMaster: Trying to register BlockManager
17/10/26 00:56:18 INFO BlockManagerMasterEndpoint: Registering block manager localhost:44024 with 530.0 MB RAM, BlockManagerId(driver, localhost, 44024)
17/10/26 00:56:18 INFO BlockManagerMaster: Registered BlockManager
17/10/26 00:56:19 INFO MemoryStore: ensureFreeSpace(120040) called with curMem=0, maxMem=555755765
17/10/26 00:56:19 INFO MemoryStore: Block broadcast_0 stored as values in memory (estimated size 117.2 KB, free 529.9 MB)
17/10/26 00:56:19 INFO MemoryStore: ensureFreeSpace(12673) called with curMem=120040, maxMem=555755765
17/10/26 00:56:19 INFO MemoryStore: Block broadcast_0_piece0 stored as bytes in memory (estimated size 12.4 KB, free 529.9 MB)
17/10/26 00:56:19 INFO BlockManagerInfo: Added broadcast_0_piece0 in memory on localhost:44024 (size: 12.4 KB, free: 530.0 MB)
17/10/26 00:56:19 INFO SparkContext: Created broadcast 0 from textFile at Multiply.scala:11
17/10/26 00:56:19 INFO MemoryStore: ensureFreeSpace(120080) called with curMem=132713, maxMem=555755765
17/10/26 00:56:19 INFO MemoryStore: Block broadcast_1 stored as values in memory (estimated size 117.3 KB, free 529.8 MB)
17/10/26 00:56:19 INFO MemoryStore: ensureFreeSpace(12673) called with curMem=252793, maxMem=555755765
17/10/26 00:56:19 INFO MemoryStore: Block broadcast_1_piece0 stored as bytes in memory (estimated size 12.4 KB, free 529.8 MB)
17/10/26 00:56:19 INFO BlockManagerInfo: Added broadcast_1_piece0 in memory on localhost:44024 (size: 12.4 KB, free: 530.0 MB)
17/10/26 00:56:19 INFO SparkContext: Created broadcast 1 from textFile at Multiply.scala:13
17/10/26 00:56:19 INFO FileInputFormat: Total input paths to process : 1
17/10/26 00:56:19 INFO FileInputFormat: Total input paths to process : 1
17/10/26 00:56:19 INFO SparkContext: Starting job: collect at Multiply.scala:21
17/10/26 00:56:19 INFO DAGScheduler: Registering RDD 7 (map at Multiply.scala:15)
17/10/26 00:56:19 INFO DAGScheduler: Registering RDD 6 (map at Multiply.scala:15)
17/10/26 00:56:19 INFO DAGScheduler: Registering RDD 11 (map at Multiply.scala:16)
17/10/26 00:56:19 INFO DAGScheduler: Registering RDD 12 (reduceByKey at Multiply.scala:19)
17/10/26 00:56:19 INFO DAGScheduler: Got job 0 (collect at Multiply.scala:21) with 1 output partitions
17/10/26 00:56:19 INFO DAGScheduler: Final stage: ResultStage 4(collect at Multiply.scala:21)
17/10/26 00:56:19 INFO DAGScheduler: Parents of final stage: List(ShuffleMapStage 3)
17/10/26 00:56:19 INFO DAGScheduler: Missing parents: List(ShuffleMapStage 3)
17/10/26 00:56:19 INFO DAGScheduler: Submitting ShuffleMapStage 0 (MapPartitionsRDD[7] at map at Multiply.scala:15), which has no missing parents
17/10/26 00:56:19 INFO MemoryStore: ensureFreeSpace(3728) called with curMem=265466, maxMem=555755765
17/10/26 00:56:19 INFO MemoryStore: Block broadcast_2 stored as values in memory (estimated size 3.6 KB, free 529.8 MB)
17/10/26 00:56:19 INFO MemoryStore: ensureFreeSpace(2168) called with curMem=269194, maxMem=555755765
17/10/26 00:56:19 INFO MemoryStore: Block broadcast_2_piece0 stored as bytes in memory (estimated size 2.1 KB, free 529.8 MB)
17/10/26 00:56:19 INFO BlockManagerInfo: Added broadcast_2_piece0 in memory on localhost:44024 (size: 2.1 KB, free: 530.0 MB)
17/10/26 00:56:19 INFO SparkContext: Created broadcast 2 from broadcast at DAGScheduler.scala:861
17/10/26 00:56:19 INFO DAGScheduler: Submitting 2 missing tasks from ShuffleMapStage 0 (MapPartitionsRDD[7] at map at Multiply.scala:15)
17/10/26 00:56:19 INFO TaskSchedulerImpl: Adding task set 0.0 with 2 tasks
17/10/26 00:56:19 INFO DAGScheduler: Submitting ShuffleMapStage 1 (MapPartitionsRDD[6] at map at Multiply.scala:15), which has no missing parents
17/10/26 00:56:19 INFO MemoryStore: ensureFreeSpace(3728) called with curMem=271362, maxMem=555755765
17/10/26 00:56:19 INFO MemoryStore: Block broadcast_3 stored as values in memory (estimated size 3.6 KB, free 529.7 MB)
17/10/26 00:56:19 INFO MemoryStore: ensureFreeSpace(2167) called with curMem=275090, maxMem=555755765
17/10/26 00:56:19 INFO MemoryStore: Block broadcast_3_piece0 stored as bytes in memory (estimated size 2.1 KB, free 529.7 MB)
17/10/26 00:56:19 INFO BlockManagerInfo: Added broadcast_3_piece0 in memory on localhost:44024 (size: 2.1 KB, free: 530.0 MB)
17/10/26 00:56:19 INFO SparkContext: Created broadcast 3 from broadcast at DAGScheduler.scala:861
17/10/26 00:56:19 INFO DAGScheduler: Submitting 2 missing tasks from ShuffleMapStage 1 (MapPartitionsRDD[6] at map at Multiply.scala:15)
17/10/26 00:56:19 INFO TaskSchedulerImpl: Adding task set 1.0 with 2 tasks
17/10/26 00:56:19 INFO TaskSetManager: Starting task 0.0 in stage 0.0 (TID 0, localhost, PROCESS_LOCAL, 2199 bytes)
17/10/26 00:56:19 INFO TaskSetManager: Starting task 1.0 in stage 0.0 (TID 1, localhost, PROCESS_LOCAL, 2199 bytes)
17/10/26 00:56:19 INFO Executor: Running task 0.0 in stage 0.0 (TID 0)
17/10/26 00:56:19 INFO Executor: Fetching http://198.202.112.71:43022/jars/multiply.jar with timestamp 1509004577565
17/10/26 00:56:19 INFO Executor: Running task 1.0 in stage 0.0 (TID 1)
17/10/26 00:56:19 INFO Utils: Fetching http://198.202.112.71:43022/jars/multiply.jar to /tmp/spark-73645e69-e18b-4466-9641-221ac928e7e8/userFiles-38a5f700-bf5f-4457-80b7-03b77677c1c4/fetchFileTemp2241344144639945213.tmp
17/10/26 00:56:19 INFO Executor: Adding file:/tmp/spark-73645e69-e18b-4466-9641-221ac928e7e8/userFiles-38a5f700-bf5f-4457-80b7-03b77677c1c4/multiply.jar to class loader
17/10/26 00:56:19 INFO HadoopRDD: Input split: file:/home/vparekh/project3/N-matrix-small.txt:33+34
17/10/26 00:56:19 INFO deprecation: mapred.tip.id is deprecated. Instead, use mapreduce.task.id
17/10/26 00:56:19 INFO deprecation: mapred.task.id is deprecated. Instead, use mapreduce.task.attempt.id
17/10/26 00:56:19 INFO deprecation: mapred.task.is.map is deprecated. Instead, use mapreduce.task.ismap
17/10/26 00:56:19 INFO deprecation: mapred.task.partition is deprecated. Instead, use mapreduce.task.partition
17/10/26 00:56:19 INFO HadoopRDD: Input split: file:/home/vparekh/project3/N-matrix-small.txt:0+33
17/10/26 00:56:19 INFO deprecation: mapred.job.id is deprecated. Instead, use mapreduce.job.id
17/10/26 00:56:20 INFO Executor: Finished task 0.0 in stage 0.0 (TID 0). 2254 bytes result sent to driver
17/10/26 00:56:20 INFO Executor: Finished task 1.0 in stage 0.0 (TID 1). 2254 bytes result sent to driver
17/10/26 00:56:20 INFO TaskSetManager: Starting task 0.0 in stage 1.0 (TID 2, localhost, PROCESS_LOCAL, 2199 bytes)
17/10/26 00:56:20 INFO Executor: Running task 0.0 in stage 1.0 (TID 2)
17/10/26 00:56:20 INFO TaskSetManager: Starting task 1.0 in stage 1.0 (TID 3, localhost, PROCESS_LOCAL, 2199 bytes)
17/10/26 00:56:20 INFO Executor: Running task 1.0 in stage 1.0 (TID 3)
17/10/26 00:56:20 INFO HadoopRDD: Input split: file:/home/vparekh/project3/M-matrix-small.txt:46+46
17/10/26 00:56:20 INFO TaskSetManager: Finished task 1.0 in stage 0.0 (TID 1) in 283 ms on localhost (1/2)
17/10/26 00:56:20 INFO DAGScheduler: ShuffleMapStage 0 (map at Multiply.scala:15) finished in 0.348 s
17/10/26 00:56:20 INFO DAGScheduler: looking for newly runnable stages
17/10/26 00:56:20 INFO DAGScheduler: running: Set(ShuffleMapStage 1)
17/10/26 00:56:20 INFO DAGScheduler: waiting: Set(ShuffleMapStage 2, ShuffleMapStage 3, ResultStage 4)
17/10/26 00:56:20 INFO DAGScheduler: failed: Set()
17/10/26 00:56:20 INFO DAGScheduler: Missing parents for ShuffleMapStage 2: List(ShuffleMapStage 1)
17/10/26 00:56:20 INFO DAGScheduler: Missing parents for ShuffleMapStage 3: List(ShuffleMapStage 2)
17/10/26 00:56:20 INFO DAGScheduler: Missing parents for ResultStage 4: List(ShuffleMapStage 3)
17/10/26 00:56:20 INFO HadoopRDD: Input split: file:/home/vparekh/project3/M-matrix-small.txt:0+46
17/10/26 00:56:20 INFO TaskSetManager: Finished task 0.0 in stage 0.0 (TID 0) in 338 ms on localhost (2/2)
17/10/26 00:56:20 INFO TaskSchedulerImpl: Removed TaskSet 0.0, whose tasks have all completed, from pool 
17/10/26 00:56:20 INFO Executor: Finished task 0.0 in stage 1.0 (TID 2). 2254 bytes result sent to driver
17/10/26 00:56:20 INFO Executor: Finished task 1.0 in stage 1.0 (TID 3). 2254 bytes result sent to driver
17/10/26 00:56:20 INFO TaskSetManager: Finished task 1.0 in stage 1.0 (TID 3) in 70 ms on localhost (1/2)
17/10/26 00:56:20 INFO DAGScheduler: ShuffleMapStage 1 (map at Multiply.scala:15) finished in 0.348 s
17/10/26 00:56:20 INFO DAGScheduler: looking for newly runnable stages
17/10/26 00:56:20 INFO DAGScheduler: running: Set()
17/10/26 00:56:20 INFO DAGScheduler: waiting: Set(ShuffleMapStage 2, ShuffleMapStage 3, ResultStage 4)
17/10/26 00:56:20 INFO DAGScheduler: failed: Set()
17/10/26 00:56:20 INFO DAGScheduler: Missing parents for ShuffleMapStage 2: List()
17/10/26 00:56:20 INFO DAGScheduler: Missing parents for ShuffleMapStage 3: List(ShuffleMapStage 2)
17/10/26 00:56:20 INFO DAGScheduler: Missing parents for ResultStage 4: List(ShuffleMapStage 3)
17/10/26 00:56:20 INFO DAGScheduler: Submitting ShuffleMapStage 2 (MapPartitionsRDD[11] at map at Multiply.scala:16), which is now runnable
17/10/26 00:56:20 INFO TaskSetManager: Finished task 0.0 in stage 1.0 (TID 2) in 81 ms on localhost (2/2)
17/10/26 00:56:20 INFO TaskSchedulerImpl: Removed TaskSet 1.0, whose tasks have all completed, from pool 
17/10/26 00:56:20 INFO MemoryStore: ensureFreeSpace(3072) called with curMem=277257, maxMem=555755765
17/10/26 00:56:20 INFO MemoryStore: Block broadcast_4 stored as values in memory (estimated size 3.0 KB, free 529.7 MB)
17/10/26 00:56:20 INFO MemoryStore: ensureFreeSpace(1671) called with curMem=280329, maxMem=555755765
17/10/26 00:56:20 INFO MemoryStore: Block broadcast_4_piece0 stored as bytes in memory (estimated size 1671.0 B, free 529.7 MB)
17/10/26 00:56:20 INFO BlockManagerInfo: Added broadcast_4_piece0 in memory on localhost:44024 (size: 1671.0 B, free: 530.0 MB)
17/10/26 00:56:20 INFO SparkContext: Created broadcast 4 from broadcast at DAGScheduler.scala:861
17/10/26 00:56:20 INFO DAGScheduler: Submitting 2 missing tasks from ShuffleMapStage 2 (MapPartitionsRDD[11] at map at Multiply.scala:16)
17/10/26 00:56:20 INFO TaskSchedulerImpl: Adding task set 2.0 with 2 tasks
17/10/26 00:56:20 INFO TaskSetManager: Starting task 0.0 in stage 2.0 (TID 4, localhost, PROCESS_LOCAL, 2018 bytes)
17/10/26 00:56:20 INFO TaskSetManager: Starting task 1.0 in stage 2.0 (TID 5, localhost, PROCESS_LOCAL, 2018 bytes)
17/10/26 00:56:20 INFO Executor: Running task 0.0 in stage 2.0 (TID 4)
17/10/26 00:56:20 INFO Executor: Running task 1.0 in stage 2.0 (TID 5)
17/10/26 00:56:20 INFO ShuffleBlockFetcherIterator: Getting 2 non-empty blocks out of 2 blocks
17/10/26 00:56:20 INFO ShuffleBlockFetcherIterator: Started 0 remote fetches in 4 ms
17/10/26 00:56:20 INFO ShuffleBlockFetcherIterator: Getting 2 non-empty blocks out of 2 blocks
17/10/26 00:56:20 INFO ShuffleBlockFetcherIterator: Started 0 remote fetches in 1 ms
17/10/26 00:56:20 INFO ShuffleBlockFetcherIterator: Getting 2 non-empty blocks out of 2 blocks
17/10/26 00:56:20 INFO ShuffleBlockFetcherIterator: Started 0 remote fetches in 3 ms
17/10/26 00:56:20 INFO ShuffleBlockFetcherIterator: Getting 2 non-empty blocks out of 2 blocks
17/10/26 00:56:20 INFO ShuffleBlockFetcherIterator: Started 0 remote fetches in 0 ms
17/10/26 00:56:20 INFO Executor: Finished task 0.0 in stage 2.0 (TID 4). 1375 bytes result sent to driver
17/10/26 00:56:20 INFO Executor: Finished task 1.0 in stage 2.0 (TID 5). 1375 bytes result sent to driver
17/10/26 00:56:20 INFO TaskSetManager: Finished task 0.0 in stage 2.0 (TID 4) in 84 ms on localhost (1/2)
17/10/26 00:56:20 INFO TaskSetManager: Finished task 1.0 in stage 2.0 (TID 5) in 86 ms on localhost (2/2)
17/10/26 00:56:20 INFO TaskSchedulerImpl: Removed TaskSet 2.0, whose tasks have all completed, from pool 
17/10/26 00:56:20 INFO DAGScheduler: ShuffleMapStage 2 (map at Multiply.scala:16) finished in 0.076 s
17/10/26 00:56:20 INFO DAGScheduler: looking for newly runnable stages
17/10/26 00:56:20 INFO DAGScheduler: running: Set()
17/10/26 00:56:20 INFO DAGScheduler: waiting: Set(ShuffleMapStage 3, ResultStage 4)
17/10/26 00:56:20 INFO DAGScheduler: failed: Set()
17/10/26 00:56:20 INFO DAGScheduler: Missing parents for ShuffleMapStage 3: List()
17/10/26 00:56:20 INFO DAGScheduler: Missing parents for ResultStage 4: List(ShuffleMapStage 3)
17/10/26 00:56:20 INFO DAGScheduler: Submitting ShuffleMapStage 3 (ShuffledRDD[12] at reduceByKey at Multiply.scala:19), which is now runnable
17/10/26 00:56:20 INFO MemoryStore: ensureFreeSpace(2656) called with curMem=282000, maxMem=555755765
17/10/26 00:56:20 INFO MemoryStore: Block broadcast_5 stored as values in memory (estimated size 2.6 KB, free 529.7 MB)
17/10/26 00:56:20 INFO MemoryStore: ensureFreeSpace(1606) called with curMem=284656, maxMem=555755765
17/10/26 00:56:20 INFO MemoryStore: Block broadcast_5_piece0 stored as bytes in memory (estimated size 1606.0 B, free 529.7 MB)
17/10/26 00:56:20 INFO BlockManagerInfo: Added broadcast_5_piece0 in memory on localhost:44024 (size: 1606.0 B, free: 530.0 MB)
17/10/26 00:56:20 INFO SparkContext: Created broadcast 5 from broadcast at DAGScheduler.scala:861
17/10/26 00:56:20 INFO DAGScheduler: Submitting 2 missing tasks from ShuffleMapStage 3 (ShuffledRDD[12] at reduceByKey at Multiply.scala:19)
17/10/26 00:56:20 INFO TaskSchedulerImpl: Adding task set 3.0 with 2 tasks
17/10/26 00:56:20 INFO TaskSetManager: Starting task 0.0 in stage 3.0 (TID 6, localhost, PROCESS_LOCAL, 1945 bytes)
17/10/26 00:56:20 INFO TaskSetManager: Starting task 1.0 in stage 3.0 (TID 7, localhost, PROCESS_LOCAL, 1945 bytes)
17/10/26 00:56:20 INFO Executor: Running task 0.0 in stage 3.0 (TID 6)
17/10/26 00:56:20 INFO ShuffleBlockFetcherIterator: Getting 2 non-empty blocks out of 2 blocks
17/10/26 00:56:20 INFO ShuffleBlockFetcherIterator: Started 0 remote fetches in 0 ms
17/10/26 00:56:20 INFO Executor: Finished task 0.0 in stage 3.0 (TID 6). 1374 bytes result sent to driver
17/10/26 00:56:20 INFO TaskSetManager: Finished task 0.0 in stage 3.0 (TID 6) in 9 ms on localhost (1/2)
17/10/26 00:56:20 INFO Executor: Running task 1.0 in stage 3.0 (TID 7)
17/10/26 00:56:20 INFO ShuffleBlockFetcherIterator: Getting 2 non-empty blocks out of 2 blocks
17/10/26 00:56:20 INFO ShuffleBlockFetcherIterator: Started 0 remote fetches in 0 ms
17/10/26 00:56:20 INFO Executor: Finished task 1.0 in stage 3.0 (TID 7). 1374 bytes result sent to driver
17/10/26 00:56:20 INFO TaskSetManager: Finished task 1.0 in stage 3.0 (TID 7) in 15 ms on localhost (2/2)
17/10/26 00:56:20 INFO TaskSchedulerImpl: Removed TaskSet 3.0, whose tasks have all completed, from pool 
17/10/26 00:56:20 INFO DAGScheduler: ShuffleMapStage 3 (reduceByKey at Multiply.scala:19) finished in 0.015 s
17/10/26 00:56:20 INFO DAGScheduler: looking for newly runnable stages
17/10/26 00:56:20 INFO DAGScheduler: running: Set()
17/10/26 00:56:20 INFO DAGScheduler: waiting: Set(ResultStage 4)
17/10/26 00:56:20 INFO DAGScheduler: failed: Set()
17/10/26 00:56:20 INFO DAGScheduler: Missing parents for ResultStage 4: List()
17/10/26 00:56:20 INFO DAGScheduler: Submitting ResultStage 4 (ShuffledRDD[13] at sortByKey at Multiply.scala:20), which is now runnable
17/10/26 00:56:20 INFO MemoryStore: ensureFreeSpace(2552) called with curMem=286262, maxMem=555755765
17/10/26 00:56:20 INFO MemoryStore: Block broadcast_6 stored as values in memory (estimated size 2.5 KB, free 529.7 MB)
17/10/26 00:56:20 INFO MemoryStore: ensureFreeSpace(1497) called with curMem=288814, maxMem=555755765
17/10/26 00:56:20 INFO MemoryStore: Block broadcast_6_piece0 stored as bytes in memory (estimated size 1497.0 B, free 529.7 MB)
17/10/26 00:56:20 INFO BlockManagerInfo: Added broadcast_6_piece0 in memory on localhost:44024 (size: 1497.0 B, free: 530.0 MB)
17/10/26 00:56:20 INFO SparkContext: Created broadcast 6 from broadcast at DAGScheduler.scala:861
17/10/26 00:56:20 INFO DAGScheduler: Submitting 1 missing tasks from ResultStage 4 (ShuffledRDD[13] at sortByKey at Multiply.scala:20)
17/10/26 00:56:20 INFO TaskSchedulerImpl: Adding task set 4.0 with 1 tasks
17/10/26 00:56:20 INFO TaskSetManager: Starting task 0.0 in stage 4.0 (TID 8, localhost, PROCESS_LOCAL, 1956 bytes)
17/10/26 00:56:20 INFO Executor: Running task 0.0 in stage 4.0 (TID 8)
17/10/26 00:56:20 INFO ShuffleBlockFetcherIterator: Getting 2 non-empty blocks out of 2 blocks
17/10/26 00:56:20 INFO ShuffleBlockFetcherIterator: Started 0 remote fetches in 0 ms
17/10/26 00:56:20 INFO Executor: Finished task 0.0 in stage 4.0 (TID 8). 1780 bytes result sent to driver
17/10/26 00:56:20 INFO TaskSetManager: Finished task 0.0 in stage 4.0 (TID 8) in 35 ms on localhost (1/1)
17/10/26 00:56:20 INFO TaskSchedulerImpl: Removed TaskSet 4.0, whose tasks have all completed, from pool 
17/10/26 00:56:20 INFO DAGScheduler: ResultStage 4 (collect at Multiply.scala:21) finished in 0.043 s
17/10/26 00:56:20 INFO DAGScheduler: Job 0 finished: collect at Multiply.scala:21, took 0.687458 s
((0,0),7.0)
((0,1),-43.0)
((0,2),1.0)
((1,0),45.0)
((1,1),-9.0)
((1,2),1.0)
((2,0),59.0)
((2,1),21.0)
((2,2),-1.0)
((3,0),49.0)
((3,1),56.0)
((3,2),0.0)
17/10/26 00:56:20 INFO SparkUI: Stopped Spark web UI at http://198.202.112.71:4040
17/10/26 00:56:20 INFO DAGScheduler: Stopping DAGScheduler
17/10/26 00:56:20 INFO MapOutputTrackerMasterEndpoint: MapOutputTrackerMasterEndpoint stopped!
17/10/26 00:56:20 INFO MemoryStore: MemoryStore cleared
17/10/26 00:56:20 INFO BlockManager: BlockManager stopped
17/10/26 00:56:20 INFO BlockManagerMaster: BlockManagerMaster stopped
17/10/26 00:56:20 INFO SparkContext: Successfully stopped SparkContext
17/10/26 00:56:20 INFO OutputCommitCoordinator$OutputCommitCoordinatorEndpoint: OutputCommitCoordinator stopped!
17/10/26 00:56:20 INFO ShutdownHookManager: Shutdown hook called
17/10/26 00:56:20 INFO ShutdownHookManager: Deleting directory /tmp/spark-73645e69-e18b-4466-9641-221ac928e7e8
