myHadoop: Setting MH_IPOIB_TRANSFORM='s/\([^.]*\).*$/\1.ibnet/' from myhadoop.conf
myHadoop: Setting MH_SCRATCH_DIR=/scratch/$USER/$SLURM_JOBID from myhadoop.conf
myHadoop: Using HADOOP_HOME=/opt/hadoop/2.6.0
myHadoop: Using MH_SCRATCH_DIR=/scratch/vparekh/11898478
myHadoop: Using JAVA_HOME=/usr/java/latest
myHadoop: Generating Hadoop configuration in directory in /home/vparekh/cometcluster...
myHadoop: Backing up old config dir to /home/vparekh/cometcluster.3...
`/home/vparekh/cometcluster' -> `/home/vparekh/cometcluster.3'
myHadoop: Designating comet-15-11.ibnet as master node (namenode, secondary namenode, and jobtracker)
myHadoop: The following nodes will be slaves (datanode, tasktracer):
comet-15-11.ibnet
comet-15-12.ibnet
comet-15-37.ibnet
17/10/17 01:11:21 INFO namenode.NameNode: STARTUP_MSG: 
/************************************************************
STARTUP_MSG: Starting NameNode
STARTUP_MSG:   host = comet-15-11.sdsc.edu/198.202.116.251
STARTUP_MSG:   args = [-format]
STARTUP_MSG:   version = 2.6.0
STARTUP_MSG:   classpath = /home/vparekh/cometcluster:/opt/hadoop/2.6.0/share/hadoop/common/lib/slf4j-log4j12-1.7.5.jar:/opt/hadoop/2.6.0/share/hadoop/common/lib/curator-recipes-2.6.0.jar:/opt/hadoop/2.6.0/share/hadoop/common/lib/gson-2.2.4.jar:/opt/hadoop/2.6.0/share/hadoop/common/lib/jackson-jaxrs-1.9.13.jar:/opt/hadoop/2.6.0/share/hadoop/common/lib/protobuf-java-2.5.0.jar:/opt/hadoop/2.6.0/share/hadoop/common/lib/api-asn1-api-1.0.0-M20.jar:/opt/hadoop/2.6.0/share/hadoop/common/lib/jackson-core-asl-1.9.13.jar:/opt/hadoop/2.6.0/share/hadoop/common/lib/commons-lang-2.6.jar:/opt/hadoop/2.6.0/share/hadoop/common/lib/jsp-api-2.1.jar:/opt/hadoop/2.6.0/share/hadoop/common/lib/xmlenc-0.52.jar:/opt/hadoop/2.6.0/share/hadoop/common/lib/commons-codec-1.4.jar:/opt/hadoop/2.6.0/share/hadoop/common/lib/jasper-compiler-5.5.23.jar:/opt/hadoop/2.6.0/share/hadoop/common/lib/jettison-1.1.jar:/opt/hadoop/2.6.0/share/hadoop/common/lib/commons-math3-3.1.1.jar:/opt/hadoop/2.6.0/share/hadoop/common/lib/commons-logging-1.1.3.jar:/opt/hadoop/2.6.0/share/hadoop/common/lib/commons-httpclient-3.1.jar:/opt/hadoop/2.6.0/share/hadoop/common/lib/apacheds-kerberos-codec-2.0.0-M15.jar:/opt/hadoop/2.6.0/share/hadoop/common/lib/commons-beanutils-1.7.0.jar:/opt/hadoop/2.6.0/share/hadoop/common/lib/paranamer-2.3.jar:/opt/hadoop/2.6.0/share/hadoop/common/lib/java-xmlbuilder-0.4.jar:/opt/hadoop/2.6.0/share/hadoop/common/lib/jackson-mapper-asl-1.9.13.jar:/opt/hadoop/2.6.0/share/hadoop/common/lib/junit-4.11.jar:/opt/hadoop/2.6.0/share/hadoop/common/lib/commons-beanutils-core-1.8.0.jar:/opt/hadoop/2.6.0/share/hadoop/common/lib/stax-api-1.0-2.jar:/opt/hadoop/2.6.0/share/hadoop/common/lib/jetty-util-6.1.26.jar:/opt/hadoop/2.6.0/share/hadoop/common/lib/xz-1.0.jar:/opt/hadoop/2.6.0/share/hadoop/common/lib/curator-framework-2.6.0.jar:/opt/hadoop/2.6.0/share/hadoop/common/lib/htrace-core-3.0.4.jar:/opt/hadoop/2.6.0/share/hadoop/common/lib/jetty-6.1.26.jar:/opt/hadoop/2.6.0/share/hadoop/common/lib/httpclient-4.2.5.jar:/opt/hadoop/2.6.0/share/hadoop/common/lib/zookeeper-3.4.6.jar:/opt/hadoop/2.6.0/share/hadoop/common/lib/mockito-all-1.8.5.jar:/opt/hadoop/2.6.0/share/hadoop/common/lib/apacheds-i18n-2.0.0-M15.jar:/opt/hadoop/2.6.0/share/hadoop/common/lib/commons-el-1.0.jar:/opt/hadoop/2.6.0/share/hadoop/common/lib/hamcrest-core-1.3.jar:/opt/hadoop/2.6.0/share/hadoop/common/lib/jaxb-api-2.2.2.jar:/opt/hadoop/2.6.0/share/hadoop/common/lib/curator-client-2.6.0.jar:/opt/hadoop/2.6.0/share/hadoop/common/lib/avro-1.7.4.jar:/opt/hadoop/2.6.0/share/hadoop/common/lib/commons-net-3.1.jar:/opt/hadoop/2.6.0/share/hadoop/common/lib/commons-cli-1.2.jar:/opt/hadoop/2.6.0/share/hadoop/common/lib/jersey-json-1.9.jar:/opt/hadoop/2.6.0/share/hadoop/common/lib/activation-1.1.jar:/opt/hadoop/2.6.0/share/hadoop/common/lib/guava-11.0.2.jar:/opt/hadoop/2.6.0/share/hadoop/common/lib/commons-digester-1.8.jar:/opt/hadoop/2.6.0/share/hadoop/common/lib/jersey-server-1.9.jar:/opt/hadoop/2.6.0/share/hadoop/common/lib/servlet-api-2.5.jar:/opt/hadoop/2.6.0/share/hadoop/common/lib/snappy-java-1.0.4.1.jar:/opt/hadoop/2.6.0/share/hadoop/common/lib/jackson-xc-1.9.13.jar:/opt/hadoop/2.6.0/share/hadoop/common/lib/hadoop-annotations-2.6.0.jar:/opt/hadoop/2.6.0/share/hadoop/common/lib/hadoop-auth-2.6.0.jar:/opt/hadoop/2.6.0/share/hadoop/common/lib/jaxb-impl-2.2.3-1.jar:/opt/hadoop/2.6.0/share/hadoop/common/lib/asm-3.2.jar:/opt/hadoop/2.6.0/share/hadoop/common/lib/commons-compress-1.4.1.jar:/opt/hadoop/2.6.0/share/hadoop/common/lib/slf4j-api-1.7.5.jar:/opt/hadoop/2.6.0/share/hadoop/common/lib/jets3t-0.9.0.jar:/opt/hadoop/2.6.0/share/hadoop/common/lib/commons-collections-3.2.1.jar:/opt/hadoop/2.6.0/share/hadoop/common/lib/httpcore-4.2.5.jar:/opt/hadoop/2.6.0/share/hadoop/common/lib/jsch-0.1.42.jar:/opt/hadoop/2.6.0/share/hadoop/common/lib/netty-3.6.2.Final.jar:/opt/hadoop/2.6.0/share/hadoop/common/lib/api-util-1.0.0-M20.jar:/opt/hadoop/2.6.0/share/hadoop/common/lib/commons-configuration-1.6.jar:/opt/hadoop/2.6.0/share/hadoop/common/lib/log4j-1.2.17.jar:/opt/hadoop/2.6.0/share/hadoop/common/lib/jasper-runtime-5.5.23.jar:/opt/hadoop/2.6.0/share/hadoop/common/lib/jersey-core-1.9.jar:/opt/hadoop/2.6.0/share/hadoop/common/lib/jsr305-1.3.9.jar:/opt/hadoop/2.6.0/share/hadoop/common/lib/commons-io-2.4.jar:/opt/hadoop/2.6.0/share/hadoop/common/hadoop-common-2.6.0-tests.jar:/opt/hadoop/2.6.0/share/hadoop/common/hadoop-nfs-2.6.0.jar:/opt/hadoop/2.6.0/share/hadoop/common/hadoop-common-2.6.0.jar:/opt/hadoop/2.6.0/share/hadoop/hdfs:/opt/hadoop/2.6.0/share/hadoop/hdfs/lib/protobuf-java-2.5.0.jar:/opt/hadoop/2.6.0/share/hadoop/hdfs/lib/commons-daemon-1.0.13.jar:/opt/hadoop/2.6.0/share/hadoop/hdfs/lib/jackson-core-asl-1.9.13.jar:/opt/hadoop/2.6.0/share/hadoop/hdfs/lib/commons-lang-2.6.jar:/opt/hadoop/2.6.0/share/hadoop/hdfs/lib/jsp-api-2.1.jar:/opt/hadoop/2.6.0/share/hadoop/hdfs/lib/xmlenc-0.52.jar:/opt/hadoop/2.6.0/share/hadoop/hdfs/lib/commons-codec-1.4.jar:/opt/hadoop/2.6.0/share/hadoop/hdfs/lib/commons-logging-1.1.3.jar:/opt/hadoop/2.6.0/share/hadoop/hdfs/lib/jackson-mapper-asl-1.9.13.jar:/opt/hadoop/2.6.0/share/hadoop/hdfs/lib/xml-apis-1.3.04.jar:/opt/hadoop/2.6.0/share/hadoop/hdfs/lib/jetty-util-6.1.26.jar:/opt/hadoop/2.6.0/share/hadoop/hdfs/lib/htrace-core-3.0.4.jar:/opt/hadoop/2.6.0/share/hadoop/hdfs/lib/jetty-6.1.26.jar:/opt/hadoop/2.6.0/share/hadoop/hdfs/lib/commons-el-1.0.jar:/opt/hadoop/2.6.0/share/hadoop/hdfs/lib/commons-cli-1.2.jar:/opt/hadoop/2.6.0/share/hadoop/hdfs/lib/guava-11.0.2.jar:/opt/hadoop/2.6.0/share/hadoop/hdfs/lib/jersey-server-1.9.jar:/opt/hadoop/2.6.0/share/hadoop/hdfs/lib/servlet-api-2.5.jar:/opt/hadoop/2.6.0/share/hadoop/hdfs/lib/asm-3.2.jar:/opt/hadoop/2.6.0/share/hadoop/hdfs/lib/netty-3.6.2.Final.jar:/opt/hadoop/2.6.0/share/hadoop/hdfs/lib/log4j-1.2.17.jar:/opt/hadoop/2.6.0/share/hadoop/hdfs/lib/jasper-runtime-5.5.23.jar:/opt/hadoop/2.6.0/share/hadoop/hdfs/lib/xercesImpl-2.9.1.jar:/opt/hadoop/2.6.0/share/hadoop/hdfs/lib/jersey-core-1.9.jar:/opt/hadoop/2.6.0/share/hadoop/hdfs/lib/jsr305-1.3.9.jar:/opt/hadoop/2.6.0/share/hadoop/hdfs/lib/commons-io-2.4.jar:/opt/hadoop/2.6.0/share/hadoop/hdfs/hadoop-hdfs-2.6.0-tests.jar:/opt/hadoop/2.6.0/share/hadoop/hdfs/hadoop-hdfs-nfs-2.6.0.jar:/opt/hadoop/2.6.0/share/hadoop/hdfs/hadoop-hdfs-2.6.0.jar:/opt/hadoop/2.6.0/share/hadoop/yarn/lib/jackson-jaxrs-1.9.13.jar:/opt/hadoop/2.6.0/share/hadoop/yarn/lib/protobuf-java-2.5.0.jar:/opt/hadoop/2.6.0/share/hadoop/yarn/lib/jackson-core-asl-1.9.13.jar:/opt/hadoop/2.6.0/share/hadoop/yarn/lib/commons-lang-2.6.jar:/opt/hadoop/2.6.0/share/hadoop/yarn/lib/commons-codec-1.4.jar:/opt/hadoop/2.6.0/share/hadoop/yarn/lib/jettison-1.1.jar:/opt/hadoop/2.6.0/share/hadoop/yarn/lib/commons-logging-1.1.3.jar:/opt/hadoop/2.6.0/share/hadoop/yarn/lib/commons-httpclient-3.1.jar:/opt/hadoop/2.6.0/share/hadoop/yarn/lib/jackson-mapper-asl-1.9.13.jar:/opt/hadoop/2.6.0/share/hadoop/yarn/lib/jersey-guice-1.9.jar:/opt/hadoop/2.6.0/share/hadoop/yarn/lib/stax-api-1.0-2.jar:/opt/hadoop/2.6.0/share/hadoop/yarn/lib/jetty-util-6.1.26.jar:/opt/hadoop/2.6.0/share/hadoop/yarn/lib/xz-1.0.jar:/opt/hadoop/2.6.0/share/hadoop/yarn/lib/jetty-6.1.26.jar:/opt/hadoop/2.6.0/share/hadoop/yarn/lib/zookeeper-3.4.6.jar:/opt/hadoop/2.6.0/share/hadoop/yarn/lib/javax.inject-1.jar:/opt/hadoop/2.6.0/share/hadoop/yarn/lib/jline-0.9.94.jar:/opt/hadoop/2.6.0/share/hadoop/yarn/lib/jaxb-api-2.2.2.jar:/opt/hadoop/2.6.0/share/hadoop/yarn/lib/commons-cli-1.2.jar:/opt/hadoop/2.6.0/share/hadoop/yarn/lib/jersey-json-1.9.jar:/opt/hadoop/2.6.0/share/hadoop/yarn/lib/activation-1.1.jar:/opt/hadoop/2.6.0/share/hadoop/yarn/lib/guava-11.0.2.jar:/opt/hadoop/2.6.0/share/hadoop/yarn/lib/aopalliance-1.0.jar:/opt/hadoop/2.6.0/share/hadoop/yarn/lib/jersey-server-1.9.jar:/opt/hadoop/2.6.0/share/hadoop/yarn/lib/servlet-api-2.5.jar:/opt/hadoop/2.6.0/share/hadoop/yarn/lib/jackson-xc-1.9.13.jar:/opt/hadoop/2.6.0/share/hadoop/yarn/lib/jaxb-impl-2.2.3-1.jar:/opt/hadoop/2.6.0/share/hadoop/yarn/lib/guice-3.0.jar:/opt/hadoop/2.6.0/share/hadoop/yarn/lib/jersey-client-1.9.jar:/opt/hadoop/2.6.0/share/hadoop/yarn/lib/asm-3.2.jar:/opt/hadoop/2.6.0/share/hadoop/yarn/lib/commons-compress-1.4.1.jar:/opt/hadoop/2.6.0/share/hadoop/yarn/lib/commons-collections-3.2.1.jar:/opt/hadoop/2.6.0/share/hadoop/yarn/lib/netty-3.6.2.Final.jar:/opt/hadoop/2.6.0/share/hadoop/yarn/lib/log4j-1.2.17.jar:/opt/hadoop/2.6.0/share/hadoop/yarn/lib/leveldbjni-all-1.8.jar:/opt/hadoop/2.6.0/share/hadoop/yarn/lib/jersey-core-1.9.jar:/opt/hadoop/2.6.0/share/hadoop/yarn/lib/guice-servlet-3.0.jar:/opt/hadoop/2.6.0/share/hadoop/yarn/lib/jsr305-1.3.9.jar:/opt/hadoop/2.6.0/share/hadoop/yarn/lib/commons-io-2.4.jar:/opt/hadoop/2.6.0/share/hadoop/yarn/hadoop-yarn-registry-2.6.0.jar:/opt/hadoop/2.6.0/share/hadoop/yarn/hadoop-yarn-server-nodemanager-2.6.0.jar:/opt/hadoop/2.6.0/share/hadoop/yarn/hadoop-yarn-server-web-proxy-2.6.0.jar:/opt/hadoop/2.6.0/share/hadoop/yarn/hadoop-yarn-api-2.6.0.jar:/opt/hadoop/2.6.0/share/hadoop/yarn/hadoop-yarn-server-resourcemanager-2.6.0.jar:/opt/hadoop/2.6.0/share/hadoop/yarn/hadoop-yarn-server-common-2.6.0.jar:/opt/hadoop/2.6.0/share/hadoop/yarn/hadoop-yarn-server-applicationhistoryservice-2.6.0.jar:/opt/hadoop/2.6.0/share/hadoop/yarn/hadoop-yarn-common-2.6.0.jar:/opt/hadoop/2.6.0/share/hadoop/yarn/hadoop-yarn-server-tests-2.6.0.jar:/opt/hadoop/2.6.0/share/hadoop/yarn/hadoop-yarn-applications-unmanaged-am-launcher-2.6.0.jar:/opt/hadoop/2.6.0/share/hadoop/yarn/hadoop-yarn-client-2.6.0.jar:/opt/hadoop/2.6.0/share/hadoop/yarn/hadoop-yarn-applications-distributedshell-2.6.0.jar:/opt/hadoop/2.6.0/share/hadoop/mapreduce/lib/protobuf-java-2.5.0.jar:/opt/hadoop/2.6.0/share/hadoop/mapreduce/lib/jackson-core-asl-1.9.13.jar:/opt/hadoop/2.6.0/share/hadoop/mapreduce/lib/paranamer-2.3.jar:/opt/hadoop/2.6.0/share/hadoop/mapreduce/lib/jackson-mapper-asl-1.9.13.jar:/opt/hadoop/2.6.0/share/hadoop/mapreduce/lib/junit-4.11.jar:/opt/hadoop/2.6.0/share/hadoop/mapreduce/lib/jersey-guice-1.9.jar:/opt/hadoop/2.6.0/share/hadoop/mapreduce/lib/xz-1.0.jar:/opt/hadoop/2.6.0/share/hadoop/mapreduce/lib/javax.inject-1.jar:/opt/hadoop/2.6.0/share/hadoop/mapreduce/lib/hamcrest-core-1.3.jar:/opt/hadoop/2.6.0/share/hadoop/mapreduce/lib/avro-1.7.4.jar:/opt/hadoop/2.6.0/share/hadoop/mapreduce/lib/aopalliance-1.0.jar:/opt/hadoop/2.6.0/share/hadoop/mapreduce/lib/jersey-server-1.9.jar:/opt/hadoop/2.6.0/share/hadoop/mapreduce/lib/snappy-java-1.0.4.1.jar:/opt/hadoop/2.6.0/share/hadoop/mapreduce/lib/hadoop-annotations-2.6.0.jar:/opt/hadoop/2.6.0/share/hadoop/mapreduce/lib/guice-3.0.jar:/opt/hadoop/2.6.0/share/hadoop/mapreduce/lib/asm-3.2.jar:/opt/hadoop/2.6.0/share/hadoop/mapreduce/lib/commons-compress-1.4.1.jar:/opt/hadoop/2.6.0/share/hadoop/mapreduce/lib/netty-3.6.2.Final.jar:/opt/hadoop/2.6.0/share/hadoop/mapreduce/lib/log4j-1.2.17.jar:/opt/hadoop/2.6.0/share/hadoop/mapreduce/lib/leveldbjni-all-1.8.jar:/opt/hadoop/2.6.0/share/hadoop/mapreduce/lib/jersey-core-1.9.jar:/opt/hadoop/2.6.0/share/hadoop/mapreduce/lib/guice-servlet-3.0.jar:/opt/hadoop/2.6.0/share/hadoop/mapreduce/lib/commons-io-2.4.jar:/opt/hadoop/2.6.0/share/hadoop/mapreduce/hadoop-mapreduce-client-jobclient-2.6.0.jar:/opt/hadoop/2.6.0/share/hadoop/mapreduce/hadoop-mapreduce-client-core-2.6.0.jar:/opt/hadoop/2.6.0/share/hadoop/mapreduce/hadoop-mapreduce-client-common-2.6.0.jar:/opt/hadoop/2.6.0/share/hadoop/mapreduce/hadoop-mapreduce-client-jobclient-2.6.0-tests.jar:/opt/hadoop/2.6.0/share/hadoop/mapreduce/hadoop-mapreduce-client-hs-plugins-2.6.0.jar:/opt/hadoop/2.6.0/share/hadoop/mapreduce/hadoop-mapreduce-client-app-2.6.0.jar:/opt/hadoop/2.6.0/share/hadoop/mapreduce/hadoop-mapreduce-client-shuffle-2.6.0.jar:/opt/hadoop/2.6.0/share/hadoop/mapreduce/hadoop-mapreduce-client-hs-2.6.0.jar:/opt/hadoop/2.6.0/share/hadoop/mapreduce/hadoop-mapreduce-examples-2.6.0.jar:/opt/hadoop/2.6.0/contrib/capacity-scheduler/*.jar
STARTUP_MSG:   build = https://git-wip-us.apache.org/repos/asf/hadoop.git -r e3496499ecb8d220fba99dc5ed4c99c8f9e33bb1; compiled by 'jenkins' on 2014-11-13T21:10Z
STARTUP_MSG:   java = 1.8.0_60
************************************************************/
17/10/17 01:11:21 INFO namenode.NameNode: registered UNIX signal handlers for [TERM, HUP, INT]
17/10/17 01:11:21 INFO namenode.NameNode: createNameNode [-format]
17/10/17 01:11:21 WARN util.NativeCodeLoader: Unable to load native-hadoop library for your platform... using builtin-java classes where applicable
17/10/17 01:11:21 WARN common.Util: Path /scratch/vparekh/11898478/namenode_data should be specified as a URI in configuration files. Please update hdfs configuration.
17/10/17 01:11:21 WARN common.Util: Path /scratch/vparekh/11898478/namenode_data should be specified as a URI in configuration files. Please update hdfs configuration.
Formatting using clusterid: CID-94e9dc54-13b4-4def-acfe-56295901e291
17/10/17 01:11:21 INFO namenode.FSNamesystem: No KeyProvider found.
17/10/17 01:11:21 INFO namenode.FSNamesystem: fsLock is fair:true
17/10/17 01:11:21 INFO blockmanagement.DatanodeManager: dfs.block.invalidate.limit=1000
17/10/17 01:11:21 INFO blockmanagement.DatanodeManager: dfs.namenode.datanode.registration.ip-hostname-check=true
17/10/17 01:11:21 INFO blockmanagement.BlockManager: dfs.namenode.startup.delay.block.deletion.sec is set to 000:00:00:00.000
17/10/17 01:11:21 INFO blockmanagement.BlockManager: The block deletion will start around 2017 Oct 17 01:11:21
17/10/17 01:11:21 INFO util.GSet: Computing capacity for map BlocksMap
17/10/17 01:11:21 INFO util.GSet: VM type       = 64-bit
17/10/17 01:11:21 INFO util.GSet: 2.0% max memory 958.5 MB = 19.2 MB
17/10/17 01:11:21 INFO util.GSet: capacity      = 2^21 = 2097152 entries
17/10/17 01:11:21 INFO blockmanagement.BlockManager: dfs.block.access.token.enable=false
17/10/17 01:11:21 INFO blockmanagement.BlockManager: defaultReplication         = 3
17/10/17 01:11:21 INFO blockmanagement.BlockManager: maxReplication             = 512
17/10/17 01:11:21 INFO blockmanagement.BlockManager: minReplication             = 1
17/10/17 01:11:21 INFO blockmanagement.BlockManager: maxReplicationStreams      = 2
17/10/17 01:11:21 INFO blockmanagement.BlockManager: shouldCheckForEnoughRacks  = false
17/10/17 01:11:21 INFO blockmanagement.BlockManager: replicationRecheckInterval = 3000
17/10/17 01:11:21 INFO blockmanagement.BlockManager: encryptDataTransfer        = false
17/10/17 01:11:21 INFO blockmanagement.BlockManager: maxNumBlocksToLog          = 1000
17/10/17 01:11:21 INFO namenode.FSNamesystem: fsOwner             = vparekh (auth:SIMPLE)
17/10/17 01:11:21 INFO namenode.FSNamesystem: supergroup          = supergroup
17/10/17 01:11:21 INFO namenode.FSNamesystem: isPermissionEnabled = true
17/10/17 01:11:21 INFO namenode.FSNamesystem: HA Enabled: false
17/10/17 01:11:21 INFO namenode.FSNamesystem: Append Enabled: true
17/10/17 01:11:21 INFO util.GSet: Computing capacity for map INodeMap
17/10/17 01:11:21 INFO util.GSet: VM type       = 64-bit
17/10/17 01:11:21 INFO util.GSet: 1.0% max memory 958.5 MB = 9.6 MB
17/10/17 01:11:21 INFO util.GSet: capacity      = 2^20 = 1048576 entries
17/10/17 01:11:21 INFO namenode.NameNode: Caching file names occuring more than 10 times
17/10/17 01:11:21 INFO util.GSet: Computing capacity for map cachedBlocks
17/10/17 01:11:21 INFO util.GSet: VM type       = 64-bit
17/10/17 01:11:21 INFO util.GSet: 0.25% max memory 958.5 MB = 2.4 MB
17/10/17 01:11:21 INFO util.GSet: capacity      = 2^18 = 262144 entries
17/10/17 01:11:21 INFO namenode.FSNamesystem: dfs.namenode.safemode.threshold-pct = 0.9990000128746033
17/10/17 01:11:21 INFO namenode.FSNamesystem: dfs.namenode.safemode.min.datanodes = 0
17/10/17 01:11:21 INFO namenode.FSNamesystem: dfs.namenode.safemode.extension     = 30000
17/10/17 01:11:21 INFO namenode.FSNamesystem: Retry cache on namenode is enabled
17/10/17 01:11:21 INFO namenode.FSNamesystem: Retry cache will use 0.03 of total heap and retry cache entry expiry time is 600000 millis
17/10/17 01:11:21 INFO util.GSet: Computing capacity for map NameNodeRetryCache
17/10/17 01:11:21 INFO util.GSet: VM type       = 64-bit
17/10/17 01:11:21 INFO util.GSet: 0.029999999329447746% max memory 958.5 MB = 294.5 KB
17/10/17 01:11:21 INFO util.GSet: capacity      = 2^15 = 32768 entries
17/10/17 01:11:22 INFO namenode.NNConf: ACLs enabled? false
17/10/17 01:11:22 INFO namenode.NNConf: XAttrs enabled? true
17/10/17 01:11:22 INFO namenode.NNConf: Maximum size of an xattr: 16384
17/10/17 01:11:22 INFO namenode.FSImage: Allocated new BlockPoolId: BP-617671616-198.202.116.251-1508227882009
17/10/17 01:11:22 INFO common.Storage: Storage directory /scratch/vparekh/11898478/namenode_data has been successfully formatted.
17/10/17 01:11:22 INFO namenode.NNStorageRetentionManager: Going to retain 1 images with txid >= 0
17/10/17 01:11:22 INFO util.ExitUtil: Exiting with status 0
17/10/17 01:11:22 INFO namenode.NameNode: SHUTDOWN_MSG: 
/************************************************************
SHUTDOWN_MSG: Shutting down NameNode at comet-15-11.sdsc.edu/198.202.116.251
************************************************************/
17/10/17 01:11:22 WARN util.NativeCodeLoader: Unable to load native-hadoop library for your platform... using builtin-java classes where applicable
Starting namenodes on [comet-15-11.ibnet]
comet-15-11.ibnet: starting namenode, logging to /scratch/vparekh/11898478/logs/hadoop-vparekh-namenode-comet-15-11.sdsc.edu.out
comet-15-11.ibnet: starting datanode, logging to /scratch/vparekh/11898478/logs/hadoop-vparekh-datanode-comet-15-11.sdsc.edu.out
comet-15-37.ibnet: starting datanode, logging to /scratch/vparekh/11898478/logs/hadoop-vparekh-datanode-comet-15-37.sdsc.edu.out
comet-15-12.ibnet: starting datanode, logging to /scratch/vparekh/11898478/logs/hadoop-vparekh-datanode-comet-15-12.sdsc.edu.out
Starting secondary namenodes [comet-15-11.ibnet]
comet-15-11.ibnet: starting secondarynamenode, logging to /scratch/vparekh/11898478/logs/hadoop-vparekh-secondarynamenode-comet-15-11.sdsc.edu.out
17/10/17 01:11:37 WARN util.NativeCodeLoader: Unable to load native-hadoop library for your platform... using builtin-java classes where applicable
starting yarn daemons
starting resourcemanager, logging to /scratch/vparekh/11898478/logs/yarn-vparekh-resourcemanager-comet-15-11.out
comet-15-37.ibnet: starting nodemanager, logging to /scratch/vparekh/11898478/logs/yarn-vparekh-nodemanager-comet-15-37.sdsc.edu.out
comet-15-11.ibnet: starting nodemanager, logging to /scratch/vparekh/11898478/logs/yarn-vparekh-nodemanager-comet-15-11.sdsc.edu.out
comet-15-12.ibnet: starting nodemanager, logging to /scratch/vparekh/11898478/logs/yarn-vparekh-nodemanager-comet-15-12.sdsc.edu.out
17/10/17 01:11:40 WARN util.NativeCodeLoader: Unable to load native-hadoop library for your platform... using builtin-java classes where applicable
17/10/17 01:11:42 WARN util.NativeCodeLoader: Unable to load native-hadoop library for your platform... using builtin-java classes where applicable
17/10/17 01:11:43 WARN util.NativeCodeLoader: Unable to load native-hadoop library for your platform... using builtin-java classes where applicable
17/10/17 01:11:44 INFO client.RMProxy: Connecting to ResourceManager at comet-15-11.ibnet/10.22.252.76:8032
17/10/17 01:11:44 WARN mapreduce.JobSubmitter: Hadoop command-line option parsing not performed. Implement the Tool interface and execute your application with ToolRunner to remedy this.
17/10/17 01:11:44 INFO input.FileInputFormat: Total input paths to process : 1
17/10/17 01:11:45 INFO mapreduce.JobSubmitter: number of splits:1
17/10/17 01:11:45 INFO mapreduce.JobSubmitter: Submitting tokens for job: job_1508227898996_0001
17/10/17 01:11:45 INFO impl.YarnClientImpl: Submitted application application_1508227898996_0001
17/10/17 01:11:45 INFO mapreduce.Job: The url to track the job: http://comet-15-11.ibnet:8088/proxy/application_1508227898996_0001/
17/10/17 01:11:45 INFO mapreduce.Job: Running job: job_1508227898996_0001
17/10/17 01:11:51 INFO mapreduce.Job: Job job_1508227898996_0001 running in uber mode : false
17/10/17 01:11:51 INFO mapreduce.Job:  map 0% reduce 0%
17/10/17 01:11:56 INFO mapreduce.Job:  map 100% reduce 0%
17/10/17 01:12:01 INFO mapreduce.Job:  map 100% reduce 100%
17/10/17 01:12:01 INFO mapreduce.Job: Job job_1508227898996_0001 completed successfully
17/10/17 01:12:01 INFO mapreduce.Job: Counters: 49
	File System Counters
		FILE: Number of bytes read=13051432
		FILE: Number of bytes written=26313427
		FILE: Number of read operations=0
		FILE: Number of large read operations=0
		FILE: Number of write operations=0
		HDFS: Number of bytes read=7660495
		HDFS: Number of bytes written=13738827
		HDFS: Number of read operations=6
		HDFS: Number of large read operations=0
		HDFS: Number of write operations=2
	Job Counters 
		Launched map tasks=1
		Launched reduce tasks=1
		Data-local map tasks=1
		Total time spent by all maps in occupied slots (ms)=2826
		Total time spent by all reduces in occupied slots (ms)=2286
		Total time spent by all map tasks (ms)=2826
		Total time spent by all reduce tasks (ms)=2286
		Total vcore-seconds taken by all map tasks=2826
		Total vcore-seconds taken by all reduce tasks=2286
		Total megabyte-seconds taken by all map tasks=2893824
		Total megabyte-seconds taken by all reduce tasks=2340864
	Map-Reduce Framework
		Map input records=100000
		Map output records=100000
		Map output bytes=12807104
		Map output materialized bytes=13051432
		Input split bytes=124
		Combine input records=0
		Combine output records=0
		Reduce input groups=100000
		Reduce shuffle bytes=13051432
		Reduce input records=100000
		Reduce output records=100000
		Spilled Records=200000
		Shuffled Maps =1
		Failed Shuffles=0
		Merged Map outputs=1
		GC time elapsed (ms)=94
		CPU time spent (ms)=3980
		Physical memory (bytes) snapshot=493809664
		Virtual memory (bytes) snapshot=4356124672
		Total committed heap usage (bytes)=343932928
	Shuffle Errors
		BAD_ID=0
		CONNECTION=0
		IO_ERROR=0
		WRONG_LENGTH=0
		WRONG_MAP=0
		WRONG_REDUCE=0
	File Input Format Counters 
		Bytes Read=7660371
	File Output Format Counters 
		Bytes Written=13738827
17/10/17 01:12:01 INFO client.RMProxy: Connecting to ResourceManager at comet-15-11.ibnet/10.22.252.76:8032
17/10/17 01:12:01 WARN mapreduce.JobSubmitter: Hadoop command-line option parsing not performed. Implement the Tool interface and execute your application with ToolRunner to remedy this.
17/10/17 01:12:01 INFO input.FileInputFormat: Total input paths to process : 1
17/10/17 01:12:01 INFO mapreduce.JobSubmitter: number of splits:1
17/10/17 01:12:01 INFO mapreduce.JobSubmitter: Submitting tokens for job: job_1508227898996_0002
17/10/17 01:12:01 INFO impl.YarnClientImpl: Submitted application application_1508227898996_0002
17/10/17 01:12:01 INFO mapreduce.Job: The url to track the job: http://comet-15-11.ibnet:8088/proxy/application_1508227898996_0002/
17/10/17 01:12:01 INFO mapreduce.Job: Running job: job_1508227898996_0002
17/10/17 01:12:05 INFO mapreduce.Job: Job job_1508227898996_0002 running in uber mode : false
17/10/17 01:12:05 INFO mapreduce.Job:  map 0% reduce 0%
17/10/17 01:12:11 INFO mapreduce.Job:  map 100% reduce 0%
17/10/17 01:12:17 INFO mapreduce.Job:  map 100% reduce 100%
17/10/17 01:12:17 INFO mapreduce.Job: Job job_1508227898996_0002 completed successfully
17/10/17 01:12:17 INFO mapreduce.Job: Counters: 49
	File System Counters
		FILE: Number of bytes read=53881624
		FILE: Number of bytes written=108396175
		FILE: Number of read operations=0
		FILE: Number of large read operations=0
		FILE: Number of write operations=0
		HDFS: Number of bytes read=13738964
		HDFS: Number of bytes written=13738827
		HDFS: Number of read operations=7
		HDFS: Number of large read operations=0
		HDFS: Number of write operations=2
	Job Counters 
		Launched map tasks=1
		Launched reduce tasks=1
		Data-local map tasks=1
		Total time spent by all maps in occupied slots (ms)=4209
		Total time spent by all reduces in occupied slots (ms)=3100
		Total time spent by all map tasks (ms)=4209
		Total time spent by all reduce tasks (ms)=3100
		Total vcore-seconds taken by all map tasks=4209
		Total vcore-seconds taken by all reduce tasks=3100
		Total megabyte-seconds taken by all map tasks=4310016
		Total megabyte-seconds taken by all reduce tasks=3174400
	Map-Reduce Framework
		Map input records=100000
		Map output records=1300888
		Map output bytes=51235520
		Map output materialized bytes=53881624
		Input split bytes=137
		Combine input records=0
		Combine output records=0
		Reduce input groups=100000
		Reduce shuffle bytes=53881624
		Reduce input records=1300888
		Reduce output records=100000
		Spilled Records=2601776
		Shuffled Maps =1
		Failed Shuffles=0
		Merged Map outputs=1
		GC time elapsed (ms)=105
		CPU time spent (ms)=7730
		Physical memory (bytes) snapshot=498106368
		Virtual memory (bytes) snapshot=4347568128
		Total committed heap usage (bytes)=340262912
	Shuffle Errors
		BAD_ID=0
		CONNECTION=0
		IO_ERROR=0
		WRONG_LENGTH=0
		WRONG_MAP=0
		WRONG_REDUCE=0
	File Input Format Counters 
		Bytes Read=13738827
	File Output Format Counters 
		Bytes Written=13738827
17/10/17 01:12:17 INFO client.RMProxy: Connecting to ResourceManager at comet-15-11.ibnet/10.22.252.76:8032
17/10/17 01:12:17 WARN mapreduce.JobSubmitter: Hadoop command-line option parsing not performed. Implement the Tool interface and execute your application with ToolRunner to remedy this.
17/10/17 01:12:17 INFO input.FileInputFormat: Total input paths to process : 1
17/10/17 01:12:17 INFO mapreduce.JobSubmitter: number of splits:1
17/10/17 01:12:17 INFO mapreduce.JobSubmitter: Submitting tokens for job: job_1508227898996_0003
17/10/17 01:12:17 INFO impl.YarnClientImpl: Submitted application application_1508227898996_0003
17/10/17 01:12:17 INFO mapreduce.Job: The url to track the job: http://comet-15-11.ibnet:8088/proxy/application_1508227898996_0003/
17/10/17 01:12:17 INFO mapreduce.Job: Running job: job_1508227898996_0003
17/10/17 01:12:22 INFO mapreduce.Job: Job job_1508227898996_0003 running in uber mode : false
17/10/17 01:12:22 INFO mapreduce.Job:  map 0% reduce 0%
17/10/17 01:12:28 INFO mapreduce.Job:  map 100% reduce 0%
17/10/17 01:12:35 INFO mapreduce.Job:  map 100% reduce 100%
17/10/17 01:12:35 INFO mapreduce.Job: Job job_1508227898996_0003 completed successfully
17/10/17 01:12:35 INFO mapreduce.Job: Counters: 49
	File System Counters
		FILE: Number of bytes read=53881624
		FILE: Number of bytes written=108396175
		FILE: Number of read operations=0
		FILE: Number of large read operations=0
		FILE: Number of write operations=0
		HDFS: Number of bytes read=13738964
		HDFS: Number of bytes written=13738827
		HDFS: Number of read operations=7
		HDFS: Number of large read operations=0
		HDFS: Number of write operations=2
	Job Counters 
		Launched map tasks=1
		Launched reduce tasks=1
		Data-local map tasks=1
		Total time spent by all maps in occupied slots (ms)=4340
		Total time spent by all reduces in occupied slots (ms)=3543
		Total time spent by all map tasks (ms)=4340
		Total time spent by all reduce tasks (ms)=3543
		Total vcore-seconds taken by all map tasks=4340
		Total vcore-seconds taken by all reduce tasks=3543
		Total megabyte-seconds taken by all map tasks=4444160
		Total megabyte-seconds taken by all reduce tasks=3628032
	Map-Reduce Framework
		Map input records=100000
		Map output records=1300888
		Map output bytes=51235520
		Map output materialized bytes=53881624
		Input split bytes=137
		Combine input records=0
		Combine output records=0
		Reduce input groups=100000
		Reduce shuffle bytes=53881624
		Reduce input records=1300888
		Reduce output records=100000
		Spilled Records=2601776
		Shuffled Maps =1
		Failed Shuffles=0
		Merged Map outputs=1
		GC time elapsed (ms)=99
		CPU time spent (ms)=7500
		Physical memory (bytes) snapshot=498114560
		Virtual memory (bytes) snapshot=4351201280
		Total committed heap usage (bytes)=341835776
	Shuffle Errors
		BAD_ID=0
		CONNECTION=0
		IO_ERROR=0
		WRONG_LENGTH=0
		WRONG_MAP=0
		WRONG_REDUCE=0
	File Input Format Counters 
		Bytes Read=13738827
	File Output Format Counters 
		Bytes Written=13738827
17/10/17 01:12:36 INFO client.RMProxy: Connecting to ResourceManager at comet-15-11.ibnet/10.22.252.76:8032
17/10/17 01:12:36 WARN mapreduce.JobSubmitter: Hadoop command-line option parsing not performed. Implement the Tool interface and execute your application with ToolRunner to remedy this.
17/10/17 01:12:36 INFO input.FileInputFormat: Total input paths to process : 1
17/10/17 01:12:36 INFO mapreduce.JobSubmitter: number of splits:1
17/10/17 01:12:36 INFO mapreduce.JobSubmitter: Submitting tokens for job: job_1508227898996_0004
17/10/17 01:12:36 INFO impl.YarnClientImpl: Submitted application application_1508227898996_0004
17/10/17 01:12:36 INFO mapreduce.Job: The url to track the job: http://comet-15-11.ibnet:8088/proxy/application_1508227898996_0004/
17/10/17 01:12:36 INFO mapreduce.Job: Running job: job_1508227898996_0004
17/10/17 01:12:40 INFO mapreduce.Job: Job job_1508227898996_0004 running in uber mode : false
17/10/17 01:12:40 INFO mapreduce.Job:  map 0% reduce 0%
17/10/17 01:12:47 INFO mapreduce.Job:  map 100% reduce 0%
17/10/17 01:12:52 INFO mapreduce.Job:  map 100% reduce 100%
17/10/17 01:12:52 INFO mapreduce.Job: Job job_1508227898996_0004 completed successfully
17/10/17 01:12:52 INFO mapreduce.Job: Counters: 49
	File System Counters
		FILE: Number of bytes read=53881624
		FILE: Number of bytes written=108396175
		FILE: Number of read operations=0
		FILE: Number of large read operations=0
		FILE: Number of write operations=0
		HDFS: Number of bytes read=13738964
		HDFS: Number of bytes written=13738827
		HDFS: Number of read operations=7
		HDFS: Number of large read operations=0
		HDFS: Number of write operations=2
	Job Counters 
		Launched map tasks=1
		Launched reduce tasks=1
		Data-local map tasks=1
		Total time spent by all maps in occupied slots (ms)=4316
		Total time spent by all reduces in occupied slots (ms)=3099
		Total time spent by all map tasks (ms)=4316
		Total time spent by all reduce tasks (ms)=3099
		Total vcore-seconds taken by all map tasks=4316
		Total vcore-seconds taken by all reduce tasks=3099
		Total megabyte-seconds taken by all map tasks=4419584
		Total megabyte-seconds taken by all reduce tasks=3173376
	Map-Reduce Framework
		Map input records=100000
		Map output records=1300888
		Map output bytes=51235520
		Map output materialized bytes=53881624
		Input split bytes=137
		Combine input records=0
		Combine output records=0
		Reduce input groups=100000
		Reduce shuffle bytes=53881624
		Reduce input records=1300888
		Reduce output records=100000
		Spilled Records=2601776
		Shuffled Maps =1
		Failed Shuffles=0
		Merged Map outputs=1
		GC time elapsed (ms)=100
		CPU time spent (ms)=7520
		Physical memory (bytes) snapshot=498438144
		Virtual memory (bytes) snapshot=4349140992
		Total committed heap usage (bytes)=336592896
	Shuffle Errors
		BAD_ID=0
		CONNECTION=0
		IO_ERROR=0
		WRONG_LENGTH=0
		WRONG_MAP=0
		WRONG_REDUCE=0
	File Input Format Counters 
		Bytes Read=13738827
	File Output Format Counters 
		Bytes Written=13738827
17/10/17 01:12:52 INFO client.RMProxy: Connecting to ResourceManager at comet-15-11.ibnet/10.22.252.76:8032
17/10/17 01:12:52 WARN mapreduce.JobSubmitter: Hadoop command-line option parsing not performed. Implement the Tool interface and execute your application with ToolRunner to remedy this.
17/10/17 01:12:52 INFO input.FileInputFormat: Total input paths to process : 1
17/10/17 01:12:52 INFO mapreduce.JobSubmitter: number of splits:1
17/10/17 01:12:52 INFO mapreduce.JobSubmitter: Submitting tokens for job: job_1508227898996_0005
17/10/17 01:12:52 INFO impl.YarnClientImpl: Submitted application application_1508227898996_0005
17/10/17 01:12:52 INFO mapreduce.Job: The url to track the job: http://comet-15-11.ibnet:8088/proxy/application_1508227898996_0005/
17/10/17 01:12:52 INFO mapreduce.Job: Running job: job_1508227898996_0005
17/10/17 01:12:56 INFO mapreduce.Job: Job job_1508227898996_0005 running in uber mode : false
17/10/17 01:12:56 INFO mapreduce.Job:  map 0% reduce 0%
17/10/17 01:13:02 INFO mapreduce.Job:  map 100% reduce 0%
17/10/17 01:13:08 INFO mapreduce.Job:  map 100% reduce 100%
17/10/17 01:13:08 INFO mapreduce.Job: Job job_1508227898996_0005 completed successfully
17/10/17 01:13:08 INFO mapreduce.Job: Counters: 49
	File System Counters
		FILE: Number of bytes read=53881624
		FILE: Number of bytes written=108396175
		FILE: Number of read operations=0
		FILE: Number of large read operations=0
		FILE: Number of write operations=0
		HDFS: Number of bytes read=13738964
		HDFS: Number of bytes written=13738827
		HDFS: Number of read operations=7
		HDFS: Number of large read operations=0
		HDFS: Number of write operations=2
	Job Counters 
		Launched map tasks=1
		Launched reduce tasks=1
		Data-local map tasks=1
		Total time spent by all maps in occupied slots (ms)=4289
		Total time spent by all reduces in occupied slots (ms)=3129
		Total time spent by all map tasks (ms)=4289
		Total time spent by all reduce tasks (ms)=3129
		Total vcore-seconds taken by all map tasks=4289
		Total vcore-seconds taken by all reduce tasks=3129
		Total megabyte-seconds taken by all map tasks=4391936
		Total megabyte-seconds taken by all reduce tasks=3204096
	Map-Reduce Framework
		Map input records=100000
		Map output records=1300888
		Map output bytes=51235520
		Map output materialized bytes=53881624
		Input split bytes=137
		Combine input records=0
		Combine output records=0
		Reduce input groups=100000
		Reduce shuffle bytes=53881624
		Reduce input records=1300888
		Reduce output records=100000
		Spilled Records=2601776
		Shuffled Maps =1
		Failed Shuffles=0
		Merged Map outputs=1
		GC time elapsed (ms)=103
		CPU time spent (ms)=7770
		Physical memory (bytes) snapshot=500109312
		Virtual memory (bytes) snapshot=4346232832
		Total committed heap usage (bytes)=335020032
	Shuffle Errors
		BAD_ID=0
		CONNECTION=0
		IO_ERROR=0
		WRONG_LENGTH=0
		WRONG_MAP=0
		WRONG_REDUCE=0
	File Input Format Counters 
		Bytes Read=13738827
	File Output Format Counters 
		Bytes Written=13738827
17/10/17 01:13:08 INFO client.RMProxy: Connecting to ResourceManager at comet-15-11.ibnet/10.22.252.76:8032
17/10/17 01:13:08 WARN mapreduce.JobSubmitter: Hadoop command-line option parsing not performed. Implement the Tool interface and execute your application with ToolRunner to remedy this.
17/10/17 01:13:08 INFO input.FileInputFormat: Total input paths to process : 1
17/10/17 01:13:08 INFO mapreduce.JobSubmitter: number of splits:1
17/10/17 01:13:08 INFO mapreduce.JobSubmitter: Submitting tokens for job: job_1508227898996_0006
17/10/17 01:13:08 INFO impl.YarnClientImpl: Submitted application application_1508227898996_0006
17/10/17 01:13:08 INFO mapreduce.Job: The url to track the job: http://comet-15-11.ibnet:8088/proxy/application_1508227898996_0006/
17/10/17 01:13:08 INFO mapreduce.Job: Running job: job_1508227898996_0006
17/10/17 01:13:12 INFO mapreduce.Job: Job job_1508227898996_0006 running in uber mode : false
17/10/17 01:13:12 INFO mapreduce.Job:  map 0% reduce 0%
17/10/17 01:13:19 INFO mapreduce.Job:  map 100% reduce 0%
17/10/17 01:13:24 INFO mapreduce.Job:  map 100% reduce 100%
17/10/17 01:13:25 INFO mapreduce.Job: Job job_1508227898996_0006 completed successfully
17/10/17 01:13:25 INFO mapreduce.Job: Counters: 49
	File System Counters
		FILE: Number of bytes read=53881624
		FILE: Number of bytes written=108396175
		FILE: Number of read operations=0
		FILE: Number of large read operations=0
		FILE: Number of write operations=0
		HDFS: Number of bytes read=13738964
		HDFS: Number of bytes written=13738827
		HDFS: Number of read operations=7
		HDFS: Number of large read operations=0
		HDFS: Number of write operations=2
	Job Counters 
		Launched map tasks=1
		Launched reduce tasks=1
		Data-local map tasks=1
		Total time spent by all maps in occupied slots (ms)=4212
		Total time spent by all reduces in occupied slots (ms)=3112
		Total time spent by all map tasks (ms)=4212
		Total time spent by all reduce tasks (ms)=3112
		Total vcore-seconds taken by all map tasks=4212
		Total vcore-seconds taken by all reduce tasks=3112
		Total megabyte-seconds taken by all map tasks=4313088
		Total megabyte-seconds taken by all reduce tasks=3186688
	Map-Reduce Framework
		Map input records=100000
		Map output records=1300888
		Map output bytes=51235520
		Map output materialized bytes=53881624
		Input split bytes=137
		Combine input records=0
		Combine output records=0
		Reduce input groups=100000
		Reduce shuffle bytes=53881624
		Reduce input records=1300888
		Reduce output records=100000
		Spilled Records=2601776
		Shuffled Maps =1
		Failed Shuffles=0
		Merged Map outputs=1
		GC time elapsed (ms)=92
		CPU time spent (ms)=7360
		Physical memory (bytes) snapshot=503447552
		Virtual memory (bytes) snapshot=4359647232
		Total committed heap usage (bytes)=344457216
	Shuffle Errors
		BAD_ID=0
		CONNECTION=0
		IO_ERROR=0
		WRONG_LENGTH=0
		WRONG_MAP=0
		WRONG_REDUCE=0
	File Input Format Counters 
		Bytes Read=13738827
	File Output Format Counters 
		Bytes Written=13738827
17/10/17 01:13:25 INFO client.RMProxy: Connecting to ResourceManager at comet-15-11.ibnet/10.22.252.76:8032
17/10/17 01:13:25 WARN mapreduce.JobSubmitter: Hadoop command-line option parsing not performed. Implement the Tool interface and execute your application with ToolRunner to remedy this.
17/10/17 01:13:25 INFO input.FileInputFormat: Total input paths to process : 1
17/10/17 01:13:25 INFO mapreduce.JobSubmitter: number of splits:1
17/10/17 01:13:25 INFO mapreduce.JobSubmitter: Submitting tokens for job: job_1508227898996_0007
17/10/17 01:13:25 INFO impl.YarnClientImpl: Submitted application application_1508227898996_0007
17/10/17 01:13:25 INFO mapreduce.Job: The url to track the job: http://comet-15-11.ibnet:8088/proxy/application_1508227898996_0007/
17/10/17 01:13:25 INFO mapreduce.Job: Running job: job_1508227898996_0007
17/10/17 01:13:30 INFO mapreduce.Job: Job job_1508227898996_0007 running in uber mode : false
17/10/17 01:13:30 INFO mapreduce.Job:  map 0% reduce 0%
17/10/17 01:13:34 INFO mapreduce.Job:  map 100% reduce 0%
17/10/17 01:13:39 INFO mapreduce.Job:  map 100% reduce 100%
17/10/17 01:13:39 INFO mapreduce.Job: Job job_1508227898996_0007 completed successfully
17/10/17 01:13:39 INFO mapreduce.Job: Counters: 49
	File System Counters
		FILE: Number of bytes read=1800006
		FILE: Number of bytes written=3811963
		FILE: Number of read operations=0
		FILE: Number of large read operations=0
		FILE: Number of write operations=0
		HDFS: Number of bytes read=13738964
		HDFS: Number of bytes written=64
		HDFS: Number of read operations=7
		HDFS: Number of large read operations=0
		HDFS: Number of write operations=2
	Job Counters 
		Launched map tasks=1
		Launched reduce tasks=1
		Data-local map tasks=1
		Total time spent by all maps in occupied slots (ms)=2121
		Total time spent by all reduces in occupied slots (ms)=2035
		Total time spent by all map tasks (ms)=2121
		Total time spent by all reduce tasks (ms)=2035
		Total vcore-seconds taken by all map tasks=2121
		Total vcore-seconds taken by all reduce tasks=2035
		Total megabyte-seconds taken by all map tasks=2171904
		Total megabyte-seconds taken by all reduce tasks=2083840
	Map-Reduce Framework
		Map input records=100000
		Map output records=100000
		Map output bytes=1600000
		Map output materialized bytes=1800006
		Input split bytes=137
		Combine input records=0
		Combine output records=0
		Reduce input groups=12
		Reduce shuffle bytes=1800006
		Reduce input records=100000
		Reduce output records=12
		Spilled Records=200000
		Shuffled Maps =1
		Failed Shuffles=0
		Merged Map outputs=1
		GC time elapsed (ms)=98
		CPU time spent (ms)=3710
		Physical memory (bytes) snapshot=480706560
		Virtual memory (bytes) snapshot=4347740160
		Total committed heap usage (bytes)=342884352
	Shuffle Errors
		BAD_ID=0
		CONNECTION=0
		IO_ERROR=0
		WRONG_LENGTH=0
		WRONG_MAP=0
		WRONG_REDUCE=0
	File Input Format Counters 
		Bytes Read=13738827
	File Output Format Counters 
		Bytes Written=64
17/10/17 01:13:40 WARN util.NativeCodeLoader: Unable to load native-hadoop library for your platform... using builtin-java classes where applicable
stopping yarn daemons
stopping resourcemanager
comet-15-12.ibnet: stopping nodemanager
comet-15-12.ibnet: nodemanager did not stop gracefully after 5 seconds: killing with kill -9
comet-15-11.ibnet: stopping nodemanager
comet-15-11.ibnet: nodemanager did not stop gracefully after 5 seconds: killing with kill -9
comet-15-37.ibnet: stopping nodemanager
comet-15-37.ibnet: nodemanager did not stop gracefully after 5 seconds: killing with kill -9
no proxyserver to stop
17/10/17 01:13:51 WARN util.NativeCodeLoader: Unable to load native-hadoop library for your platform... using builtin-java classes where applicable
Stopping namenodes on [comet-15-11.ibnet]
comet-15-11.ibnet: stopping namenode
comet-15-11.ibnet: stopping datanode
comet-15-37.ibnet: stopping datanode
comet-15-12.ibnet: stopping datanode
Stopping secondary namenodes [comet-15-11.ibnet]
comet-15-11.ibnet: stopping secondarynamenode
17/10/17 01:14:09 WARN util.NativeCodeLoader: Unable to load native-hadoop library for your platform... using builtin-java classes where applicable
Copying Hadoop logs back to /home/vparekh/cometcluster/logs...
`/scratch/vparekh/11898478/logs' -> `/home/vparekh/cometcluster/logs'
`/scratch/vparekh/11898478/logs/hadoop-vparekh-datanode-comet-15-11.sdsc.edu.out' -> `/home/vparekh/cometcluster/logs/hadoop-vparekh-datanode-comet-15-11.sdsc.edu.out'
`/scratch/vparekh/11898478/logs/SecurityAuth-vparekh.audit' -> `/home/vparekh/cometcluster/logs/SecurityAuth-vparekh.audit'
`/scratch/vparekh/11898478/logs/yarn-vparekh-nodemanager-comet-15-11.sdsc.edu.log' -> `/home/vparekh/cometcluster/logs/yarn-vparekh-nodemanager-comet-15-11.sdsc.edu.log'
`/scratch/vparekh/11898478/logs/userlogs' -> `/home/vparekh/cometcluster/logs/userlogs'
`/scratch/vparekh/11898478/logs/userlogs/application_1508227898996_0004' -> `/home/vparekh/cometcluster/logs/userlogs/application_1508227898996_0004'
`/scratch/vparekh/11898478/logs/userlogs/application_1508227898996_0004/container_1508227898996_0004_01_000001' -> `/home/vparekh/cometcluster/logs/userlogs/application_1508227898996_0004/container_1508227898996_0004_01_000001'
`/scratch/vparekh/11898478/logs/userlogs/application_1508227898996_0004/container_1508227898996_0004_01_000001/stdout' -> `/home/vparekh/cometcluster/logs/userlogs/application_1508227898996_0004/container_1508227898996_0004_01_000001/stdout'
`/scratch/vparekh/11898478/logs/userlogs/application_1508227898996_0004/container_1508227898996_0004_01_000001/syslog' -> `/home/vparekh/cometcluster/logs/userlogs/application_1508227898996_0004/container_1508227898996_0004_01_000001/syslog'
`/scratch/vparekh/11898478/logs/userlogs/application_1508227898996_0004/container_1508227898996_0004_01_000001/stderr' -> `/home/vparekh/cometcluster/logs/userlogs/application_1508227898996_0004/container_1508227898996_0004_01_000001/stderr'
`/scratch/vparekh/11898478/logs/userlogs/application_1508227898996_0003' -> `/home/vparekh/cometcluster/logs/userlogs/application_1508227898996_0003'
`/scratch/vparekh/11898478/logs/userlogs/application_1508227898996_0003/container_1508227898996_0003_01_000001' -> `/home/vparekh/cometcluster/logs/userlogs/application_1508227898996_0003/container_1508227898996_0003_01_000001'
`/scratch/vparekh/11898478/logs/userlogs/application_1508227898996_0003/container_1508227898996_0003_01_000001/stdout' -> `/home/vparekh/cometcluster/logs/userlogs/application_1508227898996_0003/container_1508227898996_0003_01_000001/stdout'
`/scratch/vparekh/11898478/logs/userlogs/application_1508227898996_0003/container_1508227898996_0003_01_000001/syslog' -> `/home/vparekh/cometcluster/logs/userlogs/application_1508227898996_0003/container_1508227898996_0003_01_000001/syslog'
`/scratch/vparekh/11898478/logs/userlogs/application_1508227898996_0003/container_1508227898996_0003_01_000001/stderr' -> `/home/vparekh/cometcluster/logs/userlogs/application_1508227898996_0003/container_1508227898996_0003_01_000001/stderr'
`/scratch/vparekh/11898478/logs/userlogs/application_1508227898996_0005' -> `/home/vparekh/cometcluster/logs/userlogs/application_1508227898996_0005'
`/scratch/vparekh/11898478/logs/userlogs/application_1508227898996_0005/container_1508227898996_0005_01_000001' -> `/home/vparekh/cometcluster/logs/userlogs/application_1508227898996_0005/container_1508227898996_0005_01_000001'
`/scratch/vparekh/11898478/logs/userlogs/application_1508227898996_0005/container_1508227898996_0005_01_000001/stderr' -> `/home/vparekh/cometcluster/logs/userlogs/application_1508227898996_0005/container_1508227898996_0005_01_000001/stderr'
`/scratch/vparekh/11898478/logs/userlogs/application_1508227898996_0005/container_1508227898996_0005_01_000001/stdout' -> `/home/vparekh/cometcluster/logs/userlogs/application_1508227898996_0005/container_1508227898996_0005_01_000001/stdout'
`/scratch/vparekh/11898478/logs/userlogs/application_1508227898996_0005/container_1508227898996_0005_01_000001/syslog' -> `/home/vparekh/cometcluster/logs/userlogs/application_1508227898996_0005/container_1508227898996_0005_01_000001/syslog'
`/scratch/vparekh/11898478/logs/hadoop-vparekh-secondarynamenode-comet-15-11.sdsc.edu.log' -> `/home/vparekh/cometcluster/logs/hadoop-vparekh-secondarynamenode-comet-15-11.sdsc.edu.log'
`/scratch/vparekh/11898478/logs/hadoop-vparekh-namenode-comet-15-11.sdsc.edu.out' -> `/home/vparekh/cometcluster/logs/hadoop-vparekh-namenode-comet-15-11.sdsc.edu.out'
`/scratch/vparekh/11898478/logs/yarn-vparekh-resourcemanager-comet-15-11.out' -> `/home/vparekh/cometcluster/logs/yarn-vparekh-resourcemanager-comet-15-11.out'
`/scratch/vparekh/11898478/logs/hadoop-vparekh-namenode-comet-15-11.sdsc.edu.log' -> `/home/vparekh/cometcluster/logs/hadoop-vparekh-namenode-comet-15-11.sdsc.edu.log'
`/scratch/vparekh/11898478/logs/yarn-vparekh-resourcemanager-comet-15-11.log' -> `/home/vparekh/cometcluster/logs/yarn-vparekh-resourcemanager-comet-15-11.log'
`/scratch/vparekh/11898478/logs/hadoop-vparekh-secondarynamenode-comet-15-11.sdsc.edu.out' -> `/home/vparekh/cometcluster/logs/hadoop-vparekh-secondarynamenode-comet-15-11.sdsc.edu.out'
`/scratch/vparekh/11898478/logs/hadoop-vparekh-datanode-comet-15-11.sdsc.edu.log' -> `/home/vparekh/cometcluster/logs/hadoop-vparekh-datanode-comet-15-11.sdsc.edu.log'
`/scratch/vparekh/11898478/logs/yarn-vparekh-nodemanager-comet-15-11.sdsc.edu.out' -> `/home/vparekh/cometcluster/logs/yarn-vparekh-nodemanager-comet-15-11.sdsc.edu.out'
removed directory: `/scratch/vparekh/11898478/mapred_scratch/filecache'
removed directory: `/scratch/vparekh/11898478/mapred_scratch/usercache/vparekh/filecache'
removed directory: `/scratch/vparekh/11898478/mapred_scratch/usercache/vparekh/appcache'
removed directory: `/scratch/vparekh/11898478/mapred_scratch/usercache/vparekh'
removed directory: `/scratch/vparekh/11898478/mapred_scratch/usercache'
removed directory: `/scratch/vparekh/11898478/mapred_scratch/nmPrivate'
removed directory: `/scratch/vparekh/11898478/mapred_scratch'
removed `/scratch/vparekh/11898478/tmp/dfs/namesecondary/current/fsimage_0000000000000000260'
removed `/scratch/vparekh/11898478/tmp/dfs/namesecondary/current/fsimage_0000000000000000000'
removed `/scratch/vparekh/11898478/tmp/dfs/namesecondary/current/fsimage_0000000000000000000.md5'
removed `/scratch/vparekh/11898478/tmp/dfs/namesecondary/current/VERSION'
removed `/scratch/vparekh/11898478/tmp/dfs/namesecondary/current/fsimage_0000000000000000260.md5'
removed `/scratch/vparekh/11898478/tmp/dfs/namesecondary/current/edits_0000000000000000001-0000000000000000260'
removed directory: `/scratch/vparekh/11898478/tmp/dfs/namesecondary/current'
removed directory: `/scratch/vparekh/11898478/tmp/dfs/namesecondary'
removed directory: `/scratch/vparekh/11898478/tmp/dfs'
removed directory: `/scratch/vparekh/11898478/tmp'
removed `/scratch/vparekh/11898478/namenode_data/current/edits_0000000000000000001-0000000000000000260'
removed `/scratch/vparekh/11898478/namenode_data/current/seen_txid'
removed `/scratch/vparekh/11898478/namenode_data/current/fsimage_0000000000000000260.md5'
removed `/scratch/vparekh/11898478/namenode_data/current/edits_inprogress_0000000000000000261'
removed `/scratch/vparekh/11898478/namenode_data/current/fsimage_0000000000000000000'
removed `/scratch/vparekh/11898478/namenode_data/current/fsimage_0000000000000000260'
removed `/scratch/vparekh/11898478/namenode_data/current/VERSION'
removed `/scratch/vparekh/11898478/namenode_data/current/fsimage_0000000000000000000.md5'
removed directory: `/scratch/vparekh/11898478/namenode_data/current'
removed directory: `/scratch/vparekh/11898478/namenode_data'
removed directory: `/scratch/vparekh/11898478/hdfs_data/current/BP-617671616-198.202.116.251-1508227882009/tmp'
removed directory: `/scratch/vparekh/11898478/hdfs_data/current/BP-617671616-198.202.116.251-1508227882009/current/rbw'
removed `/scratch/vparekh/11898478/hdfs_data/current/BP-617671616-198.202.116.251-1508227882009/current/dfsUsed'
removed `/scratch/vparekh/11898478/hdfs_data/current/BP-617671616-198.202.116.251-1508227882009/current/VERSION'
removed `/scratch/vparekh/11898478/hdfs_data/current/BP-617671616-198.202.116.251-1508227882009/current/finalized/subdir0/subdir0/blk_1073741853_1029.meta'
removed `/scratch/vparekh/11898478/hdfs_data/current/BP-617671616-198.202.116.251-1508227882009/current/finalized/subdir0/subdir0/blk_1073741865'
removed `/scratch/vparekh/11898478/hdfs_data/current/BP-617671616-198.202.116.251-1508227882009/current/finalized/subdir0/subdir0/blk_1073741892'
removed `/scratch/vparekh/11898478/hdfs_data/current/BP-617671616-198.202.116.251-1508227882009/current/finalized/subdir0/subdir0/blk_1073741864_1040.meta'
removed `/scratch/vparekh/11898478/hdfs_data/current/BP-617671616-198.202.116.251-1508227882009/current/finalized/subdir0/subdir0/blk_1073741844'
removed `/scratch/vparekh/11898478/hdfs_data/current/BP-617671616-198.202.116.251-1508227882009/current/finalized/subdir0/subdir0/blk_1073741833'
removed `/scratch/vparekh/11898478/hdfs_data/current/BP-617671616-198.202.116.251-1508227882009/current/finalized/subdir0/subdir0/blk_1073741834'
removed `/scratch/vparekh/11898478/hdfs_data/current/BP-617671616-198.202.116.251-1508227882009/current/finalized/subdir0/subdir0/blk_1073741843'
removed `/scratch/vparekh/11898478/hdfs_data/current/BP-617671616-198.202.116.251-1508227882009/current/finalized/subdir0/subdir0/blk_1073741895'
removed `/scratch/vparekh/11898478/hdfs_data/current/BP-617671616-198.202.116.251-1508227882009/current/finalized/subdir0/subdir0/blk_1073741883_1059.meta'
removed `/scratch/vparekh/11898478/hdfs_data/current/BP-617671616-198.202.116.251-1508227882009/current/finalized/subdir0/subdir0/blk_1073741862'
removed `/scratch/vparekh/11898478/hdfs_data/current/BP-617671616-198.202.116.251-1508227882009/current/finalized/subdir0/subdir0/blk_1073741855_1031.meta'
removed `/scratch/vparekh/11898478/hdfs_data/current/BP-617671616-198.202.116.251-1508227882009/current/finalized/subdir0/subdir0/blk_1073741884_1060.meta'
removed `/scratch/vparekh/11898478/hdfs_data/current/BP-617671616-198.202.116.251-1508227882009/current/finalized/subdir0/subdir0/blk_1073741882'
removed `/scratch/vparekh/11898478/hdfs_data/current/BP-617671616-198.202.116.251-1508227882009/current/finalized/subdir0/subdir0/blk_1073741882_1058.meta'
removed `/scratch/vparekh/11898478/hdfs_data/current/BP-617671616-198.202.116.251-1508227882009/current/finalized/subdir0/subdir0/blk_1073741854'
removed `/scratch/vparekh/11898478/hdfs_data/current/BP-617671616-198.202.116.251-1508227882009/current/finalized/subdir0/subdir0/blk_1073741875'
removed `/scratch/vparekh/11898478/hdfs_data/current/BP-617671616-198.202.116.251-1508227882009/current/finalized/subdir0/subdir0/blk_1073741854_1030.meta'
removed `/scratch/vparekh/11898478/hdfs_data/current/BP-617671616-198.202.116.251-1508227882009/current/finalized/subdir0/subdir0/blk_1073741885_1061.meta'
removed `/scratch/vparekh/11898478/hdfs_data/current/BP-617671616-198.202.116.251-1508227882009/current/finalized/subdir0/subdir0/blk_1073741852_1028.meta'
removed `/scratch/vparekh/11898478/hdfs_data/current/BP-617671616-198.202.116.251-1508227882009/current/finalized/subdir0/subdir0/blk_1073741825_1001.meta'
removed `/scratch/vparekh/11898478/hdfs_data/current/BP-617671616-198.202.116.251-1508227882009/current/finalized/subdir0/subdir0/blk_1073741872'
removed `/scratch/vparekh/11898478/hdfs_data/current/BP-617671616-198.202.116.251-1508227882009/current/finalized/subdir0/subdir0/blk_1073741865_1041.meta'
removed `/scratch/vparekh/11898478/hdfs_data/current/BP-617671616-198.202.116.251-1508227882009/current/finalized/subdir0/subdir0/blk_1073741853'
removed `/scratch/vparekh/11898478/hdfs_data/current/BP-617671616-198.202.116.251-1508227882009/current/finalized/subdir0/subdir0/blk_1073741885'
removed `/scratch/vparekh/11898478/hdfs_data/current/BP-617671616-198.202.116.251-1508227882009/current/finalized/subdir0/subdir0/blk_1073741873_1049.meta'
removed `/scratch/vparekh/11898478/hdfs_data/current/BP-617671616-198.202.116.251-1508227882009/current/finalized/subdir0/subdir0/blk_1073741863_1039.meta'
removed `/scratch/vparekh/11898478/hdfs_data/current/BP-617671616-198.202.116.251-1508227882009/current/finalized/subdir0/subdir0/blk_1073741863'
removed `/scratch/vparekh/11898478/hdfs_data/current/BP-617671616-198.202.116.251-1508227882009/current/finalized/subdir0/subdir0/blk_1073741843_1019.meta'
removed `/scratch/vparekh/11898478/hdfs_data/current/BP-617671616-198.202.116.251-1508227882009/current/finalized/subdir0/subdir0/blk_1073741842'
removed `/scratch/vparekh/11898478/hdfs_data/current/BP-617671616-198.202.116.251-1508227882009/current/finalized/subdir0/subdir0/blk_1073741835'
removed `/scratch/vparekh/11898478/hdfs_data/current/BP-617671616-198.202.116.251-1508227882009/current/finalized/subdir0/subdir0/blk_1073741895_1071.meta'
removed `/scratch/vparekh/11898478/hdfs_data/current/BP-617671616-198.202.116.251-1508227882009/current/finalized/subdir0/subdir0/blk_1073741844_1020.meta'
removed `/scratch/vparekh/11898478/hdfs_data/current/BP-617671616-198.202.116.251-1508227882009/current/finalized/subdir0/subdir0/blk_1073741833_1009.meta'
removed `/scratch/vparekh/11898478/hdfs_data/current/BP-617671616-198.202.116.251-1508227882009/current/finalized/subdir0/subdir0/blk_1073741894'
removed `/scratch/vparekh/11898478/hdfs_data/current/BP-617671616-198.202.116.251-1508227882009/current/finalized/subdir0/subdir0/blk_1073741835_1011.meta'
removed `/scratch/vparekh/11898478/hdfs_data/current/BP-617671616-198.202.116.251-1508227882009/current/finalized/subdir0/subdir0/blk_1073741893_1069.meta'
removed `/scratch/vparekh/11898478/hdfs_data/current/BP-617671616-198.202.116.251-1508227882009/current/finalized/subdir0/subdir0/blk_1073741893'
removed `/scratch/vparekh/11898478/hdfs_data/current/BP-617671616-198.202.116.251-1508227882009/current/finalized/subdir0/subdir0/blk_1073741832'
removed `/scratch/vparekh/11898478/hdfs_data/current/BP-617671616-198.202.116.251-1508227882009/current/finalized/subdir0/subdir0/blk_1073741845'
removed `/scratch/vparekh/11898478/hdfs_data/current/BP-617671616-198.202.116.251-1508227882009/current/finalized/subdir0/subdir0/blk_1073741864'
removed `/scratch/vparekh/11898478/hdfs_data/current/BP-617671616-198.202.116.251-1508227882009/current/finalized/subdir0/subdir0/blk_1073741875_1051.meta'
removed `/scratch/vparekh/11898478/hdfs_data/current/BP-617671616-198.202.116.251-1508227882009/current/finalized/subdir0/subdir0/blk_1073741825'
removed `/scratch/vparekh/11898478/hdfs_data/current/BP-617671616-198.202.116.251-1508227882009/current/finalized/subdir0/subdir0/blk_1073741852'
removed `/scratch/vparekh/11898478/hdfs_data/current/BP-617671616-198.202.116.251-1508227882009/current/finalized/subdir0/subdir0/blk_1073741834_1010.meta'
removed `/scratch/vparekh/11898478/hdfs_data/current/BP-617671616-198.202.116.251-1508227882009/current/finalized/subdir0/subdir0/blk_1073741892_1068.meta'
removed `/scratch/vparekh/11898478/hdfs_data/current/BP-617671616-198.202.116.251-1508227882009/current/finalized/subdir0/subdir0/blk_1073741884'
removed `/scratch/vparekh/11898478/hdfs_data/current/BP-617671616-198.202.116.251-1508227882009/current/finalized/subdir0/subdir0/blk_1073741874_1050.meta'
removed `/scratch/vparekh/11898478/hdfs_data/current/BP-617671616-198.202.116.251-1508227882009/current/finalized/subdir0/subdir0/blk_1073741873'
removed `/scratch/vparekh/11898478/hdfs_data/current/BP-617671616-198.202.116.251-1508227882009/current/finalized/subdir0/subdir0/blk_1073741842_1018.meta'
removed `/scratch/vparekh/11898478/hdfs_data/current/BP-617671616-198.202.116.251-1508227882009/current/finalized/subdir0/subdir0/blk_1073741874'
removed `/scratch/vparekh/11898478/hdfs_data/current/BP-617671616-198.202.116.251-1508227882009/current/finalized/subdir0/subdir0/blk_1073741872_1048.meta'
removed `/scratch/vparekh/11898478/hdfs_data/current/BP-617671616-198.202.116.251-1508227882009/current/finalized/subdir0/subdir0/blk_1073741862_1038.meta'
removed `/scratch/vparekh/11898478/hdfs_data/current/BP-617671616-198.202.116.251-1508227882009/current/finalized/subdir0/subdir0/blk_1073741894_1070.meta'
removed `/scratch/vparekh/11898478/hdfs_data/current/BP-617671616-198.202.116.251-1508227882009/current/finalized/subdir0/subdir0/blk_1073741845_1021.meta'
removed `/scratch/vparekh/11898478/hdfs_data/current/BP-617671616-198.202.116.251-1508227882009/current/finalized/subdir0/subdir0/blk_1073741832_1008.meta'
removed `/scratch/vparekh/11898478/hdfs_data/current/BP-617671616-198.202.116.251-1508227882009/current/finalized/subdir0/subdir0/blk_1073741883'
removed `/scratch/vparekh/11898478/hdfs_data/current/BP-617671616-198.202.116.251-1508227882009/current/finalized/subdir0/subdir0/blk_1073741855'
removed directory: `/scratch/vparekh/11898478/hdfs_data/current/BP-617671616-198.202.116.251-1508227882009/current/finalized/subdir0/subdir0'
removed directory: `/scratch/vparekh/11898478/hdfs_data/current/BP-617671616-198.202.116.251-1508227882009/current/finalized/subdir0'
removed directory: `/scratch/vparekh/11898478/hdfs_data/current/BP-617671616-198.202.116.251-1508227882009/current/finalized'
removed directory: `/scratch/vparekh/11898478/hdfs_data/current/BP-617671616-198.202.116.251-1508227882009/current'
removed `/scratch/vparekh/11898478/hdfs_data/current/BP-617671616-198.202.116.251-1508227882009/dncp_block_verification.log.curr'
removed `/scratch/vparekh/11898478/hdfs_data/current/BP-617671616-198.202.116.251-1508227882009/dncp_block_verification.log.prev'
removed directory: `/scratch/vparekh/11898478/hdfs_data/current/BP-617671616-198.202.116.251-1508227882009'
removed `/scratch/vparekh/11898478/hdfs_data/current/VERSION'
removed directory: `/scratch/vparekh/11898478/hdfs_data/current'
removed directory: `/scratch/vparekh/11898478/hdfs_data'
removed directory: `/scratch/vparekh/11898478/pids'
removed `/scratch/vparekh/11898478/logs/hadoop-vparekh-datanode-comet-15-11.sdsc.edu.out'
removed `/scratch/vparekh/11898478/logs/SecurityAuth-vparekh.audit'
removed `/scratch/vparekh/11898478/logs/yarn-vparekh-nodemanager-comet-15-11.sdsc.edu.log'
removed `/scratch/vparekh/11898478/logs/userlogs/application_1508227898996_0004/container_1508227898996_0004_01_000001/stdout'
removed `/scratch/vparekh/11898478/logs/userlogs/application_1508227898996_0004/container_1508227898996_0004_01_000001/syslog'
removed `/scratch/vparekh/11898478/logs/userlogs/application_1508227898996_0004/container_1508227898996_0004_01_000001/stderr'
removed directory: `/scratch/vparekh/11898478/logs/userlogs/application_1508227898996_0004/container_1508227898996_0004_01_000001'
removed directory: `/scratch/vparekh/11898478/logs/userlogs/application_1508227898996_0004'
removed `/scratch/vparekh/11898478/logs/userlogs/application_1508227898996_0003/container_1508227898996_0003_01_000001/stdout'
removed `/scratch/vparekh/11898478/logs/userlogs/application_1508227898996_0003/container_1508227898996_0003_01_000001/syslog'
removed `/scratch/vparekh/11898478/logs/userlogs/application_1508227898996_0003/container_1508227898996_0003_01_000001/stderr'
removed directory: `/scratch/vparekh/11898478/logs/userlogs/application_1508227898996_0003/container_1508227898996_0003_01_000001'
removed directory: `/scratch/vparekh/11898478/logs/userlogs/application_1508227898996_0003'
removed `/scratch/vparekh/11898478/logs/userlogs/application_1508227898996_0005/container_1508227898996_0005_01_000001/stderr'
removed `/scratch/vparekh/11898478/logs/userlogs/application_1508227898996_0005/container_1508227898996_0005_01_000001/stdout'
removed `/scratch/vparekh/11898478/logs/userlogs/application_1508227898996_0005/container_1508227898996_0005_01_000001/syslog'
removed directory: `/scratch/vparekh/11898478/logs/userlogs/application_1508227898996_0005/container_1508227898996_0005_01_000001'
removed directory: `/scratch/vparekh/11898478/logs/userlogs/application_1508227898996_0005'
removed directory: `/scratch/vparekh/11898478/logs/userlogs'
removed `/scratch/vparekh/11898478/logs/hadoop-vparekh-secondarynamenode-comet-15-11.sdsc.edu.log'
removed `/scratch/vparekh/11898478/logs/hadoop-vparekh-namenode-comet-15-11.sdsc.edu.out'
removed `/scratch/vparekh/11898478/logs/yarn-vparekh-resourcemanager-comet-15-11.out'
removed `/scratch/vparekh/11898478/logs/hadoop-vparekh-namenode-comet-15-11.sdsc.edu.log'
removed `/scratch/vparekh/11898478/logs/yarn-vparekh-resourcemanager-comet-15-11.log'
removed `/scratch/vparekh/11898478/logs/hadoop-vparekh-secondarynamenode-comet-15-11.sdsc.edu.out'
removed `/scratch/vparekh/11898478/logs/hadoop-vparekh-datanode-comet-15-11.sdsc.edu.log'
removed `/scratch/vparekh/11898478/logs/yarn-vparekh-nodemanager-comet-15-11.sdsc.edu.out'
removed directory: `/scratch/vparekh/11898478/logs'
removed directory: `/scratch/vparekh/11898478/mapred_scratch/usercache/vparekh/filecache'
removed directory: `/scratch/vparekh/11898478/mapred_scratch/usercache/vparekh/appcache'
removed directory: `/scratch/vparekh/11898478/mapred_scratch/usercache/vparekh'
removed directory: `/scratch/vparekh/11898478/mapred_scratch/usercache'
removed directory: `/scratch/vparekh/11898478/mapred_scratch/nmPrivate'
removed directory: `/scratch/vparekh/11898478/mapred_scratch/filecache'
removed directory: `/scratch/vparekh/11898478/mapred_scratch'
removed `/scratch/vparekh/11898478/hdfs_data/current/VERSION'
removed `/scratch/vparekh/11898478/hdfs_data/current/BP-617671616-198.202.116.251-1508227882009/current/dfsUsed'
removed `/scratch/vparekh/11898478/hdfs_data/current/BP-617671616-198.202.116.251-1508227882009/current/VERSION'
removed directory: `/scratch/vparekh/11898478/hdfs_data/current/BP-617671616-198.202.116.251-1508227882009/current/rbw'
removed `/scratch/vparekh/11898478/hdfs_data/current/BP-617671616-198.202.116.251-1508227882009/current/finalized/subdir0/subdir0/blk_1073741872_1048.meta'
removed `/scratch/vparekh/11898478/hdfs_data/current/BP-617671616-198.202.116.251-1508227882009/current/finalized/subdir0/subdir0/blk_1073741854'
removed `/scratch/vparekh/11898478/hdfs_data/current/BP-617671616-198.202.116.251-1508227882009/current/finalized/subdir0/subdir0/blk_1073741862_1038.meta'
removed `/scratch/vparekh/11898478/hdfs_data/current/BP-617671616-198.202.116.251-1508227882009/current/finalized/subdir0/subdir0/blk_1073741882'
removed `/scratch/vparekh/11898478/hdfs_data/current/BP-617671616-198.202.116.251-1508227882009/current/finalized/subdir0/subdir0/blk_1073741842_1018.meta'
removed `/scratch/vparekh/11898478/hdfs_data/current/BP-617671616-198.202.116.251-1508227882009/current/finalized/subdir0/subdir0/blk_1073741875'
removed `/scratch/vparekh/11898478/hdfs_data/current/BP-617671616-198.202.116.251-1508227882009/current/finalized/subdir0/subdir0/blk_1073741894_1070.meta'
removed `/scratch/vparekh/11898478/hdfs_data/current/BP-617671616-198.202.116.251-1508227882009/current/finalized/subdir0/subdir0/blk_1073741845_1021.meta'
removed `/scratch/vparekh/11898478/hdfs_data/current/BP-617671616-198.202.116.251-1508227882009/current/finalized/subdir0/subdir0/blk_1073741832_1008.meta'
removed `/scratch/vparekh/11898478/hdfs_data/current/BP-617671616-198.202.116.251-1508227882009/current/finalized/subdir0/subdir0/blk_1073741834_1010.meta'
removed `/scratch/vparekh/11898478/hdfs_data/current/BP-617671616-198.202.116.251-1508227882009/current/finalized/subdir0/subdir0/blk_1073741892_1068.meta'
removed `/scratch/vparekh/11898478/hdfs_data/current/BP-617671616-198.202.116.251-1508227882009/current/finalized/subdir0/subdir0/blk_1073741872'
removed `/scratch/vparekh/11898478/hdfs_data/current/BP-617671616-198.202.116.251-1508227882009/current/finalized/subdir0/subdir0/blk_1073741885'
removed `/scratch/vparekh/11898478/hdfs_data/current/BP-617671616-198.202.116.251-1508227882009/current/finalized/subdir0/subdir0/blk_1073741853'
removed `/scratch/vparekh/11898478/hdfs_data/current/BP-617671616-198.202.116.251-1508227882009/current/finalized/subdir0/subdir0/blk_1073741874_1050.meta'
removed `/scratch/vparekh/11898478/hdfs_data/current/BP-617671616-198.202.116.251-1508227882009/current/finalized/subdir0/subdir0/blk_1073741835_1011.meta'
removed `/scratch/vparekh/11898478/hdfs_data/current/BP-617671616-198.202.116.251-1508227882009/current/finalized/subdir0/subdir0/blk_1073741893_1069.meta'
removed `/scratch/vparekh/11898478/hdfs_data/current/BP-617671616-198.202.116.251-1508227882009/current/finalized/subdir0/subdir0/blk_1073741865'
removed `/scratch/vparekh/11898478/hdfs_data/current/BP-617671616-198.202.116.251-1508227882009/current/finalized/subdir0/subdir0/blk_1073741833'
removed `/scratch/vparekh/11898478/hdfs_data/current/BP-617671616-198.202.116.251-1508227882009/current/finalized/subdir0/subdir0/blk_1073741844'
removed `/scratch/vparekh/11898478/hdfs_data/current/BP-617671616-198.202.116.251-1508227882009/current/finalized/subdir0/subdir0/blk_1073741875_1051.meta'
removed `/scratch/vparekh/11898478/hdfs_data/current/BP-617671616-198.202.116.251-1508227882009/current/finalized/subdir0/subdir0/blk_1073741892'
removed `/scratch/vparekh/11898478/hdfs_data/current/BP-617671616-198.202.116.251-1508227882009/current/finalized/subdir0/subdir0/blk_1073741895'
removed `/scratch/vparekh/11898478/hdfs_data/current/BP-617671616-198.202.116.251-1508227882009/current/finalized/subdir0/subdir0/blk_1073741843_1019.meta'
removed `/scratch/vparekh/11898478/hdfs_data/current/BP-617671616-198.202.116.251-1508227882009/current/finalized/subdir0/subdir0/blk_1073741843'
removed `/scratch/vparekh/11898478/hdfs_data/current/BP-617671616-198.202.116.251-1508227882009/current/finalized/subdir0/subdir0/blk_1073741834'
removed `/scratch/vparekh/11898478/hdfs_data/current/BP-617671616-198.202.116.251-1508227882009/current/finalized/subdir0/subdir0/blk_1073741873_1049.meta'
removed `/scratch/vparekh/11898478/hdfs_data/current/BP-617671616-198.202.116.251-1508227882009/current/finalized/subdir0/subdir0/blk_1073741863_1039.meta'
removed `/scratch/vparekh/11898478/hdfs_data/current/BP-617671616-198.202.116.251-1508227882009/current/finalized/subdir0/subdir0/blk_1073741862'
removed `/scratch/vparekh/11898478/hdfs_data/current/BP-617671616-198.202.116.251-1508227882009/current/finalized/subdir0/subdir0/blk_1073741895_1071.meta'
removed `/scratch/vparekh/11898478/hdfs_data/current/BP-617671616-198.202.116.251-1508227882009/current/finalized/subdir0/subdir0/blk_1073741844_1020.meta'
removed `/scratch/vparekh/11898478/hdfs_data/current/BP-617671616-198.202.116.251-1508227882009/current/finalized/subdir0/subdir0/blk_1073741833_1009.meta'
removed `/scratch/vparekh/11898478/hdfs_data/current/BP-617671616-198.202.116.251-1508227882009/current/finalized/subdir0/subdir0/blk_1073741852_1028.meta'
removed `/scratch/vparekh/11898478/hdfs_data/current/BP-617671616-198.202.116.251-1508227882009/current/finalized/subdir0/subdir0/blk_1073741884'
removed `/scratch/vparekh/11898478/hdfs_data/current/BP-617671616-198.202.116.251-1508227882009/current/finalized/subdir0/subdir0/blk_1073741825_1001.meta'
removed `/scratch/vparekh/11898478/hdfs_data/current/BP-617671616-198.202.116.251-1508227882009/current/finalized/subdir0/subdir0/blk_1073741852'
removed `/scratch/vparekh/11898478/hdfs_data/current/BP-617671616-198.202.116.251-1508227882009/current/finalized/subdir0/subdir0/blk_1073741825'
removed `/scratch/vparekh/11898478/hdfs_data/current/BP-617671616-198.202.116.251-1508227882009/current/finalized/subdir0/subdir0/blk_1073741873'
removed `/scratch/vparekh/11898478/hdfs_data/current/BP-617671616-198.202.116.251-1508227882009/current/finalized/subdir0/subdir0/blk_1073741865_1041.meta'
removed `/scratch/vparekh/11898478/hdfs_data/current/BP-617671616-198.202.116.251-1508227882009/current/finalized/subdir0/subdir0/blk_1073741882_1058.meta'
removed `/scratch/vparekh/11898478/hdfs_data/current/BP-617671616-198.202.116.251-1508227882009/current/finalized/subdir0/subdir0/blk_1073741874'
removed `/scratch/vparekh/11898478/hdfs_data/current/BP-617671616-198.202.116.251-1508227882009/current/finalized/subdir0/subdir0/blk_1073741855'
removed `/scratch/vparekh/11898478/hdfs_data/current/BP-617671616-198.202.116.251-1508227882009/current/finalized/subdir0/subdir0/blk_1073741883'
removed `/scratch/vparekh/11898478/hdfs_data/current/BP-617671616-198.202.116.251-1508227882009/current/finalized/subdir0/subdir0/blk_1073741854_1030.meta'
removed `/scratch/vparekh/11898478/hdfs_data/current/BP-617671616-198.202.116.251-1508227882009/current/finalized/subdir0/subdir0/blk_1073741885_1061.meta'
removed `/scratch/vparekh/11898478/hdfs_data/current/BP-617671616-198.202.116.251-1508227882009/current/finalized/subdir0/subdir0/blk_1073741883_1059.meta'
removed `/scratch/vparekh/11898478/hdfs_data/current/BP-617671616-198.202.116.251-1508227882009/current/finalized/subdir0/subdir0/blk_1073741863'
removed `/scratch/vparekh/11898478/hdfs_data/current/BP-617671616-198.202.116.251-1508227882009/current/finalized/subdir0/subdir0/blk_1073741894'
removed `/scratch/vparekh/11898478/hdfs_data/current/BP-617671616-198.202.116.251-1508227882009/current/finalized/subdir0/subdir0/blk_1073741855_1031.meta'
removed `/scratch/vparekh/11898478/hdfs_data/current/BP-617671616-198.202.116.251-1508227882009/current/finalized/subdir0/subdir0/blk_1073741884_1060.meta'
removed `/scratch/vparekh/11898478/hdfs_data/current/BP-617671616-198.202.116.251-1508227882009/current/finalized/subdir0/subdir0/blk_1073741835'
removed `/scratch/vparekh/11898478/hdfs_data/current/BP-617671616-198.202.116.251-1508227882009/current/finalized/subdir0/subdir0/blk_1073741842'
removed `/scratch/vparekh/11898478/hdfs_data/current/BP-617671616-198.202.116.251-1508227882009/current/finalized/subdir0/subdir0/blk_1073741845'
removed `/scratch/vparekh/11898478/hdfs_data/current/BP-617671616-198.202.116.251-1508227882009/current/finalized/subdir0/subdir0/blk_1073741832'
removed `/scratch/vparekh/11898478/hdfs_data/current/BP-617671616-198.202.116.251-1508227882009/current/finalized/subdir0/subdir0/blk_1073741853_1029.meta'
removed `/scratch/vparekh/11898478/hdfs_data/current/BP-617671616-198.202.116.251-1508227882009/current/finalized/subdir0/subdir0/blk_1073741893'
removed `/scratch/vparekh/11898478/hdfs_data/current/BP-617671616-198.202.116.251-1508227882009/current/finalized/subdir0/subdir0/blk_1073741864_1040.meta'
removed `/scratch/vparekh/11898478/hdfs_data/current/BP-617671616-198.202.116.251-1508227882009/current/finalized/subdir0/subdir0/blk_1073741864'
removed directory: `/scratch/vparekh/11898478/hdfs_data/current/BP-617671616-198.202.116.251-1508227882009/current/finalized/subdir0/subdir0'
removed directory: `/scratch/vparekh/11898478/hdfs_data/current/BP-617671616-198.202.116.251-1508227882009/current/finalized/subdir0'
removed directory: `/scratch/vparekh/11898478/hdfs_data/current/BP-617671616-198.202.116.251-1508227882009/current/finalized'
removed directory: `/scratch/vparekh/11898478/hdfs_data/current/BP-617671616-198.202.116.251-1508227882009/current'
removed `/scratch/vparekh/11898478/hdfs_data/current/BP-617671616-198.202.116.251-1508227882009/dncp_block_verification.log.prev'
removed directory: `/scratch/vparekh/11898478/hdfs_data/current/BP-617671616-198.202.116.251-1508227882009/tmp'
removed `/scratch/vparekh/11898478/hdfs_data/current/BP-617671616-198.202.116.251-1508227882009/dncp_block_verification.log.curr'
removed directory: `/scratch/vparekh/11898478/hdfs_data/current/BP-617671616-198.202.116.251-1508227882009'
removed directory: `/scratch/vparekh/11898478/hdfs_data/current'
removed directory: `/scratch/vparekh/11898478/hdfs_data'
removed directory: `/scratch/vparekh/11898478/pids'
removed `/scratch/vparekh/11898478/logs/userlogs/application_1508227898996_0007/container_1508227898996_0007_01_000002/stdout'
removed `/scratch/vparekh/11898478/logs/userlogs/application_1508227898996_0007/container_1508227898996_0007_01_000002/syslog'
removed `/scratch/vparekh/11898478/logs/userlogs/application_1508227898996_0007/container_1508227898996_0007_01_000002/stderr'
removed directory: `/scratch/vparekh/11898478/logs/userlogs/application_1508227898996_0007/container_1508227898996_0007_01_000002'
removed `/scratch/vparekh/11898478/logs/userlogs/application_1508227898996_0007/container_1508227898996_0007_01_000001/syslog'
removed `/scratch/vparekh/11898478/logs/userlogs/application_1508227898996_0007/container_1508227898996_0007_01_000001/stdout'
removed `/scratch/vparekh/11898478/logs/userlogs/application_1508227898996_0007/container_1508227898996_0007_01_000001/stderr'
removed directory: `/scratch/vparekh/11898478/logs/userlogs/application_1508227898996_0007/container_1508227898996_0007_01_000001'
removed `/scratch/vparekh/11898478/logs/userlogs/application_1508227898996_0007/container_1508227898996_0007_01_000003/syslog'
removed `/scratch/vparekh/11898478/logs/userlogs/application_1508227898996_0007/container_1508227898996_0007_01_000003/stdout'
removed `/scratch/vparekh/11898478/logs/userlogs/application_1508227898996_0007/container_1508227898996_0007_01_000003/stderr'
removed directory: `/scratch/vparekh/11898478/logs/userlogs/application_1508227898996_0007/container_1508227898996_0007_01_000003'
removed directory: `/scratch/vparekh/11898478/logs/userlogs/application_1508227898996_0007'
removed `/scratch/vparekh/11898478/logs/userlogs/application_1508227898996_0001/container_1508227898996_0001_01_000001/stdout'
removed `/scratch/vparekh/11898478/logs/userlogs/application_1508227898996_0001/container_1508227898996_0001_01_000001/syslog'
removed `/scratch/vparekh/11898478/logs/userlogs/application_1508227898996_0001/container_1508227898996_0001_01_000001/stderr'
removed directory: `/scratch/vparekh/11898478/logs/userlogs/application_1508227898996_0001/container_1508227898996_0001_01_000001'
removed directory: `/scratch/vparekh/11898478/logs/userlogs/application_1508227898996_0001'
removed directory: `/scratch/vparekh/11898478/logs/userlogs'
removed `/scratch/vparekh/11898478/logs/hadoop-vparekh-datanode-comet-15-12.sdsc.edu.log'
removed `/scratch/vparekh/11898478/logs/yarn-vparekh-nodemanager-comet-15-12.sdsc.edu.log'
removed `/scratch/vparekh/11898478/logs/SecurityAuth-vparekh.audit'
removed `/scratch/vparekh/11898478/logs/yarn-vparekh-nodemanager-comet-15-12.sdsc.edu.out'
removed `/scratch/vparekh/11898478/logs/hadoop-vparekh-datanode-comet-15-12.sdsc.edu.out'
removed directory: `/scratch/vparekh/11898478/logs'
removed directory: `/scratch/vparekh/11898478/mapred_scratch/filecache'
removed directory: `/scratch/vparekh/11898478/mapred_scratch/nmPrivate'
removed directory: `/scratch/vparekh/11898478/mapred_scratch/usercache/vparekh/filecache'
removed directory: `/scratch/vparekh/11898478/mapred_scratch/usercache/vparekh/appcache'
removed directory: `/scratch/vparekh/11898478/mapred_scratch/usercache/vparekh'
removed directory: `/scratch/vparekh/11898478/mapred_scratch/usercache'
removed directory: `/scratch/vparekh/11898478/mapred_scratch'
removed `/scratch/vparekh/11898478/hdfs_data/current/VERSION'
removed `/scratch/vparekh/11898478/hdfs_data/current/BP-617671616-198.202.116.251-1508227882009/dncp_block_verification.log.curr'
removed directory: `/scratch/vparekh/11898478/hdfs_data/current/BP-617671616-198.202.116.251-1508227882009/tmp'
removed `/scratch/vparekh/11898478/hdfs_data/current/BP-617671616-198.202.116.251-1508227882009/current/VERSION'
removed `/scratch/vparekh/11898478/hdfs_data/current/BP-617671616-198.202.116.251-1508227882009/current/dfsUsed'
removed `/scratch/vparekh/11898478/hdfs_data/current/BP-617671616-198.202.116.251-1508227882009/current/finalized/subdir0/subdir0/blk_1073741843_1019.meta'
removed `/scratch/vparekh/11898478/hdfs_data/current/BP-617671616-198.202.116.251-1508227882009/current/finalized/subdir0/subdir0/blk_1073741894'
removed `/scratch/vparekh/11898478/hdfs_data/current/BP-617671616-198.202.116.251-1508227882009/current/finalized/subdir0/subdir0/blk_1073741873_1049.meta'
removed `/scratch/vparekh/11898478/hdfs_data/current/BP-617671616-198.202.116.251-1508227882009/current/finalized/subdir0/subdir0/blk_1073741863_1039.meta'
removed `/scratch/vparekh/11898478/hdfs_data/current/BP-617671616-198.202.116.251-1508227882009/current/finalized/subdir0/subdir0/blk_1073741842'
removed `/scratch/vparekh/11898478/hdfs_data/current/BP-617671616-198.202.116.251-1508227882009/current/finalized/subdir0/subdir0/blk_1073741835'
removed `/scratch/vparekh/11898478/hdfs_data/current/BP-617671616-198.202.116.251-1508227882009/current/finalized/subdir0/subdir0/blk_1073741844_1020.meta'
removed `/scratch/vparekh/11898478/hdfs_data/current/BP-617671616-198.202.116.251-1508227882009/current/finalized/subdir0/subdir0/blk_1073741895_1071.meta'
removed `/scratch/vparekh/11898478/hdfs_data/current/BP-617671616-198.202.116.251-1508227882009/current/finalized/subdir0/subdir0/blk_1073741833_1009.meta'
removed `/scratch/vparekh/11898478/hdfs_data/current/BP-617671616-198.202.116.251-1508227882009/current/finalized/subdir0/subdir0/blk_1073741863'
removed `/scratch/vparekh/11898478/hdfs_data/current/BP-617671616-198.202.116.251-1508227882009/current/finalized/subdir0/subdir0/blk_1073741864'
removed `/scratch/vparekh/11898478/hdfs_data/current/BP-617671616-198.202.116.251-1508227882009/current/finalized/subdir0/subdir0/blk_1073741835_1011.meta'
removed `/scratch/vparekh/11898478/hdfs_data/current/BP-617671616-198.202.116.251-1508227882009/current/finalized/subdir0/subdir0/blk_1073741893_1069.meta'
removed `/scratch/vparekh/11898478/hdfs_data/current/BP-617671616-198.202.116.251-1508227882009/current/finalized/subdir0/subdir0/blk_1073741832'
removed `/scratch/vparekh/11898478/hdfs_data/current/BP-617671616-198.202.116.251-1508227882009/current/finalized/subdir0/subdir0/blk_1073741845'
removed `/scratch/vparekh/11898478/hdfs_data/current/BP-617671616-198.202.116.251-1508227882009/current/finalized/subdir0/subdir0/blk_1073741875_1051.meta'
removed `/scratch/vparekh/11898478/hdfs_data/current/BP-617671616-198.202.116.251-1508227882009/current/finalized/subdir0/subdir0/blk_1073741893'
removed `/scratch/vparekh/11898478/hdfs_data/current/BP-617671616-198.202.116.251-1508227882009/current/finalized/subdir0/subdir0/blk_1073741873'
removed `/scratch/vparekh/11898478/hdfs_data/current/BP-617671616-198.202.116.251-1508227882009/current/finalized/subdir0/subdir0/blk_1073741834_1010.meta'
removed `/scratch/vparekh/11898478/hdfs_data/current/BP-617671616-198.202.116.251-1508227882009/current/finalized/subdir0/subdir0/blk_1073741892_1068.meta'
removed `/scratch/vparekh/11898478/hdfs_data/current/BP-617671616-198.202.116.251-1508227882009/current/finalized/subdir0/subdir0/blk_1073741884'
removed `/scratch/vparekh/11898478/hdfs_data/current/BP-617671616-198.202.116.251-1508227882009/current/finalized/subdir0/subdir0/blk_1073741825'
removed `/scratch/vparekh/11898478/hdfs_data/current/BP-617671616-198.202.116.251-1508227882009/current/finalized/subdir0/subdir0/blk_1073741852'
removed `/scratch/vparekh/11898478/hdfs_data/current/BP-617671616-198.202.116.251-1508227882009/current/finalized/subdir0/subdir0/blk_1073741874_1050.meta'
removed `/scratch/vparekh/11898478/hdfs_data/current/BP-617671616-198.202.116.251-1508227882009/current/finalized/subdir0/subdir0/blk_1073741872_1048.meta'
removed `/scratch/vparekh/11898478/hdfs_data/current/BP-617671616-198.202.116.251-1508227882009/current/finalized/subdir0/subdir0/blk_1073741862_1038.meta'
removed `/scratch/vparekh/11898478/hdfs_data/current/BP-617671616-198.202.116.251-1508227882009/current/finalized/subdir0/subdir0/blk_1073741855'
removed `/scratch/vparekh/11898478/hdfs_data/current/BP-617671616-198.202.116.251-1508227882009/current/finalized/subdir0/subdir0/blk_1073741842_1018.meta'
removed `/scratch/vparekh/11898478/hdfs_data/current/BP-617671616-198.202.116.251-1508227882009/current/finalized/subdir0/subdir0/blk_1073741883'
removed `/scratch/vparekh/11898478/hdfs_data/current/BP-617671616-198.202.116.251-1508227882009/current/finalized/subdir0/subdir0/blk_1073741845_1021.meta'
removed `/scratch/vparekh/11898478/hdfs_data/current/BP-617671616-198.202.116.251-1508227882009/current/finalized/subdir0/subdir0/blk_1073741894_1070.meta'
removed `/scratch/vparekh/11898478/hdfs_data/current/BP-617671616-198.202.116.251-1508227882009/current/finalized/subdir0/subdir0/blk_1073741832_1008.meta'
removed `/scratch/vparekh/11898478/hdfs_data/current/BP-617671616-198.202.116.251-1508227882009/current/finalized/subdir0/subdir0/blk_1073741874'
removed `/scratch/vparekh/11898478/hdfs_data/current/BP-617671616-198.202.116.251-1508227882009/current/finalized/subdir0/subdir0/blk_1073741844'
removed `/scratch/vparekh/11898478/hdfs_data/current/BP-617671616-198.202.116.251-1508227882009/current/finalized/subdir0/subdir0/blk_1073741833'
removed `/scratch/vparekh/11898478/hdfs_data/current/BP-617671616-198.202.116.251-1508227882009/current/finalized/subdir0/subdir0/blk_1073741853_1029.meta'
removed `/scratch/vparekh/11898478/hdfs_data/current/BP-617671616-198.202.116.251-1508227882009/current/finalized/subdir0/subdir0/blk_1073741892'
removed `/scratch/vparekh/11898478/hdfs_data/current/BP-617671616-198.202.116.251-1508227882009/current/finalized/subdir0/subdir0/blk_1073741864_1040.meta'
removed `/scratch/vparekh/11898478/hdfs_data/current/BP-617671616-198.202.116.251-1508227882009/current/finalized/subdir0/subdir0/blk_1073741865'
removed `/scratch/vparekh/11898478/hdfs_data/current/BP-617671616-198.202.116.251-1508227882009/current/finalized/subdir0/subdir0/blk_1073741862'
removed `/scratch/vparekh/11898478/hdfs_data/current/BP-617671616-198.202.116.251-1508227882009/current/finalized/subdir0/subdir0/blk_1073741883_1059.meta'
removed `/scratch/vparekh/11898478/hdfs_data/current/BP-617671616-198.202.116.251-1508227882009/current/finalized/subdir0/subdir0/blk_1073741895'
removed `/scratch/vparekh/11898478/hdfs_data/current/BP-617671616-198.202.116.251-1508227882009/current/finalized/subdir0/subdir0/blk_1073741884_1060.meta'
removed `/scratch/vparekh/11898478/hdfs_data/current/BP-617671616-198.202.116.251-1508227882009/current/finalized/subdir0/subdir0/blk_1073741855_1031.meta'
removed `/scratch/vparekh/11898478/hdfs_data/current/BP-617671616-198.202.116.251-1508227882009/current/finalized/subdir0/subdir0/blk_1073741834'
removed `/scratch/vparekh/11898478/hdfs_data/current/BP-617671616-198.202.116.251-1508227882009/current/finalized/subdir0/subdir0/blk_1073741843'
removed `/scratch/vparekh/11898478/hdfs_data/current/BP-617671616-198.202.116.251-1508227882009/current/finalized/subdir0/subdir0/blk_1073741875'
removed `/scratch/vparekh/11898478/hdfs_data/current/BP-617671616-198.202.116.251-1508227882009/current/finalized/subdir0/subdir0/blk_1073741882_1058.meta'
removed `/scratch/vparekh/11898478/hdfs_data/current/BP-617671616-198.202.116.251-1508227882009/current/finalized/subdir0/subdir0/blk_1073741854'
removed `/scratch/vparekh/11898478/hdfs_data/current/BP-617671616-198.202.116.251-1508227882009/current/finalized/subdir0/subdir0/blk_1073741882'
removed `/scratch/vparekh/11898478/hdfs_data/current/BP-617671616-198.202.116.251-1508227882009/current/finalized/subdir0/subdir0/blk_1073741885_1061.meta'
removed `/scratch/vparekh/11898478/hdfs_data/current/BP-617671616-198.202.116.251-1508227882009/current/finalized/subdir0/subdir0/blk_1073741854_1030.meta'
removed `/scratch/vparekh/11898478/hdfs_data/current/BP-617671616-198.202.116.251-1508227882009/current/finalized/subdir0/subdir0/blk_1073741885'
removed `/scratch/vparekh/11898478/hdfs_data/current/BP-617671616-198.202.116.251-1508227882009/current/finalized/subdir0/subdir0/blk_1073741852_1028.meta'
removed `/scratch/vparekh/11898478/hdfs_data/current/BP-617671616-198.202.116.251-1508227882009/current/finalized/subdir0/subdir0/blk_1073741825_1001.meta'
removed `/scratch/vparekh/11898478/hdfs_data/current/BP-617671616-198.202.116.251-1508227882009/current/finalized/subdir0/subdir0/blk_1073741853'
removed `/scratch/vparekh/11898478/hdfs_data/current/BP-617671616-198.202.116.251-1508227882009/current/finalized/subdir0/subdir0/blk_1073741872'
removed `/scratch/vparekh/11898478/hdfs_data/current/BP-617671616-198.202.116.251-1508227882009/current/finalized/subdir0/subdir0/blk_1073741865_1041.meta'
removed directory: `/scratch/vparekh/11898478/hdfs_data/current/BP-617671616-198.202.116.251-1508227882009/current/finalized/subdir0/subdir0'
removed directory: `/scratch/vparekh/11898478/hdfs_data/current/BP-617671616-198.202.116.251-1508227882009/current/finalized/subdir0'
removed directory: `/scratch/vparekh/11898478/hdfs_data/current/BP-617671616-198.202.116.251-1508227882009/current/finalized'
removed directory: `/scratch/vparekh/11898478/hdfs_data/current/BP-617671616-198.202.116.251-1508227882009/current/rbw'
removed directory: `/scratch/vparekh/11898478/hdfs_data/current/BP-617671616-198.202.116.251-1508227882009/current'
removed `/scratch/vparekh/11898478/hdfs_data/current/BP-617671616-198.202.116.251-1508227882009/dncp_block_verification.log.prev'
removed directory: `/scratch/vparekh/11898478/hdfs_data/current/BP-617671616-198.202.116.251-1508227882009'
removed directory: `/scratch/vparekh/11898478/hdfs_data/current'
removed directory: `/scratch/vparekh/11898478/hdfs_data'
removed directory: `/scratch/vparekh/11898478/pids'
removed `/scratch/vparekh/11898478/logs/yarn-vparekh-nodemanager-comet-15-37.sdsc.edu.log'
removed `/scratch/vparekh/11898478/logs/hadoop-vparekh-datanode-comet-15-37.sdsc.edu.out'
removed `/scratch/vparekh/11898478/logs/SecurityAuth-vparekh.audit'
removed `/scratch/vparekh/11898478/logs/hadoop-vparekh-datanode-comet-15-37.sdsc.edu.log'
removed `/scratch/vparekh/11898478/logs/userlogs/application_1508227898996_0001/container_1508227898996_0001_01_000003/stdout'
removed `/scratch/vparekh/11898478/logs/userlogs/application_1508227898996_0001/container_1508227898996_0001_01_000003/syslog'
removed `/scratch/vparekh/11898478/logs/userlogs/application_1508227898996_0001/container_1508227898996_0001_01_000003/stderr'
removed directory: `/scratch/vparekh/11898478/logs/userlogs/application_1508227898996_0001/container_1508227898996_0001_01_000003'
removed `/scratch/vparekh/11898478/logs/userlogs/application_1508227898996_0001/container_1508227898996_0001_01_000002/stderr'
removed `/scratch/vparekh/11898478/logs/userlogs/application_1508227898996_0001/container_1508227898996_0001_01_000002/stdout'
removed `/scratch/vparekh/11898478/logs/userlogs/application_1508227898996_0001/container_1508227898996_0001_01_000002/syslog'
removed directory: `/scratch/vparekh/11898478/logs/userlogs/application_1508227898996_0001/container_1508227898996_0001_01_000002'
removed directory: `/scratch/vparekh/11898478/logs/userlogs/application_1508227898996_0001'
removed `/scratch/vparekh/11898478/logs/userlogs/application_1508227898996_0006/container_1508227898996_0006_01_000003/syslog'
removed `/scratch/vparekh/11898478/logs/userlogs/application_1508227898996_0006/container_1508227898996_0006_01_000003/stdout'
removed `/scratch/vparekh/11898478/logs/userlogs/application_1508227898996_0006/container_1508227898996_0006_01_000003/stderr'
removed directory: `/scratch/vparekh/11898478/logs/userlogs/application_1508227898996_0006/container_1508227898996_0006_01_000003'
removed `/scratch/vparekh/11898478/logs/userlogs/application_1508227898996_0006/container_1508227898996_0006_01_000002/stdout'
removed `/scratch/vparekh/11898478/logs/userlogs/application_1508227898996_0006/container_1508227898996_0006_01_000002/syslog'
removed `/scratch/vparekh/11898478/logs/userlogs/application_1508227898996_0006/container_1508227898996_0006_01_000002/stderr'
removed directory: `/scratch/vparekh/11898478/logs/userlogs/application_1508227898996_0006/container_1508227898996_0006_01_000002'
removed `/scratch/vparekh/11898478/logs/userlogs/application_1508227898996_0006/container_1508227898996_0006_01_000001/stderr'
removed `/scratch/vparekh/11898478/logs/userlogs/application_1508227898996_0006/container_1508227898996_0006_01_000001/stdout'
removed `/scratch/vparekh/11898478/logs/userlogs/application_1508227898996_0006/container_1508227898996_0006_01_000001/syslog'
removed directory: `/scratch/vparekh/11898478/logs/userlogs/application_1508227898996_0006/container_1508227898996_0006_01_000001'
removed directory: `/scratch/vparekh/11898478/logs/userlogs/application_1508227898996_0006'
removed `/scratch/vparekh/11898478/logs/userlogs/application_1508227898996_0002/container_1508227898996_0002_01_000003/stderr'
removed `/scratch/vparekh/11898478/logs/userlogs/application_1508227898996_0002/container_1508227898996_0002_01_000003/syslog'
removed `/scratch/vparekh/11898478/logs/userlogs/application_1508227898996_0002/container_1508227898996_0002_01_000003/stdout'
removed directory: `/scratch/vparekh/11898478/logs/userlogs/application_1508227898996_0002/container_1508227898996_0002_01_000003'
removed `/scratch/vparekh/11898478/logs/userlogs/application_1508227898996_0002/container_1508227898996_0002_01_000001/stderr'
removed `/scratch/vparekh/11898478/logs/userlogs/application_1508227898996_0002/container_1508227898996_0002_01_000001/stdout'
removed `/scratch/vparekh/11898478/logs/userlogs/application_1508227898996_0002/container_1508227898996_0002_01_000001/syslog'
removed directory: `/scratch/vparekh/11898478/logs/userlogs/application_1508227898996_0002/container_1508227898996_0002_01_000001'
removed `/scratch/vparekh/11898478/logs/userlogs/application_1508227898996_0002/container_1508227898996_0002_01_000002/syslog'
removed `/scratch/vparekh/11898478/logs/userlogs/application_1508227898996_0002/container_1508227898996_0002_01_000002/stdout'
removed `/scratch/vparekh/11898478/logs/userlogs/application_1508227898996_0002/container_1508227898996_0002_01_000002/stderr'
removed directory: `/scratch/vparekh/11898478/logs/userlogs/application_1508227898996_0002/container_1508227898996_0002_01_000002'
removed directory: `/scratch/vparekh/11898478/logs/userlogs/application_1508227898996_0002'
removed `/scratch/vparekh/11898478/logs/userlogs/application_1508227898996_0005/container_1508227898996_0005_01_000003/stderr'
removed `/scratch/vparekh/11898478/logs/userlogs/application_1508227898996_0005/container_1508227898996_0005_01_000003/stdout'
removed `/scratch/vparekh/11898478/logs/userlogs/application_1508227898996_0005/container_1508227898996_0005_01_000003/syslog'
removed directory: `/scratch/vparekh/11898478/logs/userlogs/application_1508227898996_0005/container_1508227898996_0005_01_000003'
removed `/scratch/vparekh/11898478/logs/userlogs/application_1508227898996_0005/container_1508227898996_0005_01_000002/stderr'
removed `/scratch/vparekh/11898478/logs/userlogs/application_1508227898996_0005/container_1508227898996_0005_01_000002/stdout'
removed `/scratch/vparekh/11898478/logs/userlogs/application_1508227898996_0005/container_1508227898996_0005_01_000002/syslog'
removed directory: `/scratch/vparekh/11898478/logs/userlogs/application_1508227898996_0005/container_1508227898996_0005_01_000002'
removed directory: `/scratch/vparekh/11898478/logs/userlogs/application_1508227898996_0005'
removed `/scratch/vparekh/11898478/logs/userlogs/application_1508227898996_0004/container_1508227898996_0004_01_000003/stdout'
removed `/scratch/vparekh/11898478/logs/userlogs/application_1508227898996_0004/container_1508227898996_0004_01_000003/syslog'
removed `/scratch/vparekh/11898478/logs/userlogs/application_1508227898996_0004/container_1508227898996_0004_01_000003/stderr'
removed directory: `/scratch/vparekh/11898478/logs/userlogs/application_1508227898996_0004/container_1508227898996_0004_01_000003'
removed `/scratch/vparekh/11898478/logs/userlogs/application_1508227898996_0004/container_1508227898996_0004_01_000002/stdout'
removed `/scratch/vparekh/11898478/logs/userlogs/application_1508227898996_0004/container_1508227898996_0004_01_000002/syslog'
removed `/scratch/vparekh/11898478/logs/userlogs/application_1508227898996_0004/container_1508227898996_0004_01_000002/stderr'
removed directory: `/scratch/vparekh/11898478/logs/userlogs/application_1508227898996_0004/container_1508227898996_0004_01_000002'
removed directory: `/scratch/vparekh/11898478/logs/userlogs/application_1508227898996_0004'
removed `/scratch/vparekh/11898478/logs/userlogs/application_1508227898996_0003/container_1508227898996_0003_01_000003/syslog'
removed `/scratch/vparekh/11898478/logs/userlogs/application_1508227898996_0003/container_1508227898996_0003_01_000003/stdout'
removed `/scratch/vparekh/11898478/logs/userlogs/application_1508227898996_0003/container_1508227898996_0003_01_000003/stderr'
removed directory: `/scratch/vparekh/11898478/logs/userlogs/application_1508227898996_0003/container_1508227898996_0003_01_000003'
removed `/scratch/vparekh/11898478/logs/userlogs/application_1508227898996_0003/container_1508227898996_0003_01_000002/stdout'
removed `/scratch/vparekh/11898478/logs/userlogs/application_1508227898996_0003/container_1508227898996_0003_01_000002/syslog'
removed `/scratch/vparekh/11898478/logs/userlogs/application_1508227898996_0003/container_1508227898996_0003_01_000002/stderr'
removed directory: `/scratch/vparekh/11898478/logs/userlogs/application_1508227898996_0003/container_1508227898996_0003_01_000002'
removed directory: `/scratch/vparekh/11898478/logs/userlogs/application_1508227898996_0003'
removed directory: `/scratch/vparekh/11898478/logs/userlogs'
removed `/scratch/vparekh/11898478/logs/yarn-vparekh-nodemanager-comet-15-37.sdsc.edu.out'
removed directory: `/scratch/vparekh/11898478/logs'
removed directory: `/tmp/Jetty_0_0_0_0_50075_datanode____hwtdwq/.active'
removed directory: `/tmp/Jetty_0_0_0_0_50075_datanode____hwtdwq/jsp'
removed directory: `/tmp/Jetty_0_0_0_0_50075_datanode____hwtdwq'
removed directory: `/tmp/Jetty_0_0_0_0_50070_hdfs____w2cu08/.active'
removed directory: `/tmp/Jetty_0_0_0_0_50070_hdfs____w2cu08/jsp'
removed directory: `/tmp/Jetty_0_0_0_0_50070_hdfs____w2cu08'
removed directory: `/tmp/Jetty_comet.15.11_ibnet_50090_secondary____dy5kgd/.active'
removed directory: `/tmp/Jetty_comet.15.11_ibnet_50090_secondary____dy5kgd/jsp'
removed directory: `/tmp/Jetty_comet.15.11_ibnet_50090_secondary____dy5kgd'
