2017-10-17 01:15:18,141 WARN  [main] util.NativeCodeLoader (NativeCodeLoader.java:<clinit>(62)) - Unable to load native-hadoop library for your platform... using builtin-java classes where applicable
2017-10-17 01:15:18,398 INFO  [main] Configuration.deprecation (Configuration.java:warnOnceIfDeprecated(1049)) - session.id is deprecated. Instead, use dfs.metrics.session-id
2017-10-17 01:15:18,399 INFO  [main] jvm.JvmMetrics (JvmMetrics.java:init(76)) - Initializing JVM Metrics with processName=JobTracker, sessionId=
2017-10-17 01:15:18,763 WARN  [main] mapreduce.JobSubmitter (JobSubmitter.java:copyAndConfigureFiles(153)) - Hadoop command-line option parsing not performed. Implement the Tool interface and execute your application with ToolRunner to remedy this.
2017-10-17 01:15:18,789 INFO  [main] input.FileInputFormat (FileInputFormat.java:listStatus(281)) - Total input paths to process : 1
2017-10-17 01:15:18,834 INFO  [main] mapreduce.JobSubmitter (JobSubmitter.java:submitJobInternal(494)) - number of splits:1
2017-10-17 01:15:18,973 INFO  [main] mapreduce.JobSubmitter (JobSubmitter.java:printTokens(583)) - Submitting tokens for job: job_local656596227_0001
2017-10-17 01:15:19,391 INFO  [main] mapreduce.Job (Job.java:submit(1300)) - The url to track the job: http://localhost:8080/
2017-10-17 01:15:19,392 INFO  [main] mapreduce.Job (Job.java:monitorAndPrintJob(1345)) - Running job: job_local656596227_0001
2017-10-17 01:15:19,395 INFO  [Thread-13] mapred.LocalJobRunner (LocalJobRunner.java:createOutputCommitter(471)) - OutputCommitter set in config null
2017-10-17 01:15:19,406 INFO  [Thread-13] mapred.LocalJobRunner (LocalJobRunner.java:createOutputCommitter(489)) - OutputCommitter is org.apache.hadoop.mapreduce.lib.output.FileOutputCommitter
2017-10-17 01:15:19,519 INFO  [Thread-13] mapred.LocalJobRunner (LocalJobRunner.java:runTasks(448)) - Waiting for map tasks
2017-10-17 01:15:19,520 INFO  [LocalJobRunner Map Task Executor #0] mapred.LocalJobRunner (LocalJobRunner.java:run(224)) - Starting task: attempt_local656596227_0001_m_000000_0
2017-10-17 01:15:19,564 INFO  [LocalJobRunner Map Task Executor #0] mapred.Task (Task.java:initialize(587)) -  Using ResourceCalculatorProcessTree : [ ]
2017-10-17 01:15:19,566 INFO  [LocalJobRunner Map Task Executor #0] mapred.MapTask (MapTask.java:runNewMapper(753)) - Processing split: file:/home/vparekh/project2/small-graph.txt:0+56
2017-10-17 01:15:19,743 INFO  [LocalJobRunner Map Task Executor #0] mapred.MapTask (MapTask.java:setEquator(1202)) - (EQUATOR) 0 kvi 26214396(104857584)
2017-10-17 01:15:19,744 INFO  [LocalJobRunner Map Task Executor #0] mapred.MapTask (MapTask.java:init(995)) - mapreduce.task.io.sort.mb: 100
2017-10-17 01:15:19,744 INFO  [LocalJobRunner Map Task Executor #0] mapred.MapTask (MapTask.java:init(996)) - soft limit at 83886080
2017-10-17 01:15:19,744 INFO  [LocalJobRunner Map Task Executor #0] mapred.MapTask (MapTask.java:init(997)) - bufstart = 0; bufvoid = 104857600
2017-10-17 01:15:19,745 INFO  [LocalJobRunner Map Task Executor #0] mapred.MapTask (MapTask.java:init(998)) - kvstart = 26214396; length = 6553600
2017-10-17 01:15:19,778 INFO  [LocalJobRunner Map Task Executor #0] mapred.MapTask (MapTask.java:createSortingCollector(402)) - Map output collector class = org.apache.hadoop.mapred.MapTask$MapOutputBuffer
2017-10-17 01:15:19,805 INFO  [LocalJobRunner Map Task Executor #0] mapred.LocalJobRunner (LocalJobRunner.java:statusUpdate(591)) - 
2017-10-17 01:15:19,813 INFO  [LocalJobRunner Map Task Executor #0] mapred.MapTask (MapTask.java:flush(1457)) - Starting flush of map output
2017-10-17 01:15:19,813 INFO  [LocalJobRunner Map Task Executor #0] mapred.MapTask (MapTask.java:flush(1475)) - Spilling map output
2017-10-17 01:15:19,813 INFO  [LocalJobRunner Map Task Executor #0] mapred.MapTask (MapTask.java:flush(1476)) - bufstart = 0; bufend = 464; bufvoid = 104857600
2017-10-17 01:15:19,813 INFO  [LocalJobRunner Map Task Executor #0] mapred.MapTask (MapTask.java:flush(1478)) - kvstart = 26214396(104857584); kvend = 26214360(104857440); length = 37/6553600
2017-10-17 01:15:19,826 INFO  [LocalJobRunner Map Task Executor #0] mapred.MapTask (MapTask.java:sortAndSpill(1660)) - Finished spill 0
2017-10-17 01:15:19,848 INFO  [LocalJobRunner Map Task Executor #0] mapred.Task (Task.java:done(1001)) - Task:attempt_local656596227_0001_m_000000_0 is done. And is in the process of committing
2017-10-17 01:15:19,867 INFO  [LocalJobRunner Map Task Executor #0] mapred.LocalJobRunner (LocalJobRunner.java:statusUpdate(591)) - map
2017-10-17 01:15:19,867 INFO  [LocalJobRunner Map Task Executor #0] mapred.Task (Task.java:sendDone(1121)) - Task 'attempt_local656596227_0001_m_000000_0' done.
2017-10-17 01:15:19,867 INFO  [LocalJobRunner Map Task Executor #0] mapred.LocalJobRunner (LocalJobRunner.java:run(249)) - Finishing task: attempt_local656596227_0001_m_000000_0
2017-10-17 01:15:19,870 INFO  [Thread-13] mapred.LocalJobRunner (LocalJobRunner.java:runTasks(456)) - map task executor complete.
2017-10-17 01:15:19,887 INFO  [Thread-13] mapred.LocalJobRunner (LocalJobRunner.java:runTasks(448)) - Waiting for reduce tasks
2017-10-17 01:15:19,888 INFO  [pool-3-thread-1] mapred.LocalJobRunner (LocalJobRunner.java:run(302)) - Starting task: attempt_local656596227_0001_r_000000_0
2017-10-17 01:15:19,905 INFO  [pool-3-thread-1] mapred.Task (Task.java:initialize(587)) -  Using ResourceCalculatorProcessTree : [ ]
2017-10-17 01:15:19,908 INFO  [pool-3-thread-1] mapred.ReduceTask (ReduceTask.java:run(362)) - Using ShuffleConsumerPlugin: org.apache.hadoop.mapreduce.task.reduce.Shuffle@fa1b9e2
2017-10-17 01:15:19,928 INFO  [pool-3-thread-1] reduce.MergeManagerImpl (MergeManagerImpl.java:<init>(196)) - MergerManager: memoryLimit=703542080, maxSingleShuffleLimit=175885520, mergeThreshold=464337792, ioSortFactor=10, memToMemMergeOutputsThreshold=10
2017-10-17 01:15:19,954 INFO  [EventFetcher for fetching Map Completion Events] reduce.EventFetcher (EventFetcher.java:run(61)) - attempt_local656596227_0001_r_000000_0 Thread started: EventFetcher for fetching Map Completion Events
2017-10-17 01:15:20,041 INFO  [localfetcher#1] reduce.LocalFetcher (LocalFetcher.java:copyMapOutput(141)) - localfetcher#1 about to shuffle output of map attempt_local656596227_0001_m_000000_0 decomp: 486 len: 490 to MEMORY
2017-10-17 01:15:20,044 INFO  [localfetcher#1] reduce.InMemoryMapOutput (InMemoryMapOutput.java:shuffle(100)) - Read 486 bytes from map-output for attempt_local656596227_0001_m_000000_0
2017-10-17 01:15:20,086 INFO  [localfetcher#1] reduce.MergeManagerImpl (MergeManagerImpl.java:closeInMemoryFile(314)) - closeInMemoryFile -> map-output of size: 486, inMemoryMapOutputs.size() -> 1, commitMemory -> 0, usedMemory ->486
2017-10-17 01:15:20,087 INFO  [EventFetcher for fetching Map Completion Events] reduce.EventFetcher (EventFetcher.java:run(76)) - EventFetcher is interrupted.. Returning
2017-10-17 01:15:20,087 INFO  [pool-3-thread-1] mapred.LocalJobRunner (LocalJobRunner.java:statusUpdate(591)) - 1 / 1 copied.
2017-10-17 01:15:20,087 INFO  [pool-3-thread-1] reduce.MergeManagerImpl (MergeManagerImpl.java:finalMerge(674)) - finalMerge called with 1 in-memory map-outputs and 0 on-disk map-outputs
2017-10-17 01:15:20,093 INFO  [pool-3-thread-1] mapred.Merger (Merger.java:merge(597)) - Merging 1 sorted segments
2017-10-17 01:15:20,093 INFO  [pool-3-thread-1] mapred.Merger (Merger.java:merge(696)) - Down to the last merge-pass, with 1 segments left of total size: 476 bytes
2017-10-17 01:15:20,114 INFO  [pool-3-thread-1] reduce.MergeManagerImpl (MergeManagerImpl.java:finalMerge(751)) - Merged 1 segments, 486 bytes to disk to satisfy reduce memory limit
2017-10-17 01:15:20,119 INFO  [pool-3-thread-1] reduce.MergeManagerImpl (MergeManagerImpl.java:finalMerge(781)) - Merging 1 files, 490 bytes from disk
2017-10-17 01:15:20,119 INFO  [pool-3-thread-1] reduce.MergeManagerImpl (MergeManagerImpl.java:finalMerge(796)) - Merging 0 segments, 0 bytes from memory into reduce
2017-10-17 01:15:20,120 INFO  [pool-3-thread-1] mapred.Merger (Merger.java:merge(597)) - Merging 1 sorted segments
2017-10-17 01:15:20,120 INFO  [pool-3-thread-1] mapred.Merger (Merger.java:merge(696)) - Down to the last merge-pass, with 1 segments left of total size: 476 bytes
2017-10-17 01:15:20,120 INFO  [pool-3-thread-1] mapred.LocalJobRunner (LocalJobRunner.java:statusUpdate(591)) - 1 / 1 copied.
2017-10-17 01:15:20,174 INFO  [pool-3-thread-1] Configuration.deprecation (Configuration.java:warnOnceIfDeprecated(1049)) - mapred.skip.on is deprecated. Instead, use mapreduce.job.skiprecords
2017-10-17 01:15:20,181 INFO  [pool-3-thread-1] mapred.Task (Task.java:done(1001)) - Task:attempt_local656596227_0001_r_000000_0 is done. And is in the process of committing
2017-10-17 01:15:20,188 INFO  [pool-3-thread-1] mapred.LocalJobRunner (LocalJobRunner.java:statusUpdate(591)) - 1 / 1 copied.
2017-10-17 01:15:20,188 INFO  [pool-3-thread-1] mapred.Task (Task.java:commit(1162)) - Task attempt_local656596227_0001_r_000000_0 is allowed to commit now
2017-10-17 01:15:20,208 INFO  [pool-3-thread-1] output.FileOutputCommitter (FileOutputCommitter.java:commitTask(439)) - Saved output of task 'attempt_local656596227_0001_r_000000_0' to file:/home/vparekh/project2/intermediate/f0/_temporary/0/task_local656596227_0001_r_000000
2017-10-17 01:15:20,209 INFO  [pool-3-thread-1] mapred.LocalJobRunner (LocalJobRunner.java:statusUpdate(591)) - reduce > reduce
2017-10-17 01:15:20,209 INFO  [pool-3-thread-1] mapred.Task (Task.java:sendDone(1121)) - Task 'attempt_local656596227_0001_r_000000_0' done.
2017-10-17 01:15:20,209 INFO  [pool-3-thread-1] mapred.LocalJobRunner (LocalJobRunner.java:run(325)) - Finishing task: attempt_local656596227_0001_r_000000_0
2017-10-17 01:15:20,210 INFO  [Thread-13] mapred.LocalJobRunner (LocalJobRunner.java:runTasks(456)) - reduce task executor complete.
2017-10-17 01:15:20,394 INFO  [main] mapreduce.Job (Job.java:monitorAndPrintJob(1366)) - Job job_local656596227_0001 running in uber mode : false
2017-10-17 01:15:20,395 INFO  [main] mapreduce.Job (Job.java:monitorAndPrintJob(1373)) -  map 100% reduce 100%
2017-10-17 01:15:20,396 INFO  [main] mapreduce.Job (Job.java:monitorAndPrintJob(1384)) - Job job_local656596227_0001 completed successfully
2017-10-17 01:15:20,414 INFO  [main] mapreduce.Job (Job.java:monitorAndPrintJob(1391)) - Counters: 33
	File System Counters
		FILE: Number of bytes read=17776
		FILE: Number of bytes written=522433
		FILE: Number of read operations=0
		FILE: Number of large read operations=0
		FILE: Number of write operations=0
	Map-Reduce Framework
		Map input records=10
		Map output records=10
		Map output bytes=464
		Map output materialized bytes=490
		Input split bytes=108
		Combine input records=0
		Combine output records=0
		Reduce input groups=10
		Reduce shuffle bytes=490
		Reduce input records=10
		Reduce output records=10
		Spilled Records=20
		Shuffled Maps =1
		Failed Shuffles=0
		Merged Map outputs=1
		GC time elapsed (ms)=102
		CPU time spent (ms)=0
		Physical memory (bytes) snapshot=0
		Virtual memory (bytes) snapshot=0
		Total committed heap usage (bytes)=2010120192
	Shuffle Errors
		BAD_ID=0
		CONNECTION=0
		IO_ERROR=0
		WRONG_LENGTH=0
		WRONG_MAP=0
		WRONG_REDUCE=0
	File Input Format Counters 
		Bytes Read=56
	File Output Format Counters 
		Bytes Written=643
2017-10-17 01:15:20,498 INFO  [main] jvm.JvmMetrics (JvmMetrics.java:init(71)) - Cannot initialize JVM Metrics with processName=JobTracker, sessionId= - already initialized
2017-10-17 01:15:20,512 WARN  [main] mapreduce.JobSubmitter (JobSubmitter.java:copyAndConfigureFiles(153)) - Hadoop command-line option parsing not performed. Implement the Tool interface and execute your application with ToolRunner to remedy this.
2017-10-17 01:15:20,588 INFO  [main] input.FileInputFormat (FileInputFormat.java:listStatus(281)) - Total input paths to process : 1
2017-10-17 01:15:20,616 INFO  [main] mapreduce.JobSubmitter (JobSubmitter.java:submitJobInternal(494)) - number of splits:1
2017-10-17 01:15:20,635 INFO  [main] mapreduce.JobSubmitter (JobSubmitter.java:printTokens(583)) - Submitting tokens for job: job_local2056994806_0002
2017-10-17 01:15:20,776 INFO  [main] mapreduce.Job (Job.java:submit(1300)) - The url to track the job: http://localhost:8080/
2017-10-17 01:15:20,776 INFO  [main] mapreduce.Job (Job.java:monitorAndPrintJob(1345)) - Running job: job_local2056994806_0002
2017-10-17 01:15:20,777 INFO  [Thread-37] mapred.LocalJobRunner (LocalJobRunner.java:createOutputCommitter(471)) - OutputCommitter set in config null
2017-10-17 01:15:20,777 INFO  [Thread-37] mapred.LocalJobRunner (LocalJobRunner.java:createOutputCommitter(489)) - OutputCommitter is org.apache.hadoop.mapreduce.lib.output.FileOutputCommitter
2017-10-17 01:15:20,801 INFO  [Thread-37] mapred.LocalJobRunner (LocalJobRunner.java:runTasks(448)) - Waiting for map tasks
2017-10-17 01:15:20,802 INFO  [LocalJobRunner Map Task Executor #0] mapred.LocalJobRunner (LocalJobRunner.java:run(224)) - Starting task: attempt_local2056994806_0002_m_000000_0
2017-10-17 01:15:20,814 INFO  [LocalJobRunner Map Task Executor #0] mapred.Task (Task.java:initialize(587)) -  Using ResourceCalculatorProcessTree : [ ]
2017-10-17 01:15:20,815 INFO  [LocalJobRunner Map Task Executor #0] mapred.MapTask (MapTask.java:runNewMapper(753)) - Processing split: file:/home/vparekh/project2/intermediate/f0/part-r-00000:0+627
2017-10-17 01:15:20,937 INFO  [LocalJobRunner Map Task Executor #0] mapred.MapTask (MapTask.java:setEquator(1202)) - (EQUATOR) 0 kvi 26214396(104857584)
2017-10-17 01:15:20,937 INFO  [LocalJobRunner Map Task Executor #0] mapred.MapTask (MapTask.java:init(995)) - mapreduce.task.io.sort.mb: 100
2017-10-17 01:15:20,937 INFO  [LocalJobRunner Map Task Executor #0] mapred.MapTask (MapTask.java:init(996)) - soft limit at 83886080
2017-10-17 01:15:20,937 INFO  [LocalJobRunner Map Task Executor #0] mapred.MapTask (MapTask.java:init(997)) - bufstart = 0; bufvoid = 104857600
2017-10-17 01:15:20,937 INFO  [LocalJobRunner Map Task Executor #0] mapred.MapTask (MapTask.java:init(998)) - kvstart = 26214396; length = 6553600
2017-10-17 01:15:20,949 INFO  [LocalJobRunner Map Task Executor #0] mapred.MapTask (MapTask.java:createSortingCollector(402)) - Map output collector class = org.apache.hadoop.mapred.MapTask$MapOutputBuffer
2017-10-17 01:15:20,976 INFO  [LocalJobRunner Map Task Executor #0] mapred.LocalJobRunner (LocalJobRunner.java:statusUpdate(591)) - 
2017-10-17 01:15:20,980 INFO  [LocalJobRunner Map Task Executor #0] mapred.MapTask (MapTask.java:flush(1457)) - Starting flush of map output
2017-10-17 01:15:20,980 INFO  [LocalJobRunner Map Task Executor #0] mapred.MapTask (MapTask.java:flush(1475)) - Spilling map output
2017-10-17 01:15:20,980 INFO  [LocalJobRunner Map Task Executor #0] mapred.MapTask (MapTask.java:flush(1476)) - bufstart = 0; bufend = 1040; bufvoid = 104857600
2017-10-17 01:15:20,980 INFO  [LocalJobRunner Map Task Executor #0] mapred.MapTask (MapTask.java:flush(1478)) - kvstart = 26214396(104857584); kvend = 26214288(104857152); length = 109/6553600
2017-10-17 01:15:20,981 INFO  [LocalJobRunner Map Task Executor #0] mapred.MapTask (MapTask.java:sortAndSpill(1660)) - Finished spill 0
2017-10-17 01:15:20,982 INFO  [LocalJobRunner Map Task Executor #0] mapred.Task (Task.java:done(1001)) - Task:attempt_local2056994806_0002_m_000000_0 is done. And is in the process of committing
2017-10-17 01:15:21,004 INFO  [LocalJobRunner Map Task Executor #0] mapred.LocalJobRunner (LocalJobRunner.java:statusUpdate(591)) - map
2017-10-17 01:15:21,004 INFO  [LocalJobRunner Map Task Executor #0] mapred.Task (Task.java:sendDone(1121)) - Task 'attempt_local2056994806_0002_m_000000_0' done.
2017-10-17 01:15:21,004 INFO  [LocalJobRunner Map Task Executor #0] mapred.LocalJobRunner (LocalJobRunner.java:run(249)) - Finishing task: attempt_local2056994806_0002_m_000000_0
2017-10-17 01:15:21,005 INFO  [Thread-37] mapred.LocalJobRunner (LocalJobRunner.java:runTasks(456)) - map task executor complete.
2017-10-17 01:15:21,019 INFO  [Thread-37] mapred.LocalJobRunner (LocalJobRunner.java:runTasks(448)) - Waiting for reduce tasks
2017-10-17 01:15:21,019 INFO  [pool-6-thread-1] mapred.LocalJobRunner (LocalJobRunner.java:run(302)) - Starting task: attempt_local2056994806_0002_r_000000_0
2017-10-17 01:15:21,030 INFO  [pool-6-thread-1] mapred.Task (Task.java:initialize(587)) -  Using ResourceCalculatorProcessTree : [ ]
2017-10-17 01:15:21,030 INFO  [pool-6-thread-1] mapred.ReduceTask (ReduceTask.java:run(362)) - Using ShuffleConsumerPlugin: org.apache.hadoop.mapreduce.task.reduce.Shuffle@1a5433be
2017-10-17 01:15:21,032 INFO  [pool-6-thread-1] reduce.MergeManagerImpl (MergeManagerImpl.java:<init>(196)) - MergerManager: memoryLimit=703542080, maxSingleShuffleLimit=175885520, mergeThreshold=464337792, ioSortFactor=10, memToMemMergeOutputsThreshold=10
2017-10-17 01:15:21,056 INFO  [EventFetcher for fetching Map Completion Events] reduce.EventFetcher (EventFetcher.java:run(61)) - attempt_local2056994806_0002_r_000000_0 Thread started: EventFetcher for fetching Map Completion Events
2017-10-17 01:15:21,059 INFO  [localfetcher#2] reduce.LocalFetcher (LocalFetcher.java:copyMapOutput(141)) - localfetcher#2 about to shuffle output of map attempt_local2056994806_0002_m_000000_0 decomp: 1098 len: 1102 to MEMORY
2017-10-17 01:15:21,059 INFO  [localfetcher#2] reduce.InMemoryMapOutput (InMemoryMapOutput.java:shuffle(100)) - Read 1098 bytes from map-output for attempt_local2056994806_0002_m_000000_0
2017-10-17 01:15:21,061 INFO  [localfetcher#2] reduce.MergeManagerImpl (MergeManagerImpl.java:closeInMemoryFile(314)) - closeInMemoryFile -> map-output of size: 1098, inMemoryMapOutputs.size() -> 1, commitMemory -> 0, usedMemory ->1098
2017-10-17 01:15:21,062 INFO  [EventFetcher for fetching Map Completion Events] reduce.EventFetcher (EventFetcher.java:run(76)) - EventFetcher is interrupted.. Returning
2017-10-17 01:15:21,062 INFO  [pool-6-thread-1] mapred.LocalJobRunner (LocalJobRunner.java:statusUpdate(591)) - 1 / 1 copied.
2017-10-17 01:15:21,062 INFO  [pool-6-thread-1] reduce.MergeManagerImpl (MergeManagerImpl.java:finalMerge(674)) - finalMerge called with 1 in-memory map-outputs and 0 on-disk map-outputs
2017-10-17 01:15:21,063 INFO  [pool-6-thread-1] mapred.Merger (Merger.java:merge(597)) - Merging 1 sorted segments
2017-10-17 01:15:21,063 INFO  [pool-6-thread-1] mapred.Merger (Merger.java:merge(696)) - Down to the last merge-pass, with 1 segments left of total size: 1088 bytes
2017-10-17 01:15:21,064 INFO  [pool-6-thread-1] reduce.MergeManagerImpl (MergeManagerImpl.java:finalMerge(751)) - Merged 1 segments, 1098 bytes to disk to satisfy reduce memory limit
2017-10-17 01:15:21,064 INFO  [pool-6-thread-1] reduce.MergeManagerImpl (MergeManagerImpl.java:finalMerge(781)) - Merging 1 files, 1102 bytes from disk
2017-10-17 01:15:21,064 INFO  [pool-6-thread-1] reduce.MergeManagerImpl (MergeManagerImpl.java:finalMerge(796)) - Merging 0 segments, 0 bytes from memory into reduce
2017-10-17 01:15:21,064 INFO  [pool-6-thread-1] mapred.Merger (Merger.java:merge(597)) - Merging 1 sorted segments
2017-10-17 01:15:21,064 INFO  [pool-6-thread-1] mapred.Merger (Merger.java:merge(696)) - Down to the last merge-pass, with 1 segments left of total size: 1088 bytes
2017-10-17 01:15:21,065 INFO  [pool-6-thread-1] mapred.LocalJobRunner (LocalJobRunner.java:statusUpdate(591)) - 1 / 1 copied.
2017-10-17 01:15:21,097 INFO  [pool-6-thread-1] mapred.Task (Task.java:done(1001)) - Task:attempt_local2056994806_0002_r_000000_0 is done. And is in the process of committing
2017-10-17 01:15:21,098 INFO  [pool-6-thread-1] mapred.LocalJobRunner (LocalJobRunner.java:statusUpdate(591)) - 1 / 1 copied.
2017-10-17 01:15:21,098 INFO  [pool-6-thread-1] mapred.Task (Task.java:commit(1162)) - Task attempt_local2056994806_0002_r_000000_0 is allowed to commit now
2017-10-17 01:15:21,102 INFO  [pool-6-thread-1] output.FileOutputCommitter (FileOutputCommitter.java:commitTask(439)) - Saved output of task 'attempt_local2056994806_0002_r_000000_0' to file:/home/vparekh/project2/intermediate/f1/_temporary/0/task_local2056994806_0002_r_000000
2017-10-17 01:15:21,103 INFO  [pool-6-thread-1] mapred.LocalJobRunner (LocalJobRunner.java:statusUpdate(591)) - reduce > reduce
2017-10-17 01:15:21,103 INFO  [pool-6-thread-1] mapred.Task (Task.java:sendDone(1121)) - Task 'attempt_local2056994806_0002_r_000000_0' done.
2017-10-17 01:15:21,103 INFO  [pool-6-thread-1] mapred.LocalJobRunner (LocalJobRunner.java:run(325)) - Finishing task: attempt_local2056994806_0002_r_000000_0
2017-10-17 01:15:21,103 INFO  [Thread-37] mapred.LocalJobRunner (LocalJobRunner.java:runTasks(456)) - reduce task executor complete.
2017-10-17 01:15:21,776 INFO  [main] mapreduce.Job (Job.java:monitorAndPrintJob(1366)) - Job job_local2056994806_0002 running in uber mode : false
2017-10-17 01:15:21,776 INFO  [main] mapreduce.Job (Job.java:monitorAndPrintJob(1373)) -  map 100% reduce 100%
2017-10-17 01:15:21,777 INFO  [main] mapreduce.Job (Job.java:monitorAndPrintJob(1384)) - Job job_local2056994806_0002 completed successfully
2017-10-17 01:15:21,782 INFO  [main] mapreduce.Job (Job.java:monitorAndPrintJob(1391)) - Counters: 33
	File System Counters
		FILE: Number of bytes read=38992
		FILE: Number of bytes written=1053929
		FILE: Number of read operations=0
		FILE: Number of large read operations=0
		FILE: Number of write operations=0
	Map-Reduce Framework
		Map input records=10
		Map output records=28
		Map output bytes=1040
		Map output materialized bytes=1102
		Input split bytes=121
		Combine input records=0
		Combine output records=0
		Reduce input groups=10
		Reduce shuffle bytes=1102
		Reduce input records=28
		Reduce output records=10
		Spilled Records=56
		Shuffled Maps =1
		Failed Shuffles=0
		Merged Map outputs=1
		GC time elapsed (ms)=94
		CPU time spent (ms)=0
		Physical memory (bytes) snapshot=0
		Virtual memory (bytes) snapshot=0
		Total committed heap usage (bytes)=2010120192
	Shuffle Errors
		BAD_ID=0
		CONNECTION=0
		IO_ERROR=0
		WRONG_LENGTH=0
		WRONG_MAP=0
		WRONG_REDUCE=0
	File Input Format Counters 
		Bytes Read=643
	File Output Format Counters 
		Bytes Written=643
2017-10-17 01:15:21,811 INFO  [main] jvm.JvmMetrics (JvmMetrics.java:init(71)) - Cannot initialize JVM Metrics with processName=JobTracker, sessionId= - already initialized
2017-10-17 01:15:21,848 WARN  [main] mapreduce.JobSubmitter (JobSubmitter.java:copyAndConfigureFiles(153)) - Hadoop command-line option parsing not performed. Implement the Tool interface and execute your application with ToolRunner to remedy this.
2017-10-17 01:15:21,953 INFO  [main] input.FileInputFormat (FileInputFormat.java:listStatus(281)) - Total input paths to process : 1
2017-10-17 01:15:22,028 INFO  [main] mapreduce.JobSubmitter (JobSubmitter.java:submitJobInternal(494)) - number of splits:1
2017-10-17 01:15:22,071 INFO  [main] mapreduce.JobSubmitter (JobSubmitter.java:printTokens(583)) - Submitting tokens for job: job_local275952090_0003
2017-10-17 01:15:22,276 INFO  [main] mapreduce.Job (Job.java:submit(1300)) - The url to track the job: http://localhost:8080/
2017-10-17 01:15:22,276 INFO  [main] mapreduce.Job (Job.java:monitorAndPrintJob(1345)) - Running job: job_local275952090_0003
2017-10-17 01:15:22,276 INFO  [Thread-59] mapred.LocalJobRunner (LocalJobRunner.java:createOutputCommitter(471)) - OutputCommitter set in config null
2017-10-17 01:15:22,277 INFO  [Thread-59] mapred.LocalJobRunner (LocalJobRunner.java:createOutputCommitter(489)) - OutputCommitter is org.apache.hadoop.mapreduce.lib.output.FileOutputCommitter
2017-10-17 01:15:22,304 INFO  [Thread-59] mapred.LocalJobRunner (LocalJobRunner.java:runTasks(448)) - Waiting for map tasks
2017-10-17 01:15:22,304 INFO  [LocalJobRunner Map Task Executor #0] mapred.LocalJobRunner (LocalJobRunner.java:run(224)) - Starting task: attempt_local275952090_0003_m_000000_0
2017-10-17 01:15:22,316 INFO  [LocalJobRunner Map Task Executor #0] mapred.Task (Task.java:initialize(587)) -  Using ResourceCalculatorProcessTree : [ ]
2017-10-17 01:15:22,317 INFO  [LocalJobRunner Map Task Executor #0] mapred.MapTask (MapTask.java:runNewMapper(753)) - Processing split: file:/home/vparekh/project2/intermediate/f1/part-r-00000:0+627
2017-10-17 01:15:22,444 INFO  [LocalJobRunner Map Task Executor #0] mapred.MapTask (MapTask.java:setEquator(1202)) - (EQUATOR) 0 kvi 26214396(104857584)
2017-10-17 01:15:22,444 INFO  [LocalJobRunner Map Task Executor #0] mapred.MapTask (MapTask.java:init(995)) - mapreduce.task.io.sort.mb: 100
2017-10-17 01:15:22,444 INFO  [LocalJobRunner Map Task Executor #0] mapred.MapTask (MapTask.java:init(996)) - soft limit at 83886080
2017-10-17 01:15:22,444 INFO  [LocalJobRunner Map Task Executor #0] mapred.MapTask (MapTask.java:init(997)) - bufstart = 0; bufvoid = 104857600
2017-10-17 01:15:22,444 INFO  [LocalJobRunner Map Task Executor #0] mapred.MapTask (MapTask.java:init(998)) - kvstart = 26214396; length = 6553600
2017-10-17 01:15:22,455 INFO  [LocalJobRunner Map Task Executor #0] mapred.MapTask (MapTask.java:createSortingCollector(402)) - Map output collector class = org.apache.hadoop.mapred.MapTask$MapOutputBuffer
2017-10-17 01:15:22,458 INFO  [LocalJobRunner Map Task Executor #0] mapred.LocalJobRunner (LocalJobRunner.java:statusUpdate(591)) - 
2017-10-17 01:15:22,462 INFO  [LocalJobRunner Map Task Executor #0] mapred.MapTask (MapTask.java:flush(1457)) - Starting flush of map output
2017-10-17 01:15:22,462 INFO  [LocalJobRunner Map Task Executor #0] mapred.MapTask (MapTask.java:flush(1475)) - Spilling map output
2017-10-17 01:15:22,462 INFO  [LocalJobRunner Map Task Executor #0] mapred.MapTask (MapTask.java:flush(1476)) - bufstart = 0; bufend = 1040; bufvoid = 104857600
2017-10-17 01:15:22,462 INFO  [LocalJobRunner Map Task Executor #0] mapred.MapTask (MapTask.java:flush(1478)) - kvstart = 26214396(104857584); kvend = 26214288(104857152); length = 109/6553600
2017-10-17 01:15:22,463 INFO  [LocalJobRunner Map Task Executor #0] mapred.MapTask (MapTask.java:sortAndSpill(1660)) - Finished spill 0
2017-10-17 01:15:22,466 INFO  [LocalJobRunner Map Task Executor #0] mapred.Task (Task.java:done(1001)) - Task:attempt_local275952090_0003_m_000000_0 is done. And is in the process of committing
2017-10-17 01:15:22,467 INFO  [LocalJobRunner Map Task Executor #0] mapred.LocalJobRunner (LocalJobRunner.java:statusUpdate(591)) - map
2017-10-17 01:15:22,467 INFO  [LocalJobRunner Map Task Executor #0] mapred.Task (Task.java:sendDone(1121)) - Task 'attempt_local275952090_0003_m_000000_0' done.
2017-10-17 01:15:22,467 INFO  [LocalJobRunner Map Task Executor #0] mapred.LocalJobRunner (LocalJobRunner.java:run(249)) - Finishing task: attempt_local275952090_0003_m_000000_0
2017-10-17 01:15:22,468 INFO  [Thread-59] mapred.LocalJobRunner (LocalJobRunner.java:runTasks(456)) - map task executor complete.
2017-10-17 01:15:22,479 INFO  [Thread-59] mapred.LocalJobRunner (LocalJobRunner.java:runTasks(448)) - Waiting for reduce tasks
2017-10-17 01:15:22,485 INFO  [pool-9-thread-1] mapred.LocalJobRunner (LocalJobRunner.java:run(302)) - Starting task: attempt_local275952090_0003_r_000000_0
2017-10-17 01:15:22,497 INFO  [pool-9-thread-1] mapred.Task (Task.java:initialize(587)) -  Using ResourceCalculatorProcessTree : [ ]
2017-10-17 01:15:22,497 INFO  [pool-9-thread-1] mapred.ReduceTask (ReduceTask.java:run(362)) - Using ShuffleConsumerPlugin: org.apache.hadoop.mapreduce.task.reduce.Shuffle@162576dc
2017-10-17 01:15:22,498 INFO  [pool-9-thread-1] reduce.MergeManagerImpl (MergeManagerImpl.java:<init>(196)) - MergerManager: memoryLimit=703542080, maxSingleShuffleLimit=175885520, mergeThreshold=464337792, ioSortFactor=10, memToMemMergeOutputsThreshold=10
2017-10-17 01:15:22,521 INFO  [EventFetcher for fetching Map Completion Events] reduce.EventFetcher (EventFetcher.java:run(61)) - attempt_local275952090_0003_r_000000_0 Thread started: EventFetcher for fetching Map Completion Events
2017-10-17 01:15:22,522 INFO  [localfetcher#3] reduce.LocalFetcher (LocalFetcher.java:copyMapOutput(141)) - localfetcher#3 about to shuffle output of map attempt_local275952090_0003_m_000000_0 decomp: 1098 len: 1102 to MEMORY
2017-10-17 01:15:22,522 INFO  [localfetcher#3] reduce.InMemoryMapOutput (InMemoryMapOutput.java:shuffle(100)) - Read 1098 bytes from map-output for attempt_local275952090_0003_m_000000_0
2017-10-17 01:15:22,522 INFO  [localfetcher#3] reduce.MergeManagerImpl (MergeManagerImpl.java:closeInMemoryFile(314)) - closeInMemoryFile -> map-output of size: 1098, inMemoryMapOutputs.size() -> 1, commitMemory -> 0, usedMemory ->1098
2017-10-17 01:15:22,528 INFO  [EventFetcher for fetching Map Completion Events] reduce.EventFetcher (EventFetcher.java:run(76)) - EventFetcher is interrupted.. Returning
2017-10-17 01:15:22,529 INFO  [pool-9-thread-1] mapred.LocalJobRunner (LocalJobRunner.java:statusUpdate(591)) - 1 / 1 copied.
2017-10-17 01:15:22,529 INFO  [pool-9-thread-1] reduce.MergeManagerImpl (MergeManagerImpl.java:finalMerge(674)) - finalMerge called with 1 in-memory map-outputs and 0 on-disk map-outputs
2017-10-17 01:15:22,530 INFO  [pool-9-thread-1] mapred.Merger (Merger.java:merge(597)) - Merging 1 sorted segments
2017-10-17 01:15:22,530 INFO  [pool-9-thread-1] mapred.Merger (Merger.java:merge(696)) - Down to the last merge-pass, with 1 segments left of total size: 1088 bytes
2017-10-17 01:15:22,532 INFO  [pool-9-thread-1] reduce.MergeManagerImpl (MergeManagerImpl.java:finalMerge(751)) - Merged 1 segments, 1098 bytes to disk to satisfy reduce memory limit
2017-10-17 01:15:22,533 INFO  [pool-9-thread-1] reduce.MergeManagerImpl (MergeManagerImpl.java:finalMerge(781)) - Merging 1 files, 1102 bytes from disk
2017-10-17 01:15:22,533 INFO  [pool-9-thread-1] reduce.MergeManagerImpl (MergeManagerImpl.java:finalMerge(796)) - Merging 0 segments, 0 bytes from memory into reduce
2017-10-17 01:15:22,533 INFO  [pool-9-thread-1] mapred.Merger (Merger.java:merge(597)) - Merging 1 sorted segments
2017-10-17 01:15:22,533 INFO  [pool-9-thread-1] mapred.Merger (Merger.java:merge(696)) - Down to the last merge-pass, with 1 segments left of total size: 1088 bytes
2017-10-17 01:15:22,533 INFO  [pool-9-thread-1] mapred.LocalJobRunner (LocalJobRunner.java:statusUpdate(591)) - 1 / 1 copied.
2017-10-17 01:15:22,557 INFO  [pool-9-thread-1] mapred.Task (Task.java:done(1001)) - Task:attempt_local275952090_0003_r_000000_0 is done. And is in the process of committing
2017-10-17 01:15:22,558 INFO  [pool-9-thread-1] mapred.LocalJobRunner (LocalJobRunner.java:statusUpdate(591)) - 1 / 1 copied.
2017-10-17 01:15:22,558 INFO  [pool-9-thread-1] mapred.Task (Task.java:commit(1162)) - Task attempt_local275952090_0003_r_000000_0 is allowed to commit now
2017-10-17 01:15:22,562 INFO  [pool-9-thread-1] output.FileOutputCommitter (FileOutputCommitter.java:commitTask(439)) - Saved output of task 'attempt_local275952090_0003_r_000000_0' to file:/home/vparekh/project2/intermediate/f2/_temporary/0/task_local275952090_0003_r_000000
2017-10-17 01:15:22,562 INFO  [pool-9-thread-1] mapred.LocalJobRunner (LocalJobRunner.java:statusUpdate(591)) - reduce > reduce
2017-10-17 01:15:22,563 INFO  [pool-9-thread-1] mapred.Task (Task.java:sendDone(1121)) - Task 'attempt_local275952090_0003_r_000000_0' done.
2017-10-17 01:15:22,563 INFO  [pool-9-thread-1] mapred.LocalJobRunner (LocalJobRunner.java:run(325)) - Finishing task: attempt_local275952090_0003_r_000000_0
2017-10-17 01:15:22,563 INFO  [Thread-59] mapred.LocalJobRunner (LocalJobRunner.java:runTasks(456)) - reduce task executor complete.
2017-10-17 01:15:23,276 INFO  [main] mapreduce.Job (Job.java:monitorAndPrintJob(1366)) - Job job_local275952090_0003 running in uber mode : false
2017-10-17 01:15:23,276 INFO  [main] mapreduce.Job (Job.java:monitorAndPrintJob(1373)) -  map 100% reduce 100%
2017-10-17 01:15:23,277 INFO  [main] mapreduce.Job (Job.java:monitorAndPrintJob(1384)) - Job job_local275952090_0003 completed successfully
2017-10-17 01:15:23,280 INFO  [main] mapreduce.Job (Job.java:monitorAndPrintJob(1391)) - Counters: 33
	File System Counters
		FILE: Number of bytes read=61432
		FILE: Number of bytes written=1583325
		FILE: Number of read operations=0
		FILE: Number of large read operations=0
		FILE: Number of write operations=0
	Map-Reduce Framework
		Map input records=10
		Map output records=28
		Map output bytes=1040
		Map output materialized bytes=1102
		Input split bytes=121
		Combine input records=0
		Combine output records=0
		Reduce input groups=10
		Reduce shuffle bytes=1102
		Reduce input records=28
		Reduce output records=10
		Spilled Records=56
		Shuffled Maps =1
		Failed Shuffles=0
		Merged Map outputs=1
		GC time elapsed (ms)=94
		CPU time spent (ms)=0
		Physical memory (bytes) snapshot=0
		Virtual memory (bytes) snapshot=0
		Total committed heap usage (bytes)=2010120192
	Shuffle Errors
		BAD_ID=0
		CONNECTION=0
		IO_ERROR=0
		WRONG_LENGTH=0
		WRONG_MAP=0
		WRONG_REDUCE=0
	File Input Format Counters 
		Bytes Read=643
	File Output Format Counters 
		Bytes Written=643
2017-10-17 01:15:23,300 INFO  [main] jvm.JvmMetrics (JvmMetrics.java:init(71)) - Cannot initialize JVM Metrics with processName=JobTracker, sessionId= - already initialized
2017-10-17 01:15:23,312 WARN  [main] mapreduce.JobSubmitter (JobSubmitter.java:copyAndConfigureFiles(153)) - Hadoop command-line option parsing not performed. Implement the Tool interface and execute your application with ToolRunner to remedy this.
2017-10-17 01:15:23,341 INFO  [main] input.FileInputFormat (FileInputFormat.java:listStatus(281)) - Total input paths to process : 1
2017-10-17 01:15:23,354 INFO  [main] mapreduce.JobSubmitter (JobSubmitter.java:submitJobInternal(494)) - number of splits:1
2017-10-17 01:15:23,364 INFO  [main] mapreduce.JobSubmitter (JobSubmitter.java:printTokens(583)) - Submitting tokens for job: job_local1563380012_0004
2017-10-17 01:15:23,514 INFO  [main] mapreduce.Job (Job.java:submit(1300)) - The url to track the job: http://localhost:8080/
2017-10-17 01:15:23,515 INFO  [main] mapreduce.Job (Job.java:monitorAndPrintJob(1345)) - Running job: job_local1563380012_0004
2017-10-17 01:15:23,515 INFO  [Thread-81] mapred.LocalJobRunner (LocalJobRunner.java:createOutputCommitter(471)) - OutputCommitter set in config null
2017-10-17 01:15:23,515 INFO  [Thread-81] mapred.LocalJobRunner (LocalJobRunner.java:createOutputCommitter(489)) - OutputCommitter is org.apache.hadoop.mapreduce.lib.output.FileOutputCommitter
2017-10-17 01:15:23,523 INFO  [Thread-81] mapred.LocalJobRunner (LocalJobRunner.java:runTasks(448)) - Waiting for map tasks
2017-10-17 01:15:23,523 INFO  [LocalJobRunner Map Task Executor #0] mapred.LocalJobRunner (LocalJobRunner.java:run(224)) - Starting task: attempt_local1563380012_0004_m_000000_0
2017-10-17 01:15:23,527 INFO  [LocalJobRunner Map Task Executor #0] mapred.Task (Task.java:initialize(587)) -  Using ResourceCalculatorProcessTree : [ ]
2017-10-17 01:15:23,527 INFO  [LocalJobRunner Map Task Executor #0] mapred.MapTask (MapTask.java:runNewMapper(753)) - Processing split: file:/home/vparekh/project2/intermediate/f2/part-r-00000:0+627
2017-10-17 01:15:23,647 INFO  [LocalJobRunner Map Task Executor #0] mapred.MapTask (MapTask.java:setEquator(1202)) - (EQUATOR) 0 kvi 26214396(104857584)
2017-10-17 01:15:23,647 INFO  [LocalJobRunner Map Task Executor #0] mapred.MapTask (MapTask.java:init(995)) - mapreduce.task.io.sort.mb: 100
2017-10-17 01:15:23,647 INFO  [LocalJobRunner Map Task Executor #0] mapred.MapTask (MapTask.java:init(996)) - soft limit at 83886080
2017-10-17 01:15:23,647 INFO  [LocalJobRunner Map Task Executor #0] mapred.MapTask (MapTask.java:init(997)) - bufstart = 0; bufvoid = 104857600
2017-10-17 01:15:23,647 INFO  [LocalJobRunner Map Task Executor #0] mapred.MapTask (MapTask.java:init(998)) - kvstart = 26214396; length = 6553600
2017-10-17 01:15:23,649 INFO  [LocalJobRunner Map Task Executor #0] mapred.MapTask (MapTask.java:createSortingCollector(402)) - Map output collector class = org.apache.hadoop.mapred.MapTask$MapOutputBuffer
2017-10-17 01:15:23,654 INFO  [LocalJobRunner Map Task Executor #0] mapred.LocalJobRunner (LocalJobRunner.java:statusUpdate(591)) - 
2017-10-17 01:15:23,658 INFO  [LocalJobRunner Map Task Executor #0] mapred.MapTask (MapTask.java:flush(1457)) - Starting flush of map output
2017-10-17 01:15:23,658 INFO  [LocalJobRunner Map Task Executor #0] mapred.MapTask (MapTask.java:flush(1475)) - Spilling map output
2017-10-17 01:15:23,658 INFO  [LocalJobRunner Map Task Executor #0] mapred.MapTask (MapTask.java:flush(1476)) - bufstart = 0; bufend = 1040; bufvoid = 104857600
2017-10-17 01:15:23,658 INFO  [LocalJobRunner Map Task Executor #0] mapred.MapTask (MapTask.java:flush(1478)) - kvstart = 26214396(104857584); kvend = 26214288(104857152); length = 109/6553600
2017-10-17 01:15:23,659 INFO  [LocalJobRunner Map Task Executor #0] mapred.MapTask (MapTask.java:sortAndSpill(1660)) - Finished spill 0
2017-10-17 01:15:23,661 INFO  [LocalJobRunner Map Task Executor #0] mapred.Task (Task.java:done(1001)) - Task:attempt_local1563380012_0004_m_000000_0 is done. And is in the process of committing
2017-10-17 01:15:23,665 INFO  [LocalJobRunner Map Task Executor #0] mapred.LocalJobRunner (LocalJobRunner.java:statusUpdate(591)) - map
2017-10-17 01:15:23,665 INFO  [LocalJobRunner Map Task Executor #0] mapred.Task (Task.java:sendDone(1121)) - Task 'attempt_local1563380012_0004_m_000000_0' done.
2017-10-17 01:15:23,665 INFO  [LocalJobRunner Map Task Executor #0] mapred.LocalJobRunner (LocalJobRunner.java:run(249)) - Finishing task: attempt_local1563380012_0004_m_000000_0
2017-10-17 01:15:23,665 INFO  [Thread-81] mapred.LocalJobRunner (LocalJobRunner.java:runTasks(456)) - map task executor complete.
2017-10-17 01:15:23,669 INFO  [Thread-81] mapred.LocalJobRunner (LocalJobRunner.java:runTasks(448)) - Waiting for reduce tasks
2017-10-17 01:15:23,675 INFO  [pool-12-thread-1] mapred.LocalJobRunner (LocalJobRunner.java:run(302)) - Starting task: attempt_local1563380012_0004_r_000000_0
2017-10-17 01:15:23,679 INFO  [pool-12-thread-1] mapred.Task (Task.java:initialize(587)) -  Using ResourceCalculatorProcessTree : [ ]
2017-10-17 01:15:23,679 INFO  [pool-12-thread-1] mapred.ReduceTask (ReduceTask.java:run(362)) - Using ShuffleConsumerPlugin: org.apache.hadoop.mapreduce.task.reduce.Shuffle@3f96814f
2017-10-17 01:15:23,681 INFO  [pool-12-thread-1] reduce.MergeManagerImpl (MergeManagerImpl.java:<init>(196)) - MergerManager: memoryLimit=703542080, maxSingleShuffleLimit=175885520, mergeThreshold=464337792, ioSortFactor=10, memToMemMergeOutputsThreshold=10
2017-10-17 01:15:23,682 INFO  [EventFetcher for fetching Map Completion Events] reduce.EventFetcher (EventFetcher.java:run(61)) - attempt_local1563380012_0004_r_000000_0 Thread started: EventFetcher for fetching Map Completion Events
2017-10-17 01:15:23,689 INFO  [localfetcher#4] reduce.LocalFetcher (LocalFetcher.java:copyMapOutput(141)) - localfetcher#4 about to shuffle output of map attempt_local1563380012_0004_m_000000_0 decomp: 1098 len: 1102 to MEMORY
2017-10-17 01:15:23,689 INFO  [localfetcher#4] reduce.InMemoryMapOutput (InMemoryMapOutput.java:shuffle(100)) - Read 1098 bytes from map-output for attempt_local1563380012_0004_m_000000_0
2017-10-17 01:15:23,689 INFO  [localfetcher#4] reduce.MergeManagerImpl (MergeManagerImpl.java:closeInMemoryFile(314)) - closeInMemoryFile -> map-output of size: 1098, inMemoryMapOutputs.size() -> 1, commitMemory -> 0, usedMemory ->1098
2017-10-17 01:15:23,690 INFO  [EventFetcher for fetching Map Completion Events] reduce.EventFetcher (EventFetcher.java:run(76)) - EventFetcher is interrupted.. Returning
2017-10-17 01:15:23,690 INFO  [pool-12-thread-1] mapred.LocalJobRunner (LocalJobRunner.java:statusUpdate(591)) - 1 / 1 copied.
2017-10-17 01:15:23,690 INFO  [pool-12-thread-1] reduce.MergeManagerImpl (MergeManagerImpl.java:finalMerge(674)) - finalMerge called with 1 in-memory map-outputs and 0 on-disk map-outputs
2017-10-17 01:15:23,691 INFO  [pool-12-thread-1] mapred.Merger (Merger.java:merge(597)) - Merging 1 sorted segments
2017-10-17 01:15:23,691 INFO  [pool-12-thread-1] mapred.Merger (Merger.java:merge(696)) - Down to the last merge-pass, with 1 segments left of total size: 1088 bytes
2017-10-17 01:15:23,691 INFO  [pool-12-thread-1] reduce.MergeManagerImpl (MergeManagerImpl.java:finalMerge(751)) - Merged 1 segments, 1098 bytes to disk to satisfy reduce memory limit
2017-10-17 01:15:23,691 INFO  [pool-12-thread-1] reduce.MergeManagerImpl (MergeManagerImpl.java:finalMerge(781)) - Merging 1 files, 1102 bytes from disk
2017-10-17 01:15:23,691 INFO  [pool-12-thread-1] reduce.MergeManagerImpl (MergeManagerImpl.java:finalMerge(796)) - Merging 0 segments, 0 bytes from memory into reduce
2017-10-17 01:15:23,692 INFO  [pool-12-thread-1] mapred.Merger (Merger.java:merge(597)) - Merging 1 sorted segments
2017-10-17 01:15:23,692 INFO  [pool-12-thread-1] mapred.Merger (Merger.java:merge(696)) - Down to the last merge-pass, with 1 segments left of total size: 1088 bytes
2017-10-17 01:15:23,693 INFO  [pool-12-thread-1] mapred.LocalJobRunner (LocalJobRunner.java:statusUpdate(591)) - 1 / 1 copied.
2017-10-17 01:15:23,705 INFO  [pool-12-thread-1] mapred.Task (Task.java:done(1001)) - Task:attempt_local1563380012_0004_r_000000_0 is done. And is in the process of committing
2017-10-17 01:15:23,706 INFO  [pool-12-thread-1] mapred.LocalJobRunner (LocalJobRunner.java:statusUpdate(591)) - 1 / 1 copied.
2017-10-17 01:15:23,706 INFO  [pool-12-thread-1] mapred.Task (Task.java:commit(1162)) - Task attempt_local1563380012_0004_r_000000_0 is allowed to commit now
2017-10-17 01:15:23,707 INFO  [pool-12-thread-1] output.FileOutputCommitter (FileOutputCommitter.java:commitTask(439)) - Saved output of task 'attempt_local1563380012_0004_r_000000_0' to file:/home/vparekh/project2/intermediate/f3/_temporary/0/task_local1563380012_0004_r_000000
2017-10-17 01:15:23,708 INFO  [pool-12-thread-1] mapred.LocalJobRunner (LocalJobRunner.java:statusUpdate(591)) - reduce > reduce
2017-10-17 01:15:23,708 INFO  [pool-12-thread-1] mapred.Task (Task.java:sendDone(1121)) - Task 'attempt_local1563380012_0004_r_000000_0' done.
2017-10-17 01:15:23,708 INFO  [pool-12-thread-1] mapred.LocalJobRunner (LocalJobRunner.java:run(325)) - Finishing task: attempt_local1563380012_0004_r_000000_0
2017-10-17 01:15:23,708 INFO  [Thread-81] mapred.LocalJobRunner (LocalJobRunner.java:runTasks(456)) - reduce task executor complete.
2017-10-17 01:15:24,515 INFO  [main] mapreduce.Job (Job.java:monitorAndPrintJob(1366)) - Job job_local1563380012_0004 running in uber mode : false
2017-10-17 01:15:24,515 INFO  [main] mapreduce.Job (Job.java:monitorAndPrintJob(1373)) -  map 100% reduce 100%
2017-10-17 01:15:24,515 INFO  [main] mapreduce.Job (Job.java:monitorAndPrintJob(1384)) - Job job_local1563380012_0004 completed successfully
2017-10-17 01:15:24,521 INFO  [main] mapreduce.Job (Job.java:monitorAndPrintJob(1391)) - Counters: 33
	File System Counters
		FILE: Number of bytes read=83872
		FILE: Number of bytes written=2115433
		FILE: Number of read operations=0
		FILE: Number of large read operations=0
		FILE: Number of write operations=0
	Map-Reduce Framework
		Map input records=10
		Map output records=28
		Map output bytes=1040
		Map output materialized bytes=1102
		Input split bytes=121
		Combine input records=0
		Combine output records=0
		Reduce input groups=10
		Reduce shuffle bytes=1102
		Reduce input records=28
		Reduce output records=10
		Spilled Records=56
		Shuffled Maps =1
		Failed Shuffles=0
		Merged Map outputs=1
		GC time elapsed (ms)=101
		CPU time spent (ms)=0
		Physical memory (bytes) snapshot=0
		Virtual memory (bytes) snapshot=0
		Total committed heap usage (bytes)=2010120192
	Shuffle Errors
		BAD_ID=0
		CONNECTION=0
		IO_ERROR=0
		WRONG_LENGTH=0
		WRONG_MAP=0
		WRONG_REDUCE=0
	File Input Format Counters 
		Bytes Read=643
	File Output Format Counters 
		Bytes Written=643
2017-10-17 01:15:24,544 INFO  [main] jvm.JvmMetrics (JvmMetrics.java:init(71)) - Cannot initialize JVM Metrics with processName=JobTracker, sessionId= - already initialized
2017-10-17 01:15:24,549 WARN  [main] mapreduce.JobSubmitter (JobSubmitter.java:copyAndConfigureFiles(153)) - Hadoop command-line option parsing not performed. Implement the Tool interface and execute your application with ToolRunner to remedy this.
2017-10-17 01:15:24,575 INFO  [main] input.FileInputFormat (FileInputFormat.java:listStatus(281)) - Total input paths to process : 1
2017-10-17 01:15:24,597 INFO  [main] mapreduce.JobSubmitter (JobSubmitter.java:submitJobInternal(494)) - number of splits:1
2017-10-17 01:15:24,606 INFO  [main] mapreduce.JobSubmitter (JobSubmitter.java:printTokens(583)) - Submitting tokens for job: job_local1787561947_0005
2017-10-17 01:15:24,750 INFO  [main] mapreduce.Job (Job.java:submit(1300)) - The url to track the job: http://localhost:8080/
2017-10-17 01:15:24,750 INFO  [main] mapreduce.Job (Job.java:monitorAndPrintJob(1345)) - Running job: job_local1787561947_0005
2017-10-17 01:15:24,750 INFO  [Thread-103] mapred.LocalJobRunner (LocalJobRunner.java:createOutputCommitter(471)) - OutputCommitter set in config null
2017-10-17 01:15:24,751 INFO  [Thread-103] mapred.LocalJobRunner (LocalJobRunner.java:createOutputCommitter(489)) - OutputCommitter is org.apache.hadoop.mapreduce.lib.output.FileOutputCommitter
2017-10-17 01:15:24,755 INFO  [Thread-103] mapred.LocalJobRunner (LocalJobRunner.java:runTasks(448)) - Waiting for map tasks
2017-10-17 01:15:24,756 INFO  [LocalJobRunner Map Task Executor #0] mapred.LocalJobRunner (LocalJobRunner.java:run(224)) - Starting task: attempt_local1787561947_0005_m_000000_0
2017-10-17 01:15:24,757 INFO  [LocalJobRunner Map Task Executor #0] mapred.Task (Task.java:initialize(587)) -  Using ResourceCalculatorProcessTree : [ ]
2017-10-17 01:15:24,758 INFO  [LocalJobRunner Map Task Executor #0] mapred.MapTask (MapTask.java:runNewMapper(753)) - Processing split: file:/home/vparekh/project2/intermediate/f3/part-r-00000:0+627
2017-10-17 01:15:24,904 INFO  [LocalJobRunner Map Task Executor #0] mapred.MapTask (MapTask.java:setEquator(1202)) - (EQUATOR) 0 kvi 26214396(104857584)
2017-10-17 01:15:24,904 INFO  [LocalJobRunner Map Task Executor #0] mapred.MapTask (MapTask.java:init(995)) - mapreduce.task.io.sort.mb: 100
2017-10-17 01:15:24,904 INFO  [LocalJobRunner Map Task Executor #0] mapred.MapTask (MapTask.java:init(996)) - soft limit at 83886080
2017-10-17 01:15:24,904 INFO  [LocalJobRunner Map Task Executor #0] mapred.MapTask (MapTask.java:init(997)) - bufstart = 0; bufvoid = 104857600
2017-10-17 01:15:24,904 INFO  [LocalJobRunner Map Task Executor #0] mapred.MapTask (MapTask.java:init(998)) - kvstart = 26214396; length = 6553600
2017-10-17 01:15:24,912 INFO  [LocalJobRunner Map Task Executor #0] mapred.MapTask (MapTask.java:createSortingCollector(402)) - Map output collector class = org.apache.hadoop.mapred.MapTask$MapOutputBuffer
2017-10-17 01:15:24,915 INFO  [LocalJobRunner Map Task Executor #0] mapred.LocalJobRunner (LocalJobRunner.java:statusUpdate(591)) - 
2017-10-17 01:15:24,915 INFO  [LocalJobRunner Map Task Executor #0] mapred.MapTask (MapTask.java:flush(1457)) - Starting flush of map output
2017-10-17 01:15:24,915 INFO  [LocalJobRunner Map Task Executor #0] mapred.MapTask (MapTask.java:flush(1475)) - Spilling map output
2017-10-17 01:15:24,915 INFO  [LocalJobRunner Map Task Executor #0] mapred.MapTask (MapTask.java:flush(1476)) - bufstart = 0; bufend = 1040; bufvoid = 104857600
2017-10-17 01:15:24,915 INFO  [LocalJobRunner Map Task Executor #0] mapred.MapTask (MapTask.java:flush(1478)) - kvstart = 26214396(104857584); kvend = 26214288(104857152); length = 109/6553600
2017-10-17 01:15:24,916 INFO  [LocalJobRunner Map Task Executor #0] mapred.MapTask (MapTask.java:sortAndSpill(1660)) - Finished spill 0
2017-10-17 01:15:24,919 INFO  [LocalJobRunner Map Task Executor #0] mapred.Task (Task.java:done(1001)) - Task:attempt_local1787561947_0005_m_000000_0 is done. And is in the process of committing
2017-10-17 01:15:24,921 INFO  [LocalJobRunner Map Task Executor #0] mapred.LocalJobRunner (LocalJobRunner.java:statusUpdate(591)) - map
2017-10-17 01:15:24,921 INFO  [LocalJobRunner Map Task Executor #0] mapred.Task (Task.java:sendDone(1121)) - Task 'attempt_local1787561947_0005_m_000000_0' done.
2017-10-17 01:15:24,922 INFO  [LocalJobRunner Map Task Executor #0] mapred.LocalJobRunner (LocalJobRunner.java:run(249)) - Finishing task: attempt_local1787561947_0005_m_000000_0
2017-10-17 01:15:24,923 INFO  [Thread-103] mapred.LocalJobRunner (LocalJobRunner.java:runTasks(456)) - map task executor complete.
2017-10-17 01:15:24,923 INFO  [Thread-103] mapred.LocalJobRunner (LocalJobRunner.java:runTasks(448)) - Waiting for reduce tasks
2017-10-17 01:15:24,930 INFO  [pool-15-thread-1] mapred.LocalJobRunner (LocalJobRunner.java:run(302)) - Starting task: attempt_local1787561947_0005_r_000000_0
2017-10-17 01:15:24,932 INFO  [pool-15-thread-1] mapred.Task (Task.java:initialize(587)) -  Using ResourceCalculatorProcessTree : [ ]
2017-10-17 01:15:24,933 INFO  [pool-15-thread-1] mapred.ReduceTask (ReduceTask.java:run(362)) - Using ShuffleConsumerPlugin: org.apache.hadoop.mapreduce.task.reduce.Shuffle@5e652969
2017-10-17 01:15:24,933 INFO  [pool-15-thread-1] reduce.MergeManagerImpl (MergeManagerImpl.java:<init>(196)) - MergerManager: memoryLimit=677117952, maxSingleShuffleLimit=169279488, mergeThreshold=446897856, ioSortFactor=10, memToMemMergeOutputsThreshold=10
2017-10-17 01:15:24,934 INFO  [EventFetcher for fetching Map Completion Events] reduce.EventFetcher (EventFetcher.java:run(61)) - attempt_local1787561947_0005_r_000000_0 Thread started: EventFetcher for fetching Map Completion Events
2017-10-17 01:15:24,934 INFO  [localfetcher#5] reduce.LocalFetcher (LocalFetcher.java:copyMapOutput(141)) - localfetcher#5 about to shuffle output of map attempt_local1787561947_0005_m_000000_0 decomp: 1098 len: 1102 to MEMORY
2017-10-17 01:15:24,935 INFO  [localfetcher#5] reduce.InMemoryMapOutput (InMemoryMapOutput.java:shuffle(100)) - Read 1098 bytes from map-output for attempt_local1787561947_0005_m_000000_0
2017-10-17 01:15:24,935 INFO  [localfetcher#5] reduce.MergeManagerImpl (MergeManagerImpl.java:closeInMemoryFile(314)) - closeInMemoryFile -> map-output of size: 1098, inMemoryMapOutputs.size() -> 1, commitMemory -> 0, usedMemory ->1098
2017-10-17 01:15:24,936 INFO  [EventFetcher for fetching Map Completion Events] reduce.EventFetcher (EventFetcher.java:run(76)) - EventFetcher is interrupted.. Returning
2017-10-17 01:15:24,936 INFO  [pool-15-thread-1] mapred.LocalJobRunner (LocalJobRunner.java:statusUpdate(591)) - 1 / 1 copied.
2017-10-17 01:15:24,936 INFO  [pool-15-thread-1] reduce.MergeManagerImpl (MergeManagerImpl.java:finalMerge(674)) - finalMerge called with 1 in-memory map-outputs and 0 on-disk map-outputs
2017-10-17 01:15:24,937 INFO  [pool-15-thread-1] mapred.Merger (Merger.java:merge(597)) - Merging 1 sorted segments
2017-10-17 01:15:24,937 INFO  [pool-15-thread-1] mapred.Merger (Merger.java:merge(696)) - Down to the last merge-pass, with 1 segments left of total size: 1088 bytes
2017-10-17 01:15:24,941 INFO  [pool-15-thread-1] reduce.MergeManagerImpl (MergeManagerImpl.java:finalMerge(751)) - Merged 1 segments, 1098 bytes to disk to satisfy reduce memory limit
2017-10-17 01:15:24,941 INFO  [pool-15-thread-1] reduce.MergeManagerImpl (MergeManagerImpl.java:finalMerge(781)) - Merging 1 files, 1102 bytes from disk
2017-10-17 01:15:24,941 INFO  [pool-15-thread-1] reduce.MergeManagerImpl (MergeManagerImpl.java:finalMerge(796)) - Merging 0 segments, 0 bytes from memory into reduce
2017-10-17 01:15:24,941 INFO  [pool-15-thread-1] mapred.Merger (Merger.java:merge(597)) - Merging 1 sorted segments
2017-10-17 01:15:24,941 INFO  [pool-15-thread-1] mapred.Merger (Merger.java:merge(696)) - Down to the last merge-pass, with 1 segments left of total size: 1088 bytes
2017-10-17 01:15:24,941 INFO  [pool-15-thread-1] mapred.LocalJobRunner (LocalJobRunner.java:statusUpdate(591)) - 1 / 1 copied.
2017-10-17 01:15:24,952 INFO  [pool-15-thread-1] mapred.Task (Task.java:done(1001)) - Task:attempt_local1787561947_0005_r_000000_0 is done. And is in the process of committing
2017-10-17 01:15:24,953 INFO  [pool-15-thread-1] mapred.LocalJobRunner (LocalJobRunner.java:statusUpdate(591)) - 1 / 1 copied.
2017-10-17 01:15:24,953 INFO  [pool-15-thread-1] mapred.Task (Task.java:commit(1162)) - Task attempt_local1787561947_0005_r_000000_0 is allowed to commit now
2017-10-17 01:15:24,954 INFO  [pool-15-thread-1] output.FileOutputCommitter (FileOutputCommitter.java:commitTask(439)) - Saved output of task 'attempt_local1787561947_0005_r_000000_0' to file:/home/vparekh/project2/intermediate/f4/_temporary/0/task_local1787561947_0005_r_000000
2017-10-17 01:15:24,954 INFO  [pool-15-thread-1] mapred.LocalJobRunner (LocalJobRunner.java:statusUpdate(591)) - reduce > reduce
2017-10-17 01:15:24,954 INFO  [pool-15-thread-1] mapred.Task (Task.java:sendDone(1121)) - Task 'attempt_local1787561947_0005_r_000000_0' done.
2017-10-17 01:15:24,954 INFO  [pool-15-thread-1] mapred.LocalJobRunner (LocalJobRunner.java:run(325)) - Finishing task: attempt_local1787561947_0005_r_000000_0
2017-10-17 01:15:24,955 INFO  [Thread-103] mapred.LocalJobRunner (LocalJobRunner.java:runTasks(456)) - reduce task executor complete.
2017-10-17 01:15:25,750 INFO  [main] mapreduce.Job (Job.java:monitorAndPrintJob(1366)) - Job job_local1787561947_0005 running in uber mode : false
2017-10-17 01:15:25,750 INFO  [main] mapreduce.Job (Job.java:monitorAndPrintJob(1373)) -  map 100% reduce 100%
2017-10-17 01:15:25,751 INFO  [main] mapreduce.Job (Job.java:monitorAndPrintJob(1384)) - Job job_local1787561947_0005 completed successfully
2017-10-17 01:15:25,753 INFO  [main] mapreduce.Job (Job.java:monitorAndPrintJob(1391)) - Counters: 33
	File System Counters
		FILE: Number of bytes read=106312
		FILE: Number of bytes written=2647541
		FILE: Number of read operations=0
		FILE: Number of large read operations=0
		FILE: Number of write operations=0
	Map-Reduce Framework
		Map input records=10
		Map output records=28
		Map output bytes=1040
		Map output materialized bytes=1102
		Input split bytes=121
		Combine input records=0
		Combine output records=0
		Reduce input groups=10
		Reduce shuffle bytes=1102
		Reduce input records=28
		Reduce output records=10
		Spilled Records=56
		Shuffled Maps =1
		Failed Shuffles=0
		Merged Map outputs=1
		GC time elapsed (ms)=127
		CPU time spent (ms)=0
		Physical memory (bytes) snapshot=0
		Virtual memory (bytes) snapshot=0
		Total committed heap usage (bytes)=1934622720
	Shuffle Errors
		BAD_ID=0
		CONNECTION=0
		IO_ERROR=0
		WRONG_LENGTH=0
		WRONG_MAP=0
		WRONG_REDUCE=0
	File Input Format Counters 
		Bytes Read=643
	File Output Format Counters 
		Bytes Written=643
2017-10-17 01:15:25,774 INFO  [main] jvm.JvmMetrics (JvmMetrics.java:init(71)) - Cannot initialize JVM Metrics with processName=JobTracker, sessionId= - already initialized
2017-10-17 01:15:25,778 WARN  [main] mapreduce.JobSubmitter (JobSubmitter.java:copyAndConfigureFiles(153)) - Hadoop command-line option parsing not performed. Implement the Tool interface and execute your application with ToolRunner to remedy this.
2017-10-17 01:15:25,791 INFO  [main] input.FileInputFormat (FileInputFormat.java:listStatus(281)) - Total input paths to process : 1
2017-10-17 01:15:25,799 INFO  [main] mapreduce.JobSubmitter (JobSubmitter.java:submitJobInternal(494)) - number of splits:1
2017-10-17 01:15:25,817 INFO  [main] mapreduce.JobSubmitter (JobSubmitter.java:printTokens(583)) - Submitting tokens for job: job_local1428011845_0006
2017-10-17 01:15:25,915 INFO  [main] mapreduce.Job (Job.java:submit(1300)) - The url to track the job: http://localhost:8080/
2017-10-17 01:15:25,915 INFO  [main] mapreduce.Job (Job.java:monitorAndPrintJob(1345)) - Running job: job_local1428011845_0006
2017-10-17 01:15:25,915 INFO  [Thread-125] mapred.LocalJobRunner (LocalJobRunner.java:createOutputCommitter(471)) - OutputCommitter set in config null
2017-10-17 01:15:25,915 INFO  [Thread-125] mapred.LocalJobRunner (LocalJobRunner.java:createOutputCommitter(489)) - OutputCommitter is org.apache.hadoop.mapreduce.lib.output.FileOutputCommitter
2017-10-17 01:15:25,937 INFO  [Thread-125] mapred.LocalJobRunner (LocalJobRunner.java:runTasks(448)) - Waiting for map tasks
2017-10-17 01:15:25,938 INFO  [LocalJobRunner Map Task Executor #0] mapred.LocalJobRunner (LocalJobRunner.java:run(224)) - Starting task: attempt_local1428011845_0006_m_000000_0
2017-10-17 01:15:25,940 INFO  [LocalJobRunner Map Task Executor #0] mapred.Task (Task.java:initialize(587)) -  Using ResourceCalculatorProcessTree : [ ]
2017-10-17 01:15:25,940 INFO  [LocalJobRunner Map Task Executor #0] mapred.MapTask (MapTask.java:runNewMapper(753)) - Processing split: file:/home/vparekh/project2/intermediate/f4/part-r-00000:0+627
2017-10-17 01:15:26,049 INFO  [LocalJobRunner Map Task Executor #0] mapred.MapTask (MapTask.java:setEquator(1202)) - (EQUATOR) 0 kvi 26214396(104857584)
2017-10-17 01:15:26,050 INFO  [LocalJobRunner Map Task Executor #0] mapred.MapTask (MapTask.java:init(995)) - mapreduce.task.io.sort.mb: 100
2017-10-17 01:15:26,050 INFO  [LocalJobRunner Map Task Executor #0] mapred.MapTask (MapTask.java:init(996)) - soft limit at 83886080
2017-10-17 01:15:26,050 INFO  [LocalJobRunner Map Task Executor #0] mapred.MapTask (MapTask.java:init(997)) - bufstart = 0; bufvoid = 104857600
2017-10-17 01:15:26,050 INFO  [LocalJobRunner Map Task Executor #0] mapred.MapTask (MapTask.java:init(998)) - kvstart = 26214396; length = 6553600
2017-10-17 01:15:26,050 INFO  [LocalJobRunner Map Task Executor #0] mapred.MapTask (MapTask.java:createSortingCollector(402)) - Map output collector class = org.apache.hadoop.mapred.MapTask$MapOutputBuffer
2017-10-17 01:15:26,054 INFO  [LocalJobRunner Map Task Executor #0] mapred.LocalJobRunner (LocalJobRunner.java:statusUpdate(591)) - 
2017-10-17 01:15:26,054 INFO  [LocalJobRunner Map Task Executor #0] mapred.MapTask (MapTask.java:flush(1457)) - Starting flush of map output
2017-10-17 01:15:26,054 INFO  [LocalJobRunner Map Task Executor #0] mapred.MapTask (MapTask.java:flush(1475)) - Spilling map output
2017-10-17 01:15:26,054 INFO  [LocalJobRunner Map Task Executor #0] mapred.MapTask (MapTask.java:flush(1476)) - bufstart = 0; bufend = 1040; bufvoid = 104857600
2017-10-17 01:15:26,054 INFO  [LocalJobRunner Map Task Executor #0] mapred.MapTask (MapTask.java:flush(1478)) - kvstart = 26214396(104857584); kvend = 26214288(104857152); length = 109/6553600
2017-10-17 01:15:26,055 INFO  [LocalJobRunner Map Task Executor #0] mapred.MapTask (MapTask.java:sortAndSpill(1660)) - Finished spill 0
2017-10-17 01:15:26,067 INFO  [LocalJobRunner Map Task Executor #0] mapred.Task (Task.java:done(1001)) - Task:attempt_local1428011845_0006_m_000000_0 is done. And is in the process of committing
2017-10-17 01:15:26,069 INFO  [LocalJobRunner Map Task Executor #0] mapred.LocalJobRunner (LocalJobRunner.java:statusUpdate(591)) - map
2017-10-17 01:15:26,070 INFO  [LocalJobRunner Map Task Executor #0] mapred.Task (Task.java:sendDone(1121)) - Task 'attempt_local1428011845_0006_m_000000_0' done.
2017-10-17 01:15:26,070 INFO  [LocalJobRunner Map Task Executor #0] mapred.LocalJobRunner (LocalJobRunner.java:run(249)) - Finishing task: attempt_local1428011845_0006_m_000000_0
2017-10-17 01:15:26,070 INFO  [Thread-125] mapred.LocalJobRunner (LocalJobRunner.java:runTasks(456)) - map task executor complete.
2017-10-17 01:15:26,071 INFO  [Thread-125] mapred.LocalJobRunner (LocalJobRunner.java:runTasks(448)) - Waiting for reduce tasks
2017-10-17 01:15:26,077 INFO  [pool-18-thread-1] mapred.LocalJobRunner (LocalJobRunner.java:run(302)) - Starting task: attempt_local1428011845_0006_r_000000_0
2017-10-17 01:15:26,079 INFO  [pool-18-thread-1] mapred.Task (Task.java:initialize(587)) -  Using ResourceCalculatorProcessTree : [ ]
2017-10-17 01:15:26,079 INFO  [pool-18-thread-1] mapred.ReduceTask (ReduceTask.java:run(362)) - Using ShuffleConsumerPlugin: org.apache.hadoop.mapreduce.task.reduce.Shuffle@4a042a56
2017-10-17 01:15:26,081 INFO  [pool-18-thread-1] reduce.MergeManagerImpl (MergeManagerImpl.java:<init>(196)) - MergerManager: memoryLimit=695468032, maxSingleShuffleLimit=173867008, mergeThreshold=459008928, ioSortFactor=10, memToMemMergeOutputsThreshold=10
2017-10-17 01:15:26,082 INFO  [EventFetcher for fetching Map Completion Events] reduce.EventFetcher (EventFetcher.java:run(61)) - attempt_local1428011845_0006_r_000000_0 Thread started: EventFetcher for fetching Map Completion Events
2017-10-17 01:15:26,084 INFO  [localfetcher#6] reduce.LocalFetcher (LocalFetcher.java:copyMapOutput(141)) - localfetcher#6 about to shuffle output of map attempt_local1428011845_0006_m_000000_0 decomp: 1098 len: 1102 to MEMORY
2017-10-17 01:15:26,085 INFO  [localfetcher#6] reduce.InMemoryMapOutput (InMemoryMapOutput.java:shuffle(100)) - Read 1098 bytes from map-output for attempt_local1428011845_0006_m_000000_0
2017-10-17 01:15:26,085 INFO  [localfetcher#6] reduce.MergeManagerImpl (MergeManagerImpl.java:closeInMemoryFile(314)) - closeInMemoryFile -> map-output of size: 1098, inMemoryMapOutputs.size() -> 1, commitMemory -> 0, usedMemory ->1098
2017-10-17 01:15:26,085 INFO  [EventFetcher for fetching Map Completion Events] reduce.EventFetcher (EventFetcher.java:run(76)) - EventFetcher is interrupted.. Returning
2017-10-17 01:15:26,085 INFO  [pool-18-thread-1] mapred.LocalJobRunner (LocalJobRunner.java:statusUpdate(591)) - 1 / 1 copied.
2017-10-17 01:15:26,086 INFO  [pool-18-thread-1] reduce.MergeManagerImpl (MergeManagerImpl.java:finalMerge(674)) - finalMerge called with 1 in-memory map-outputs and 0 on-disk map-outputs
2017-10-17 01:15:26,086 INFO  [pool-18-thread-1] mapred.Merger (Merger.java:merge(597)) - Merging 1 sorted segments
2017-10-17 01:15:26,086 INFO  [pool-18-thread-1] mapred.Merger (Merger.java:merge(696)) - Down to the last merge-pass, with 1 segments left of total size: 1088 bytes
2017-10-17 01:15:26,090 INFO  [pool-18-thread-1] reduce.MergeManagerImpl (MergeManagerImpl.java:finalMerge(751)) - Merged 1 segments, 1098 bytes to disk to satisfy reduce memory limit
2017-10-17 01:15:26,090 INFO  [pool-18-thread-1] reduce.MergeManagerImpl (MergeManagerImpl.java:finalMerge(781)) - Merging 1 files, 1102 bytes from disk
2017-10-17 01:15:26,090 INFO  [pool-18-thread-1] reduce.MergeManagerImpl (MergeManagerImpl.java:finalMerge(796)) - Merging 0 segments, 0 bytes from memory into reduce
2017-10-17 01:15:26,090 INFO  [pool-18-thread-1] mapred.Merger (Merger.java:merge(597)) - Merging 1 sorted segments
2017-10-17 01:15:26,090 INFO  [pool-18-thread-1] mapred.Merger (Merger.java:merge(696)) - Down to the last merge-pass, with 1 segments left of total size: 1088 bytes
2017-10-17 01:15:26,091 INFO  [pool-18-thread-1] mapred.LocalJobRunner (LocalJobRunner.java:statusUpdate(591)) - 1 / 1 copied.
2017-10-17 01:15:26,101 INFO  [pool-18-thread-1] mapred.Task (Task.java:done(1001)) - Task:attempt_local1428011845_0006_r_000000_0 is done. And is in the process of committing
2017-10-17 01:15:26,102 INFO  [pool-18-thread-1] mapred.LocalJobRunner (LocalJobRunner.java:statusUpdate(591)) - 1 / 1 copied.
2017-10-17 01:15:26,102 INFO  [pool-18-thread-1] mapred.Task (Task.java:commit(1162)) - Task attempt_local1428011845_0006_r_000000_0 is allowed to commit now
2017-10-17 01:15:26,104 INFO  [pool-18-thread-1] output.FileOutputCommitter (FileOutputCommitter.java:commitTask(439)) - Saved output of task 'attempt_local1428011845_0006_r_000000_0' to file:/home/vparekh/project2/intermediate/f5/_temporary/0/task_local1428011845_0006_r_000000
2017-10-17 01:15:26,104 INFO  [pool-18-thread-1] mapred.LocalJobRunner (LocalJobRunner.java:statusUpdate(591)) - reduce > reduce
2017-10-17 01:15:26,104 INFO  [pool-18-thread-1] mapred.Task (Task.java:sendDone(1121)) - Task 'attempt_local1428011845_0006_r_000000_0' done.
2017-10-17 01:15:26,104 INFO  [pool-18-thread-1] mapred.LocalJobRunner (LocalJobRunner.java:run(325)) - Finishing task: attempt_local1428011845_0006_r_000000_0
2017-10-17 01:15:26,104 INFO  [Thread-125] mapred.LocalJobRunner (LocalJobRunner.java:runTasks(456)) - reduce task executor complete.
2017-10-17 01:15:26,915 INFO  [main] mapreduce.Job (Job.java:monitorAndPrintJob(1366)) - Job job_local1428011845_0006 running in uber mode : false
2017-10-17 01:15:26,915 INFO  [main] mapreduce.Job (Job.java:monitorAndPrintJob(1373)) -  map 100% reduce 100%
2017-10-17 01:15:26,916 INFO  [main] mapreduce.Job (Job.java:monitorAndPrintJob(1384)) - Job job_local1428011845_0006 completed successfully
2017-10-17 01:15:26,927 INFO  [main] mapreduce.Job (Job.java:monitorAndPrintJob(1391)) - Counters: 33
	File System Counters
		FILE: Number of bytes read=128752
		FILE: Number of bytes written=3179649
		FILE: Number of read operations=0
		FILE: Number of large read operations=0
		FILE: Number of write operations=0
	Map-Reduce Framework
		Map input records=10
		Map output records=28
		Map output bytes=1040
		Map output materialized bytes=1102
		Input split bytes=121
		Combine input records=0
		Combine output records=0
		Reduce input groups=10
		Reduce shuffle bytes=1102
		Reduce input records=28
		Reduce output records=10
		Spilled Records=56
		Shuffled Maps =1
		Failed Shuffles=0
		Merged Map outputs=1
		GC time elapsed (ms)=89
		CPU time spent (ms)=0
		Physical memory (bytes) snapshot=0
		Virtual memory (bytes) snapshot=0
		Total committed heap usage (bytes)=1987051520
	Shuffle Errors
		BAD_ID=0
		CONNECTION=0
		IO_ERROR=0
		WRONG_LENGTH=0
		WRONG_MAP=0
		WRONG_REDUCE=0
	File Input Format Counters 
		Bytes Read=643
	File Output Format Counters 
		Bytes Written=643
2017-10-17 01:15:26,945 INFO  [main] jvm.JvmMetrics (JvmMetrics.java:init(71)) - Cannot initialize JVM Metrics with processName=JobTracker, sessionId= - already initialized
2017-10-17 01:15:26,949 WARN  [main] mapreduce.JobSubmitter (JobSubmitter.java:copyAndConfigureFiles(153)) - Hadoop command-line option parsing not performed. Implement the Tool interface and execute your application with ToolRunner to remedy this.
2017-10-17 01:15:26,961 INFO  [main] input.FileInputFormat (FileInputFormat.java:listStatus(281)) - Total input paths to process : 1
2017-10-17 01:15:26,969 INFO  [main] mapreduce.JobSubmitter (JobSubmitter.java:submitJobInternal(494)) - number of splits:1
2017-10-17 01:15:26,985 INFO  [main] mapreduce.JobSubmitter (JobSubmitter.java:printTokens(583)) - Submitting tokens for job: job_local1326902197_0007
2017-10-17 01:15:27,057 INFO  [main] mapreduce.Job (Job.java:submit(1300)) - The url to track the job: http://localhost:8080/
2017-10-17 01:15:27,058 INFO  [main] mapreduce.Job (Job.java:monitorAndPrintJob(1345)) - Running job: job_local1326902197_0007
2017-10-17 01:15:27,058 INFO  [Thread-147] mapred.LocalJobRunner (LocalJobRunner.java:createOutputCommitter(471)) - OutputCommitter set in config null
2017-10-17 01:15:27,058 INFO  [Thread-147] mapred.LocalJobRunner (LocalJobRunner.java:createOutputCommitter(489)) - OutputCommitter is org.apache.hadoop.mapreduce.lib.output.FileOutputCommitter
2017-10-17 01:15:27,072 INFO  [Thread-147] mapred.LocalJobRunner (LocalJobRunner.java:runTasks(448)) - Waiting for map tasks
2017-10-17 01:15:27,072 INFO  [LocalJobRunner Map Task Executor #0] mapred.LocalJobRunner (LocalJobRunner.java:run(224)) - Starting task: attempt_local1326902197_0007_m_000000_0
2017-10-17 01:15:27,073 INFO  [LocalJobRunner Map Task Executor #0] mapred.Task (Task.java:initialize(587)) -  Using ResourceCalculatorProcessTree : [ ]
2017-10-17 01:15:27,073 INFO  [LocalJobRunner Map Task Executor #0] mapred.MapTask (MapTask.java:runNewMapper(753)) - Processing split: file:/home/vparekh/project2/intermediate/f5/part-r-00000:0+627
2017-10-17 01:15:27,095 INFO  [LocalJobRunner Map Task Executor #0] mapred.MapTask (MapTask.java:setEquator(1202)) - (EQUATOR) 0 kvi 26214396(104857584)
2017-10-17 01:15:27,095 INFO  [LocalJobRunner Map Task Executor #0] mapred.MapTask (MapTask.java:init(995)) - mapreduce.task.io.sort.mb: 100
2017-10-17 01:15:27,095 INFO  [LocalJobRunner Map Task Executor #0] mapred.MapTask (MapTask.java:init(996)) - soft limit at 83886080
2017-10-17 01:15:27,095 INFO  [LocalJobRunner Map Task Executor #0] mapred.MapTask (MapTask.java:init(997)) - bufstart = 0; bufvoid = 104857600
2017-10-17 01:15:27,095 INFO  [LocalJobRunner Map Task Executor #0] mapred.MapTask (MapTask.java:init(998)) - kvstart = 26214396; length = 6553600
2017-10-17 01:15:27,096 INFO  [LocalJobRunner Map Task Executor #0] mapred.MapTask (MapTask.java:createSortingCollector(402)) - Map output collector class = org.apache.hadoop.mapred.MapTask$MapOutputBuffer
2017-10-17 01:15:27,100 INFO  [LocalJobRunner Map Task Executor #0] mapred.LocalJobRunner (LocalJobRunner.java:statusUpdate(591)) - 
2017-10-17 01:15:27,100 INFO  [LocalJobRunner Map Task Executor #0] mapred.MapTask (MapTask.java:flush(1457)) - Starting flush of map output
2017-10-17 01:15:27,100 INFO  [LocalJobRunner Map Task Executor #0] mapred.MapTask (MapTask.java:flush(1475)) - Spilling map output
2017-10-17 01:15:27,100 INFO  [LocalJobRunner Map Task Executor #0] mapred.MapTask (MapTask.java:flush(1476)) - bufstart = 0; bufend = 160; bufvoid = 104857600
2017-10-17 01:15:27,100 INFO  [LocalJobRunner Map Task Executor #0] mapred.MapTask (MapTask.java:flush(1478)) - kvstart = 26214396(104857584); kvend = 26214360(104857440); length = 37/6553600
2017-10-17 01:15:27,101 INFO  [LocalJobRunner Map Task Executor #0] mapred.MapTask (MapTask.java:sortAndSpill(1660)) - Finished spill 0
2017-10-17 01:15:27,106 INFO  [LocalJobRunner Map Task Executor #0] mapred.Task (Task.java:done(1001)) - Task:attempt_local1326902197_0007_m_000000_0 is done. And is in the process of committing
2017-10-17 01:15:27,106 INFO  [LocalJobRunner Map Task Executor #0] mapred.LocalJobRunner (LocalJobRunner.java:statusUpdate(591)) - map
2017-10-17 01:15:27,107 INFO  [LocalJobRunner Map Task Executor #0] mapred.Task (Task.java:sendDone(1121)) - Task 'attempt_local1326902197_0007_m_000000_0' done.
2017-10-17 01:15:27,107 INFO  [LocalJobRunner Map Task Executor #0] mapred.LocalJobRunner (LocalJobRunner.java:run(249)) - Finishing task: attempt_local1326902197_0007_m_000000_0
2017-10-17 01:15:27,107 INFO  [Thread-147] mapred.LocalJobRunner (LocalJobRunner.java:runTasks(456)) - map task executor complete.
2017-10-17 01:15:27,107 INFO  [Thread-147] mapred.LocalJobRunner (LocalJobRunner.java:runTasks(448)) - Waiting for reduce tasks
2017-10-17 01:15:27,114 INFO  [pool-21-thread-1] mapred.LocalJobRunner (LocalJobRunner.java:run(302)) - Starting task: attempt_local1326902197_0007_r_000000_0
2017-10-17 01:15:27,114 INFO  [pool-21-thread-1] mapred.Task (Task.java:initialize(587)) -  Using ResourceCalculatorProcessTree : [ ]
2017-10-17 01:15:27,115 INFO  [pool-21-thread-1] mapred.ReduceTask (ReduceTask.java:run(362)) - Using ShuffleConsumerPlugin: org.apache.hadoop.mapreduce.task.reduce.Shuffle@71cc9d72
2017-10-17 01:15:27,115 INFO  [pool-21-thread-1] reduce.MergeManagerImpl (MergeManagerImpl.java:<init>(196)) - MergerManager: memoryLimit=695468032, maxSingleShuffleLimit=173867008, mergeThreshold=459008928, ioSortFactor=10, memToMemMergeOutputsThreshold=10
2017-10-17 01:15:27,115 INFO  [EventFetcher for fetching Map Completion Events] reduce.EventFetcher (EventFetcher.java:run(61)) - attempt_local1326902197_0007_r_000000_0 Thread started: EventFetcher for fetching Map Completion Events
2017-10-17 01:15:27,116 INFO  [localfetcher#7] reduce.LocalFetcher (LocalFetcher.java:copyMapOutput(141)) - localfetcher#7 about to shuffle output of map attempt_local1326902197_0007_m_000000_0 decomp: 182 len: 186 to MEMORY
2017-10-17 01:15:27,116 INFO  [localfetcher#7] reduce.InMemoryMapOutput (InMemoryMapOutput.java:shuffle(100)) - Read 182 bytes from map-output for attempt_local1326902197_0007_m_000000_0
2017-10-17 01:15:27,117 INFO  [localfetcher#7] reduce.MergeManagerImpl (MergeManagerImpl.java:closeInMemoryFile(314)) - closeInMemoryFile -> map-output of size: 182, inMemoryMapOutputs.size() -> 1, commitMemory -> 0, usedMemory ->182
2017-10-17 01:15:27,117 INFO  [EventFetcher for fetching Map Completion Events] reduce.EventFetcher (EventFetcher.java:run(76)) - EventFetcher is interrupted.. Returning
2017-10-17 01:15:27,117 INFO  [pool-21-thread-1] mapred.LocalJobRunner (LocalJobRunner.java:statusUpdate(591)) - 1 / 1 copied.
2017-10-17 01:15:27,118 INFO  [pool-21-thread-1] reduce.MergeManagerImpl (MergeManagerImpl.java:finalMerge(674)) - finalMerge called with 1 in-memory map-outputs and 0 on-disk map-outputs
2017-10-17 01:15:27,118 INFO  [pool-21-thread-1] mapred.Merger (Merger.java:merge(597)) - Merging 1 sorted segments
2017-10-17 01:15:27,118 INFO  [pool-21-thread-1] mapred.Merger (Merger.java:merge(696)) - Down to the last merge-pass, with 1 segments left of total size: 172 bytes
2017-10-17 01:15:27,120 INFO  [pool-21-thread-1] reduce.MergeManagerImpl (MergeManagerImpl.java:finalMerge(751)) - Merged 1 segments, 182 bytes to disk to satisfy reduce memory limit
2017-10-17 01:15:27,120 INFO  [pool-21-thread-1] reduce.MergeManagerImpl (MergeManagerImpl.java:finalMerge(781)) - Merging 1 files, 186 bytes from disk
2017-10-17 01:15:27,120 INFO  [pool-21-thread-1] reduce.MergeManagerImpl (MergeManagerImpl.java:finalMerge(796)) - Merging 0 segments, 0 bytes from memory into reduce
2017-10-17 01:15:27,120 INFO  [pool-21-thread-1] mapred.Merger (Merger.java:merge(597)) - Merging 1 sorted segments
2017-10-17 01:15:27,120 INFO  [pool-21-thread-1] mapred.Merger (Merger.java:merge(696)) - Down to the last merge-pass, with 1 segments left of total size: 172 bytes
2017-10-17 01:15:27,120 INFO  [pool-21-thread-1] mapred.LocalJobRunner (LocalJobRunner.java:statusUpdate(591)) - 1 / 1 copied.
2017-10-17 01:15:27,132 INFO  [pool-21-thread-1] mapred.Task (Task.java:done(1001)) - Task:attempt_local1326902197_0007_r_000000_0 is done. And is in the process of committing
2017-10-17 01:15:27,132 INFO  [pool-21-thread-1] mapred.LocalJobRunner (LocalJobRunner.java:statusUpdate(591)) - 1 / 1 copied.
2017-10-17 01:15:27,132 INFO  [pool-21-thread-1] mapred.Task (Task.java:commit(1162)) - Task attempt_local1326902197_0007_r_000000_0 is allowed to commit now
2017-10-17 01:15:27,142 INFO  [pool-21-thread-1] output.FileOutputCommitter (FileOutputCommitter.java:commitTask(439)) - Saved output of task 'attempt_local1326902197_0007_r_000000_0' to file:/home/vparekh/project2/output/_temporary/0/task_local1326902197_0007_r_000000
2017-10-17 01:15:27,142 INFO  [pool-21-thread-1] mapred.LocalJobRunner (LocalJobRunner.java:statusUpdate(591)) - reduce > reduce
2017-10-17 01:15:27,142 INFO  [pool-21-thread-1] mapred.Task (Task.java:sendDone(1121)) - Task 'attempt_local1326902197_0007_r_000000_0' done.
2017-10-17 01:15:27,142 INFO  [pool-21-thread-1] mapred.LocalJobRunner (LocalJobRunner.java:run(325)) - Finishing task: attempt_local1326902197_0007_r_000000_0
2017-10-17 01:15:27,143 INFO  [Thread-147] mapred.LocalJobRunner (LocalJobRunner.java:runTasks(456)) - reduce task executor complete.
2017-10-17 01:15:28,058 INFO  [main] mapreduce.Job (Job.java:monitorAndPrintJob(1366)) - Job job_local1326902197_0007 running in uber mode : false
2017-10-17 01:15:28,058 INFO  [main] mapreduce.Job (Job.java:monitorAndPrintJob(1373)) -  map 100% reduce 100%
2017-10-17 01:15:28,058 INFO  [main] mapreduce.Job (Job.java:monitorAndPrintJob(1384)) - Job job_local1326902197_0007 completed successfully
2017-10-17 01:15:28,060 INFO  [main] mapreduce.Job (Job.java:monitorAndPrintJob(1391)) - Counters: 33
	File System Counters
		FILE: Number of bytes read=149360
		FILE: Number of bytes written=3708354
		FILE: Number of read operations=0
		FILE: Number of large read operations=0
		FILE: Number of write operations=0
	Map-Reduce Framework
		Map input records=10
		Map output records=10
		Map output bytes=160
		Map output materialized bytes=186
		Input split bytes=121
		Combine input records=0
		Combine output records=0
		Reduce input groups=2
		Reduce shuffle bytes=186
		Reduce input records=10
		Reduce output records=2
		Spilled Records=20
		Shuffled Maps =1
		Failed Shuffles=0
		Merged Map outputs=1
		GC time elapsed (ms)=0
		CPU time spent (ms)=0
		Physical memory (bytes) snapshot=0
		Virtual memory (bytes) snapshot=0
		Total committed heap usage (bytes)=1987051520
	Shuffle Errors
		BAD_ID=0
		CONNECTION=0
		IO_ERROR=0
		WRONG_LENGTH=0
		WRONG_MAP=0
		WRONG_REDUCE=0
	File Input Format Counters 
		Bytes Read=643
	File Output Format Counters 
		Bytes Written=20
